#
# There is insufficient memory for the Java Runtime Environment to continue.
# Native memory allocation (mmap) failed to map 204472320 bytes for committing reserved memory.
# Possible reasons:
#   The system is out of physical RAM or swap space
#   In 32 bit mode, the process size limit was hit
# Possible solutions:
#   Reduce memory load on the system
#   Increase physical memory or swap space
#   Check if swap backing store is full
#   Use 64 bit Java on a 64 bit OS
#   Decrease Java heap size (-Xmx/-Xms)
#   Decrease number of Java threads
#   Decrease Java thread stack sizes (-Xss)
#   Set larger code cache with -XX:ReservedCodeCacheSize=
# This output file may be truncated or incomplete.
#
#  Out of Memory Error (os_linux.cpp:2627), pid=9578, tid=0x00007f2c8f4f4700
#
# JRE version: OpenJDK Runtime Environment (8.0_112-b06) (build 1.8.0_112-release-b06)
# Java VM: OpenJDK 64-Bit Server VM (25.112-b06 mixed mode linux-amd64 compressed oops)
# Failed to write core dump. Core dumps have been disabled. To enable core dumping, try "ulimit -c unlimited" before starting Java again
#

---------------  T H R E A D  ---------------

Current thread (0x00007f2cb0082000):  VMThread [stack: 0x00007f2c8f3f4000,0x00007f2c8f4f5000] [id=9592]

Stack: [0x00007f2c8f3f4000,0x00007f2c8f4f5000],  sp=0x00007f2c8f4f34c0,  free space=1021k
Native frames: (J=compiled Java code, j=interpreted, Vv=VM code, C=native code)
V  [libjvm.so+0x9e465d]  VMError::report_and_die()+0x15d
V  [libjvm.so+0x4b6ada]  report_vm_out_of_memory(char const*, int, unsigned long, VMErrorType, char const*)+0x8a
V  [libjvm.so+0x84c860]  os::pd_commit_memory(char*, unsigned long, unsigned long, bool)+0xf0
V  [libjvm.so+0x84737f]  os::commit_memory(char*, unsigned long, unsigned long, bool)+0x1f
V  [libjvm.so+0x8bd3db]  PSVirtualSpace::expand_by(unsigned long)+0x5b
V  [libjvm.so+0x8be050]  PSYoungGen::resize_generation(unsigned long, unsigned long)+0xb0
V  [libjvm.so+0x8be36b]  PSYoungGen::resize(unsigned long, unsigned long)+0x1b
V  [libjvm.so+0x8baa5c]  PSScavenge::invoke_no_policy()+0xdac
V  [libjvm.so+0x8bb238]  PSScavenge::invoke()+0x38
V  [libjvm.so+0x86fcf3]  ParallelScavengeHeap::failed_mem_allocate(unsigned long)+0x63
V  [libjvm.so+0x9e6124]  VM_ParallelGCFailedAllocation::doit()+0x84
V  [libjvm.so+0x9ea537]  VM_Operation::evaluate()+0x47
V  [libjvm.so+0x9e8ff8]  VMThread::evaluate_operation(VM_Operation*)+0x2c8
V  [libjvm.so+0x9e9479]  VMThread::loop()+0x219
V  [libjvm.so+0x9e98c2]  VMThread::run()+0x72
V  [libjvm.so+0x849c82]  java_start(Thread*)+0xf2

VM_Operation (0x00007f2cb6bad370): ParallelGCFailedAllocation, mode: safepoint, requested by thread 0x00007f2cb000c800


---------------  P R O C E S S  ---------------

Java Threads: ( => current thread )
  0x00007f2cb00cd000 JavaThread "Service Thread" daemon [_thread_blocked, id=9600, stack(0x00007f2c8e912000,0x00007f2c8ea13000)]
  0x00007f2cb00ca000 JavaThread "C1 CompilerThread3" daemon [_thread_blocked, id=9599, stack(0x00007f2c8ea13000,0x00007f2c8eb14000)]
  0x00007f2cb00c8000 JavaThread "C2 CompilerThread2" daemon [_thread_blocked, id=9598, stack(0x00007f2c8eb14000,0x00007f2c8ec15000)]
  0x00007f2cb00c6800 JavaThread "C2 CompilerThread1" daemon [_thread_blocked, id=9597, stack(0x00007f2c8ec15000,0x00007f2c8ed16000)]
  0x00007f2cb00c3800 JavaThread "C2 CompilerThread0" daemon [_thread_blocked, id=9596, stack(0x00007f2c8ed16000,0x00007f2c8ee17000)]
  0x00007f2cb00c2000 JavaThread "Signal Dispatcher" daemon [_thread_blocked, id=9595, stack(0x00007f2c8ee17000,0x00007f2c8ef18000)]
  0x00007f2cb008e800 JavaThread "Finalizer" daemon [_thread_blocked, id=9594, stack(0x00007f2c8f1f2000,0x00007f2c8f2f3000)]
  0x00007f2cb0089800 JavaThread "Reference Handler" daemon [_thread_blocked, id=9593, stack(0x00007f2c8f2f3000,0x00007f2c8f3f4000)]
  0x00007f2cb000c800 JavaThread "main" [_thread_blocked, id=9583, stack(0x00007f2cb6aae000,0x00007f2cb6baf000)]

Other Threads:
=>0x00007f2cb0082000 VMThread [stack: 0x00007f2c8f3f4000,0x00007f2c8f4f5000] [id=9592]
  0x00007f2cb00cf800 WatcherThread [stack: 0x00007f2c8e811000,0x00007f2c8e912000] [id=9601]

VM state:at safepoint (normal execution)

VM Mutex/Monitor currently owned by a thread:  ([mutex/lock_event])
[0x00007f2cb0008c00] Threads_lock - owner thread: 0x00007f2cb0082000
[0x00007f2cb0009100] Heap_lock - owner thread: 0x00007f2cb000c800

Heap:
 PSYoungGen      total 103424K, used 5097K [0x00000000eab00000, 0x00000000f1700000, 0x0000000100000000)
  eden space 98304K, 0% used [0x00000000eab00000,0x00000000eab00000,0x00000000f0b00000)
  from space 5120K, 99% used [0x00000000f0d00000,0x00000000f11fa680,0x00000000f1200000)
  to   space 4096K, 0% used [0x00000000f1300000,0x00000000f1300000,0x00000000f1700000)
 ParOldGen       total 160768K, used 28769K [0x00000000c0000000, 0x00000000c9d00000, 0x00000000eab00000)
  object space 160768K, 17% used [0x00000000c0000000,0x00000000c1c18760,0x00000000c9d00000)
 Metaspace       used 4718K, capacity 5424K, committed 5632K, reserved 1056768K
  class space    used 478K, capacity 488K, committed 512K, reserved 1048576K

Card table byte_map: [0x00007f2ca0611000,0x00007f2ca0812000] byte_map_base: 0x00007f2ca0011000

Marking Bits: (ParMarkBitMap*) 0x00007f2cb5f82340
 Begin Bits: [0x00007f2c9ddb4000, 0x00007f2c9edb4000)
 End Bits:   [0x00007f2c9edb4000, 0x00007f2c9fdb4000)

Polling page: 0x00007f2cb6bd1000

CodeCache: size=245760Kb used=4151Kb max_used=4156Kb free=241608Kb
 bounds [0x00007f2ca0bd2000, 0x00007f2ca0ff2000, 0x00007f2cafbd2000]
 total_blobs=1470 nmethods=1197 adapters=188
 compilation: enabled

Compilation events (10 events):
Event: 1,150 Thread 0x00007f2cb00c8000 nmethod 1213 0x00007f2ca0fd0d50 code [0x00007f2ca0fd0ec0, 0x00007f2ca0fd15d8]
Event: 1,150 Thread 0x00007f2cb00c8000 1209       4       com.android.dx.merge.IndexMap::adjustString (16 bytes)
Event: 1,150 Thread 0x00007f2cb00c8000 nmethod 1209 0x00007f2ca0fbcb10 code [0x00007f2ca0fbcc60, 0x00007f2ca0fbccf8]
Event: 1,150 Thread 0x00007f2cb00c8000 1211       4       com.android.dx.merge.IndexMap$EncodedValueTransformer::transform (495 bytes)
Event: 1,159 Thread 0x00007f2cb00ca000 1227       2       com.android.dx.io.instructions.ShortArrayCodeInput::readLong (45 bytes)
Event: 1,160 Thread 0x00007f2cb00ca000 nmethod 1227 0x00007f2ca0fc4b10 code [0x00007f2ca0fc4ce0, 0x00007f2ca0fc5278]
Event: 1,160 Thread 0x00007f2cb00ca000 1228       2       com.android.dx.io.instructions.InstructionCodec$31::decode (36 bytes)
Event: 1,160 Thread 0x00007f2cb00ca000 nmethod 1228 0x00007f2ca0fbb710 code [0x00007f2ca0fbb8a0, 0x00007f2ca0fbbb38]
Event: 1,160 Thread 0x00007f2cb00ca000 1229       2       com.android.dx.io.instructions.InstructionCodec$31::encode (39 bytes)
Event: 1,160 Thread 0x00007f2cb00ca000 nmethod 1229 0x00007f2ca0fdc4d0 code [0x00007f2ca0fdc660, 0x00007f2ca0fdc998]

GC Heap History (10 events):
Event: 0,127 GC heap after
Heap after GC invocations=1 (full 0):
 PSYoungGen      total 36864K, used 5118K [0x00000000eab00000, 0x00000000ef300000, 0x0000000100000000)
  eden space 31744K, 0% used [0x00000000eab00000,0x00000000eab00000,0x00000000eca00000)
  from space 5120K, 99% used [0x00000000eca00000,0x00000000eceff8f0,0x00000000ecf00000)
  to   space 5120K, 0% used [0x00000000eee00000,0x00000000eee00000,0x00000000ef300000)
 ParOldGen       total 84992K, used 3660K [0x00000000c0000000, 0x00000000c5300000, 0x00000000eab00000)
  object space 84992K, 4% used [0x00000000c0000000,0x00000000c0393258,0x00000000c5300000)
 Metaspace       used 3493K, capacity 4720K, committed 4864K, reserved 1056768K
  class space    used 363K, capacity 424K, committed 512K, reserved 1048576K
}
Event: 0,199 GC heap before
{Heap before GC invocations=2 (full 0):
 PSYoungGen      total 36864K, used 36862K [0x00000000eab00000, 0x00000000ef300000, 0x0000000100000000)
  eden space 31744K, 100% used [0x00000000eab00000,0x00000000eca00000,0x00000000eca00000)
  from space 5120K, 99% used [0x00000000eca00000,0x00000000eceff8f0,0x00000000ecf00000)
  to   space 5120K, 0% used [0x00000000eee00000,0x00000000eee00000,0x00000000ef300000)
 ParOldGen       total 84992K, used 3660K [0x00000000c0000000, 0x00000000c5300000, 0x00000000eab00000)
  object space 84992K, 4% used [0x00000000c0000000,0x00000000c0393258,0x00000000c5300000)
 Metaspace       used 3779K, capacity 4944K, committed 5120K, reserved 1056768K
  class space    used 392K, capacity 456K, committed 512K, reserved 1048576K
Event: 0,222 GC heap after
Heap after GC invocations=2 (full 0):
 PSYoungGen      total 68608K, used 5107K [0x00000000eab00000, 0x00000000ef300000, 0x0000000100000000)
  eden space 63488K, 0% used [0x00000000eab00000,0x00000000eab00000,0x00000000ee900000)
  from space 5120K, 99% used [0x00000000eee00000,0x00000000ef2fcd88,0x00000000ef300000)
  to   space 5120K, 0% used [0x00000000ee900000,0x00000000ee900000,0x00000000eee00000)
 ParOldGen       total 84992K, used 82695K [0x00000000c0000000, 0x00000000c5300000, 0x00000000eab00000)
  object space 84992K, 97% used [0x00000000c0000000,0x00000000c50c1f70,0x00000000c5300000)
 Metaspace       used 3779K, capacity 4944K, committed 5120K, reserved 1056768K
  class space    used 392K, capacity 456K, committed 512K, reserved 1048576K
}
Event: 0,222 GC heap before
{Heap before GC invocations=3 (full 1):
 PSYoungGen      total 68608K, used 5107K [0x00000000eab00000, 0x00000000ef300000, 0x0000000100000000)
  eden space 63488K, 0% used [0x00000000eab00000,0x00000000eab00000,0x00000000ee900000)
  from space 5120K, 99% used [0x00000000eee00000,0x00000000ef2fcd88,0x00000000ef300000)
  to   space 5120K, 0% used [0x00000000ee900000,0x00000000ee900000,0x00000000eee00000)
 ParOldGen       total 84992K, used 82695K [0x00000000c0000000, 0x00000000c5300000, 0x00000000eab00000)
  object space 84992K, 97% used [0x00000000c0000000,0x00000000c50c1f70,0x00000000c5300000)
 Metaspace       used 3779K, capacity 4944K, committed 5120K, reserved 1056768K
  class space    used 392K, capacity 456K, committed 512K, reserved 1048576K
Event: 0,241 GC heap after
Heap after GC invocations=3 (full 1):
 PSYoungGen      total 68608K, used 0K [0x00000000eab00000, 0x00000000ef300000, 0x0000000100000000)
  eden space 63488K, 0% used [0x00000000eab00000,0x00000000eab00000,0x00000000ee900000)
  from space 5120K, 0% used [0x00000000eee00000,0x00000000eee00000,0x00000000ef300000)
  to   space 5120K, 0% used [0x00000000ee900000,0x00000000ee900000,0x00000000eee00000)
 ParOldGen       total 160768K, used 19668K [0x00000000c0000000, 0x00000000c9d00000, 0x00000000eab00000)
  object space 160768K, 12% used [0x00000000c0000000,0x00000000c1335240,0x00000000c9d00000)
 Metaspace       used 3779K, capacity 4944K, committed 5120K, reserved 1056768K
  class space    used 392K, capacity 456K, committed 512K, reserved 1048576K
}
Event: 0,823 GC heap before
{Heap before GC invocations=4 (full 1):
 PSYoungGen      total 68608K, used 63488K [0x00000000eab00000, 0x00000000ef300000, 0x0000000100000000)
  eden space 63488K, 100% used [0x00000000eab00000,0x00000000ee900000,0x00000000ee900000)
  from space 5120K, 0% used [0x00000000eee00000,0x00000000eee00000,0x00000000ef300000)
  to   space 5120K, 0% used [0x00000000ee900000,0x00000000ee900000,0x00000000eee00000)
 ParOldGen       total 160768K, used 19668K [0x00000000c0000000, 0x00000000c9d00000, 0x00000000eab00000)
  object space 160768K, 12% used [0x00000000c0000000,0x00000000c1335240,0x00000000c9d00000)
 Metaspace       used 4365K, capacity 5424K, committed 5632K, reserved 1056768K
  class space    used 445K, capacity 488K, committed 512K, reserved 1048576K
Event: 0,854 GC heap after
Heap after GC invocations=4 (full 1):
 PSYoungGen      total 68608K, used 4243K [0x00000000eab00000, 0x00000000f1800000, 0x0000000100000000)
  eden space 63488K, 0% used [0x00000000eab00000,0x00000000eab00000,0x00000000ee900000)
  from space 5120K, 82% used [0x00000000ee900000,0x00000000eed24ea8,0x00000000eee00000)
  to   space 5120K, 0% used [0x00000000f1300000,0x00000000f1300000,0x00000000f1800000)
 ParOldGen       total 160768K, used 19676K [0x00000000c0000000, 0x00000000c9d00000, 0x00000000eab00000)
  object space 160768K, 12% used [0x00000000c0000000,0x00000000c1337240,0x00000000c9d00000)
 Metaspace       used 4365K, capacity 5424K, committed 5632K, reserved 1056768K
  class space    used 445K, capacity 488K, committed 512K, reserved 1048576K
}
Event: 0,936 GC heap before
{Heap before GC invocations=5 (full 1):
 PSYoungGen      total 68608K, used 67731K [0x00000000eab00000, 0x00000000f1800000, 0x0000000100000000)
  eden space 63488K, 100% used [0x00000000eab00000,0x00000000ee900000,0x00000000ee900000)
  from space 5120K, 82% used [0x00000000ee900000,0x00000000eed24ea8,0x00000000eee00000)
  to   space 5120K, 0% used [0x00000000f1300000,0x00000000f1300000,0x00000000f1800000)
 ParOldGen       total 160768K, used 19676K [0x00000000c0000000, 0x00000000c9d00000, 0x00000000eab00000)
  object space 160768K, 12% used [0x00000000c0000000,0x00000000c1337240,0x00000000c9d00000)
 Metaspace       used 4385K, capacity 5424K, committed 5632K, reserved 1056768K
  class space    used 445K, capacity 488K, committed 512K, reserved 1048576K
Event: 0,938 GC heap after
Heap after GC invocations=5 (full 1):
 PSYoungGen      total 102400K, used 3934K [0x00000000eab00000, 0x00000000f1700000, 0x0000000100000000)
  eden space 98304K, 0% used [0x00000000eab00000,0x00000000eab00000,0x00000000f0b00000)
  from space 4096K, 96% used [0x00000000f1300000,0x00000000f16d7a70,0x00000000f1700000)
  to   space 5120K, 0% used [0x00000000f0d00000,0x00000000f0d00000,0x00000000f1200000)
 ParOldGen       total 160768K, used 19940K [0x00000000c0000000, 0x00000000c9d00000, 0x00000000eab00000)
  object space 160768K, 12% used [0x00000000c0000000,0x00000000c1379258,0x00000000c9d00000)
 Metaspace       used 4385K, capacity 5424K, committed 5632K, reserved 1056768K
  class space    used 445K, capacity 488K, committed 512K, reserved 1048576K
}
Event: 1,192 GC heap before
{Heap before GC invocations=6 (full 1):
 PSYoungGen      total 102400K, used 102238K [0x00000000eab00000, 0x00000000f1700000, 0x0000000100000000)
  eden space 98304K, 100% used [0x00000000eab00000,0x00000000f0b00000,0x00000000f0b00000)
  from space 4096K, 96% used [0x00000000f1300000,0x00000000f16d7a70,0x00000000f1700000)
  to   space 5120K, 0% used [0x00000000f0d00000,0x00000000f0d00000,0x00000000f1200000)
 ParOldGen       total 160768K, used 19940K [0x00000000c0000000, 0x00000000c9d00000, 0x00000000eab00000)
  object space 160768K, 12% used [0x00000000c0000000,0x00000000c1379258,0x00000000c9d00000)
 Metaspace       used 4718K, capacity 5424K, committed 5632K, reserved 1056768K
  class space    used 478K, capacity 488K, committed 512K, reserved 1048576K

Deoptimization events (10 events):
Event: 0,969 Thread 0x00007f2cb000c800 Uncommon trap: reason=bimorphic action=maybe_recompile pc=0x00007f2ca0f89778 method=java.util.HashMap.getNode(ILjava/lang/Object;)Ljava/util/HashMap$Node; @ 126
Event: 0,969 Thread 0x00007f2cb000c800 Uncommon trap: reason=bimorphic action=maybe_recompile pc=0x00007f2ca0f89778 method=java.util.HashMap.getNode(ILjava/lang/Object;)Ljava/util/HashMap$Node; @ 126
Event: 0,969 Thread 0x00007f2cb000c800 Uncommon trap: reason=bimorphic action=maybe_recompile pc=0x00007f2ca0f89778 method=java.util.HashMap.getNode(ILjava/lang/Object;)Ljava/util/HashMap$Node; @ 126
Event: 0,969 Thread 0x00007f2cb000c800 Uncommon trap: reason=bimorphic action=maybe_recompile pc=0x00007f2ca0f89778 method=java.util.HashMap.getNode(ILjava/lang/Object;)Ljava/util/HashMap$Node; @ 126
Event: 1,037 Thread 0x00007f2cb000c800 Uncommon trap: reason=bimorphic action=maybe_recompile pc=0x00007f2ca0e4b370 method=com.android.dx.merge.DexMerger$IdMerger.mergeSorted()V @ 89
Event: 1,037 Thread 0x00007f2cb000c800 Uncommon trap: reason=unstable_if action=reinterpret pc=0x00007f2ca0e1d688 method=com.android.dx.merge.DexMerger$IdMerger.readIntoMap(Lcom/android/dex/Dex$Section;Lcom/android/dex/TableOfContents$Section;Lcom/android/dx/merge/IndexMap;ILjava/util/TreeMap;
Event: 1,037 Thread 0x00007f2cb000c800 Uncommon trap: reason=unstable_if action=reinterpret pc=0x00007f2ca0dc6c80 method=com.android.dex.Mutf8.countBytes(Ljava/lang/String;Z)J @ 50
Event: 1,037 Thread 0x00007f2cb000c800 Uncommon trap: reason=unstable_if action=reinterpret pc=0x00007f2ca0dcb064 method=com.android.dex.Mutf8.countBytes(Ljava/lang/String;Z)J @ 50
Event: 1,091 Thread 0x00007f2cb000c800 Uncommon trap: reason=unstable_if action=reinterpret pc=0x00007f2ca0e4b398 method=com.android.dx.merge.DexMerger$IdMerger.mergeSorted()V @ 103
Event: 1,116 Thread 0x00007f2cb000c800 Uncommon trap: reason=unstable_if action=reinterpret pc=0x00007f2ca0ed4770 method=com.android.dex.EncodedValueCodec.writeUnsignedIntegralValue(Lcom/android/dex/util/ByteOutput;IJ)V @ 11

Internal exceptions (3 events):
Event: 0,011 Thread 0x00007f2cb000c800 Exception <a 'java/lang/NoSuchMethodError': Method sun.misc.Unsafe.defineClass(Ljava/lang/String;[BII)Ljava/lang/Class; name or signature does not match> (0x00000000eab07c78) thrown at [/ssd/Android/AOSP-openjdk/external/jetbrains/jdk/hotspot/src/share/vm
Event: 0,011 Thread 0x00007f2cb000c800 Exception <a 'java/lang/NoSuchMethodError': Method sun.misc.Unsafe.prefetchRead(Ljava/lang/Object;J)V name or signature does not match> (0x00000000eab07f60) thrown at [/ssd/Android/AOSP-openjdk/external/jetbrains/jdk/hotspot/src/share/vm/prims/jni.cpp, li
Event: 1,037 Thread 0x00007f2cb000c800 Implicit null exception at 0x00007f2ca0e1c812 to 0x00007f2ca0e1d665

Events (10 events):
Event: 1,130 Thread 0x00007f2cb000c800 DEOPT UNPACKING pc=0x00007f2ca0c19373 sp=0x00007f2cb6bad0e0 mode 0
Event: 1,132 Thread 0x00007f2cb000c800 DEOPT PACKING pc=0x00007f2ca0f906d0 sp=0x00007f2cb6bad380
Event: 1,132 Thread 0x00007f2cb000c800 DEOPT UNPACKING pc=0x00007f2ca0c19373 sp=0x00007f2cb6bad090 mode 0
Event: 1,134 Thread 0x00007f2cb000c800 DEOPT PACKING pc=0x00007f2ca0f906d0 sp=0x00007f2cb6bad380
Event: 1,134 Thread 0x00007f2cb000c800 DEOPT UNPACKING pc=0x00007f2ca0c19373 sp=0x00007f2cb6bad090 mode 0
Event: 1,138 loading class java/util/Collections$EmptyIterator
Event: 1,138 loading class java/util/Collections$EmptyIterator done
Event: 1,142 Thread 0x00007f2cb000c800 DEOPT PACKING pc=0x00007f2ca0ea01cf sp=0x00007f2cb6bad3b0
Event: 1,142 Thread 0x00007f2cb000c800 DEOPT UNPACKING pc=0x00007f2ca0c19373 sp=0x00007f2cb6bad120 mode 0
Event: 1,192 Executing VM operation: ParallelGCFailedAllocation


Dynamic libraries:
00400000-00401000 r-xp 00000000 08:08 1189929                            /opt/android-studio/jre/bin/java
00600000-00601000 r--p 00000000 08:08 1189929                            /opt/android-studio/jre/bin/java
00601000-00602000 rw-p 00001000 08:08 1189929                            /opt/android-studio/jre/bin/java
0154f000-01570000 rw-p 00000000 00:00 0                                  [heap]
c0000000-c9d00000 rw-p 00000000 00:00 0 
c9d00000-eab00000 ---p 00000000 00:00 0 
eab00000-f1700000 rw-p 00000000 00:00 0 
fda00000-100000000 ---p 00000000 00:00 0 
100000000-100080000 rw-p 00000000 00:00 0 
100080000-140000000 ---p 00000000 00:00 0 
7f2c44000000-7f2c44021000 rw-p 00000000 00:00 0 
7f2c44021000-7f2c48000000 ---p 00000000 00:00 0 
7f2c4c000000-7f2c4c4fb000 rw-p 00000000 00:00 0 
7f2c4c4fb000-7f2c50000000 ---p 00000000 00:00 0 
7f2c50000000-7f2c50021000 rw-p 00000000 00:00 0 
7f2c50021000-7f2c54000000 ---p 00000000 00:00 0 
7f2c54000000-7f2c54fa7000 rw-p 00000000 00:00 0 
7f2c54fa7000-7f2c58000000 ---p 00000000 00:00 0 
7f2c58000000-7f2c58ba7000 rw-p 00000000 00:00 0 
7f2c58ba7000-7f2c5c000000 ---p 00000000 00:00 0 
7f2c5c000000-7f2c5c021000 rw-p 00000000 00:00 0 
7f2c5c021000-7f2c60000000 ---p 00000000 00:00 0 
7f2c60000000-7f2c614a6000 rw-p 00000000 00:00 0 
7f2c614a6000-7f2c64000000 ---p 00000000 00:00 0 
7f2c64000000-7f2c64021000 rw-p 00000000 00:00 0 
7f2c64021000-7f2c68000000 ---p 00000000 00:00 0 
7f2c68000000-7f2c68021000 rw-p 00000000 00:00 0 
7f2c68021000-7f2c6c000000 ---p 00000000 00:00 0 
7f2c6c000000-7f2c6c021000 rw-p 00000000 00:00 0 
7f2c6c021000-7f2c70000000 ---p 00000000 00:00 0 
7f2c70000000-7f2c7027f000 rw-p 00000000 00:00 0 
7f2c7027f000-7f2c74000000 ---p 00000000 00:00 0 
7f2c74000000-7f2c74021000 rw-p 00000000 00:00 0 
7f2c74021000-7f2c78000000 ---p 00000000 00:00 0 
7f2c7c000000-7f2c7c021000 rw-p 00000000 00:00 0 
7f2c7c021000-7f2c80000000 ---p 00000000 00:00 0 
7f2c84000000-7f2c84021000 rw-p 00000000 00:00 0 
7f2c84021000-7f2c88000000 ---p 00000000 00:00 0 
7f2c88000000-7f2c88021000 rw-p 00000000 00:00 0 
7f2c88021000-7f2c8c000000 ---p 00000000 00:00 0 
7f2c8e811000-7f2c8e812000 ---p 00000000 00:00 0 
7f2c8e812000-7f2c8e912000 rw-p 00000000 00:00 0 
7f2c8e912000-7f2c8e915000 ---p 00000000 00:00 0 
7f2c8e915000-7f2c8ea13000 rw-p 00000000 00:00 0 
7f2c8ea13000-7f2c8ea16000 ---p 00000000 00:00 0 
7f2c8ea16000-7f2c8eb14000 rw-p 00000000 00:00 0 
7f2c8eb14000-7f2c8eb17000 ---p 00000000 00:00 0 
7f2c8eb17000-7f2c8ec15000 rw-p 00000000 00:00 0 
7f2c8ec15000-7f2c8ec18000 ---p 00000000 00:00 0 
7f2c8ec18000-7f2c8ed16000 rw-p 00000000 00:00 0 
7f2c8ed16000-7f2c8ed19000 ---p 00000000 00:00 0 
7f2c8ed19000-7f2c8ee17000 rw-p 00000000 00:00 0 
7f2c8ee17000-7f2c8ee1a000 ---p 00000000 00:00 0 
7f2c8ee1a000-7f2c8ef18000 rw-p 00000000 00:00 0 
7f2c8ef18000-7f2c8f1f2000 r--p 00000000 08:08 399771                     /usr/lib/locale/locale-archive
7f2c8f1f2000-7f2c8f1f5000 ---p 00000000 00:00 0 
7f2c8f1f5000-7f2c8f2f3000 rw-p 00000000 00:00 0 
7f2c8f2f3000-7f2c8f2f6000 ---p 00000000 00:00 0 
7f2c8f2f6000-7f2c8f3f4000 rw-p 00000000 00:00 0 
7f2c8f3f4000-7f2c8f3f5000 ---p 00000000 00:00 0 
7f2c8f3f5000-7f2c90000000 rw-p 00000000 00:00 0 
7f2c90000000-7f2c90021000 rw-p 00000000 00:00 0 
7f2c90021000-7f2c94000000 ---p 00000000 00:00 0 
7f2c94000000-7f2c94021000 rw-p 00000000 00:00 0 
7f2c94021000-7f2c98000000 ---p 00000000 00:00 0 
7f2c98000000-7f2c98021000 rw-p 00000000 00:00 0 
7f2c98021000-7f2c9c000000 ---p 00000000 00:00 0 
7f2c9c057000-7f2c9d16f000 rw-p 00000000 00:00 0 
7f2c9d16f000-7f2c9d33e000 r--s 03c1b000 08:08 1731281                    /opt/android-studio/jre/jre/lib/rt.jar
7f2c9d33e000-7f2c9d8b4000 rw-p 00000000 00:00 0 
7f2c9d8b4000-7f2c9dbb4000 ---p 00000000 00:00 0 
7f2c9dbb4000-7f2c9fdb4000 rw-p 00000000 00:00 0 
7f2c9fdb4000-7f2c9fdb5000 ---p 00000000 00:00 0 
7f2c9fdb5000-7f2c9feb5000 rw-p 00000000 00:00 0 
7f2c9feb5000-7f2c9feb6000 ---p 00000000 00:00 0 
7f2c9feb6000-7f2c9ffb6000 rw-p 00000000 00:00 0 
7f2c9ffb6000-7f2c9ffb7000 ---p 00000000 00:00 0 
7f2c9ffb7000-7f2ca00b7000 rw-p 00000000 00:00 0 
7f2ca00b7000-7f2ca00b8000 ---p 00000000 00:00 0 
7f2ca00b8000-7f2ca01b8000 rw-p 00000000 00:00 0 
7f2ca01b8000-7f2ca01b9000 ---p 00000000 00:00 0 
7f2ca01b9000-7f2ca02b9000 rw-p 00000000 00:00 0 
7f2ca02b9000-7f2ca02ba000 ---p 00000000 00:00 0 
7f2ca02ba000-7f2ca03ba000 rw-p 00000000 00:00 0 
7f2ca03ba000-7f2ca03bb000 ---p 00000000 00:00 0 
7f2ca03bb000-7f2ca050a000 rw-p 00000000 00:00 0 
7f2ca050a000-7f2ca0611000 ---p 00000000 00:00 0 
7f2ca0611000-7f2ca0660000 rw-p 00000000 00:00 0 
7f2ca0660000-7f2ca0766000 ---p 00000000 00:00 0 
7f2ca0766000-7f2ca079d000 rw-p 00000000 00:00 0 
7f2ca079d000-7f2ca0811000 ---p 00000000 00:00 0 
7f2ca0811000-7f2ca0823000 rw-p 00000000 00:00 0 
7f2ca0823000-7f2ca0bd2000 ---p 00000000 00:00 0 
7f2ca0bd2000-7f2ca0ff2000 rwxp 00000000 00:00 0 
7f2ca0ff2000-7f2cafbd2000 ---p 00000000 00:00 0 
7f2cafbd2000-7f2cafbec000 r-xp 00000000 08:08 1842259                    /opt/android-studio/jre/jre/lib/amd64/libzip.so
7f2cafbec000-7f2cafdec000 ---p 0001a000 08:08 1842259                    /opt/android-studio/jre/jre/lib/amd64/libzip.so
7f2cafdec000-7f2cafded000 r--p 0001a000 08:08 1842259                    /opt/android-studio/jre/jre/lib/amd64/libzip.so
7f2cafded000-7f2cafdee000 rw-p 0001b000 08:08 1842259                    /opt/android-studio/jre/jre/lib/amd64/libzip.so
7f2cafdee000-7f2cafdf9000 r-xp 00000000 08:08 2885274                    /lib/x86_64-linux-gnu/libnss_files-2.24.so
7f2cafdf9000-7f2cafff8000 ---p 0000b000 08:08 2885274                    /lib/x86_64-linux-gnu/libnss_files-2.24.so
7f2cafff8000-7f2cafff9000 r--p 0000a000 08:08 2885274                    /lib/x86_64-linux-gnu/libnss_files-2.24.so
7f2cafff9000-7f2cafffa000 rw-p 0000b000 08:08 2885274                    /lib/x86_64-linux-gnu/libnss_files-2.24.so
7f2cafffa000-7f2cb0000000 rw-p 00000000 00:00 0 
7f2cb0000000-7f2cb03b0000 rw-p 00000000 00:00 0 
7f2cb03b0000-7f2cb4000000 ---p 00000000 00:00 0 
7f2cb4004000-7f2cb4012000 r--s 000e0000 08:08 6300514                    /home/rafael/Android/Sdk/build-tools/25.0.0/lib/dx.jar
7f2cb4012000-7f2cb4033000 rw-p 00000000 00:00 0 
7f2cb4033000-7f2cb4034000 ---p 00000000 00:00 0 
7f2cb4034000-7f2cb4134000 rw-p 00000000 00:00 0 
7f2cb4134000-7f2cb413f000 r-xp 00000000 08:08 2885276                    /lib/x86_64-linux-gnu/libnss_nis-2.24.so
7f2cb413f000-7f2cb433e000 ---p 0000b000 08:08 2885276                    /lib/x86_64-linux-gnu/libnss_nis-2.24.so
7f2cb433e000-7f2cb433f000 r--p 0000a000 08:08 2885276                    /lib/x86_64-linux-gnu/libnss_nis-2.24.so
7f2cb433f000-7f2cb4340000 rw-p 0000b000 08:08 2885276                    /lib/x86_64-linux-gnu/libnss_nis-2.24.so
7f2cb4340000-7f2cb4356000 r-xp 00000000 08:08 2885271                    /lib/x86_64-linux-gnu/libnsl-2.24.so
7f2cb4356000-7f2cb4555000 ---p 00016000 08:08 2885271                    /lib/x86_64-linux-gnu/libnsl-2.24.so
7f2cb4555000-7f2cb4556000 r--p 00015000 08:08 2885271                    /lib/x86_64-linux-gnu/libnsl-2.24.so
7f2cb4556000-7f2cb4557000 rw-p 00016000 08:08 2885271                    /lib/x86_64-linux-gnu/libnsl-2.24.so
7f2cb4557000-7f2cb4559000 rw-p 00000000 00:00 0 
7f2cb4559000-7f2cb4561000 r-xp 00000000 08:08 2885272                    /lib/x86_64-linux-gnu/libnss_compat-2.24.so
7f2cb4561000-7f2cb4760000 ---p 00008000 08:08 2885272                    /lib/x86_64-linux-gnu/libnss_compat-2.24.so
7f2cb4760000-7f2cb4761000 r--p 00007000 08:08 2885272                    /lib/x86_64-linux-gnu/libnss_compat-2.24.so
7f2cb4761000-7f2cb4762000 rw-p 00008000 08:08 2885272                    /lib/x86_64-linux-gnu/libnss_compat-2.24.so
7f2cb4762000-7f2cb478f000 r-xp 00000000 08:08 1843086                    /opt/android-studio/jre/jre/lib/amd64/libjava.so
7f2cb478f000-7f2cb498e000 ---p 0002d000 08:08 1843086                    /opt/android-studio/jre/jre/lib/amd64/libjava.so
7f2cb498e000-7f2cb498f000 r--p 0002c000 08:08 1843086                    /opt/android-studio/jre/jre/lib/amd64/libjava.so
7f2cb498f000-7f2cb4991000 rw-p 0002d000 08:08 1843086                    /opt/android-studio/jre/jre/lib/amd64/libjava.so
7f2cb4991000-7f2cb49a1000 r-xp 00000000 08:08 1842246                    /opt/android-studio/jre/jre/lib/amd64/libverify.so
7f2cb49a1000-7f2cb4ba0000 ---p 00010000 08:08 1842246                    /opt/android-studio/jre/jre/lib/amd64/libverify.so
7f2cb4ba0000-7f2cb4ba2000 r--p 0000f000 08:08 1842246                    /opt/android-studio/jre/jre/lib/amd64/libverify.so
7f2cb4ba2000-7f2cb4ba3000 rw-p 00011000 08:08 1842246                    /opt/android-studio/jre/jre/lib/amd64/libverify.so
7f2cb4ba3000-7f2cb4baa000 r-xp 00000000 08:08 2885281                    /lib/x86_64-linux-gnu/librt-2.24.so
7f2cb4baa000-7f2cb4da9000 ---p 00007000 08:08 2885281                    /lib/x86_64-linux-gnu/librt-2.24.so
7f2cb4da9000-7f2cb4daa000 r--p 00006000 08:08 2885281                    /lib/x86_64-linux-gnu/librt-2.24.so
7f2cb4daa000-7f2cb4dab000 rw-p 00007000 08:08 2885281                    /lib/x86_64-linux-gnu/librt-2.24.so
7f2cb4dab000-7f2cb4eb3000 r-xp 00000000 08:08 2885268                    /lib/x86_64-linux-gnu/libm-2.24.so
7f2cb4eb3000-7f2cb50b2000 ---p 00108000 08:08 2885268                    /lib/x86_64-linux-gnu/libm-2.24.so
7f2cb50b2000-7f2cb50b3000 r--p 00107000 08:08 2885268                    /lib/x86_64-linux-gnu/libm-2.24.so
7f2cb50b3000-7f2cb50b4000 rw-p 00108000 08:08 2885268                    /lib/x86_64-linux-gnu/libm-2.24.so
7f2cb50b4000-7f2cb5ca5000 r-xp 00000000 08:08 1842255                    /opt/android-studio/jre/jre/lib/amd64/server/libjvm.so
7f2cb5ca5000-7f2cb5ea5000 ---p 00bf1000 08:08 1842255                    /opt/android-studio/jre/jre/lib/amd64/server/libjvm.so
7f2cb5ea5000-7f2cb5f44000 r--p 00bf1000 08:08 1842255                    /opt/android-studio/jre/jre/lib/amd64/server/libjvm.so
7f2cb5f44000-7f2cb5f6d000 rw-p 00c90000 08:08 1842255                    /opt/android-studio/jre/jre/lib/amd64/server/libjvm.so
7f2cb5f6d000-7f2cb5fb1000 rw-p 00000000 00:00 0 
7f2cb5fb1000-7f2cb5fc9000 r-xp 00000000 08:08 2885279                    /lib/x86_64-linux-gnu/libpthread-2.24.so
7f2cb5fc9000-7f2cb61c9000 ---p 00018000 08:08 2885279                    /lib/x86_64-linux-gnu/libpthread-2.24.so
7f2cb61c9000-7f2cb61ca000 r--p 00018000 08:08 2885279                    /lib/x86_64-linux-gnu/libpthread-2.24.so
7f2cb61ca000-7f2cb61cb000 rw-p 00019000 08:08 2885279                    /lib/x86_64-linux-gnu/libpthread-2.24.so
7f2cb61cb000-7f2cb61cf000 rw-p 00000000 00:00 0 
7f2cb61cf000-7f2cb61d2000 r-xp 00000000 08:08 2885267                    /lib/x86_64-linux-gnu/libdl-2.24.so
7f2cb61d2000-7f2cb63d1000 ---p 00003000 08:08 2885267                    /lib/x86_64-linux-gnu/libdl-2.24.so
7f2cb63d1000-7f2cb63d2000 r--p 00002000 08:08 2885267                    /lib/x86_64-linux-gnu/libdl-2.24.so
7f2cb63d2000-7f2cb63d3000 rw-p 00003000 08:08 2885267                    /lib/x86_64-linux-gnu/libdl-2.24.so
7f2cb63d3000-7f2cb6590000 r-xp 00000000 08:08 2885264                    /lib/x86_64-linux-gnu/libc-2.24.so
7f2cb6590000-7f2cb6790000 ---p 001bd000 08:08 2885264                    /lib/x86_64-linux-gnu/libc-2.24.so
7f2cb6790000-7f2cb6794000 r--p 001bd000 08:08 2885264                    /lib/x86_64-linux-gnu/libc-2.24.so
7f2cb6794000-7f2cb6796000 rw-p 001c1000 08:08 2885264                    /lib/x86_64-linux-gnu/libc-2.24.so
7f2cb6796000-7f2cb679a000 rw-p 00000000 00:00 0 
7f2cb679a000-7f2cb67b0000 r-xp 00000000 08:08 1582853                    /opt/android-studio/jre/lib/amd64/jli/libjli.so
7f2cb67b0000-7f2cb69af000 ---p 00016000 08:08 1582853                    /opt/android-studio/jre/lib/amd64/jli/libjli.so
7f2cb69af000-7f2cb69b0000 r--p 00015000 08:08 1582853                    /opt/android-studio/jre/lib/amd64/jli/libjli.so
7f2cb69b0000-7f2cb69b1000 rw-p 00016000 08:08 1582853                    /opt/android-studio/jre/lib/amd64/jli/libjli.so
7f2cb69b1000-7f2cb69d6000 r-xp 00000000 08:08 2883609                    /lib/x86_64-linux-gnu/ld-2.24.so
7f2cb69d8000-7f2cb69dd000 r--s 00098000 08:08 1731276                    /opt/android-studio/jre/jre/lib/jsse.jar
7f2cb69dd000-7f2cb6aae000 rw-p 00000000 00:00 0 
7f2cb6aae000-7f2cb6ab1000 ---p 00000000 00:00 0 
7f2cb6ab1000-7f2cb6bb1000 rw-p 00000000 00:00 0 
7f2cb6bb4000-7f2cb6bc8000 rw-p 00000000 00:00 0 
7f2cb6bc8000-7f2cb6bd0000 rw-s 00000000 08:08 6037362                    /tmp/hsperfdata_rafael/9578
7f2cb6bd0000-7f2cb6bd1000 rw-p 00000000 00:00 0 
7f2cb6bd1000-7f2cb6bd2000 ---p 00000000 00:00 0 
7f2cb6bd2000-7f2cb6bd5000 rw-p 00000000 00:00 0 
7f2cb6bd5000-7f2cb6bd6000 r--p 00024000 08:08 2883609                    /lib/x86_64-linux-gnu/ld-2.24.so
7f2cb6bd6000-7f2cb6bd7000 rw-p 00025000 08:08 2883609                    /lib/x86_64-linux-gnu/ld-2.24.so
7f2cb6bd7000-7f2cb6bd8000 rw-p 00000000 00:00 0 
7ffd44319000-7ffd4433b000 rw-p 00000000 00:00 0                          [stack]
7ffd443a0000-7ffd443a2000 r--p 00000000 00:00 0                          [vvar]
7ffd443a2000-7ffd443a4000 r-xp 00000000 00:00 0                          [vdso]
ffffffffff600000-ffffffffff601000 r-xp 00000000 00:00 0                  [vsyscall]

VM Arguments:
jvm_args: -Djava.awt.headless=true -Xmx1024M -Dfile.encoding=UTF-8 -Duser.country=US -Duser.language=en -Duser.variant 
java_command: com.android.dx.command.Main --dex --num-threads=4 --output /home/rafael/Documents/AndroidStudioProjects/UFVMaps/app/build/intermediates/transforms/dex/debug/folders/1000/1f/main /home/rafael/Documents/AndroidStudioProjects/UFVMaps/app/build/intermediates/pre-dexed/debug/classes_0a5defe29e160cb0136748a7d7062c1086ec7043.jar /home/rafael/Documents/AndroidStudioProjects/UFVMaps/app/build/intermediates/pre-dexed/debug/classes_a5368036fa426455f3f4ffe1626c703cd45e1ea9.jar /home/rafael/Documents/AndroidStudioProjects/UFVMaps/app/build/intermediates/pre-dexed/debug/classes_4b7cefe795efb8b9f0364f1d84bf206477266023.jar /home/rafael/Documents/AndroidStudioProjects/UFVMaps/app/build/intermediates/pre-dexed/debug/classes_0c9b0efabd27696e1257850708f63fa67e9e0b5b.jar /home/rafael/Documents/AndroidStudioProjects/UFVMaps/app/build/intermediates/pre-dexed/debug/classes_6fcc2db0133f4be7a54524f7d37e346213960916.jar /home/rafael/Documents/AndroidStudioProjects/UFVMaps/app/build/intermediates/pre-dexed/debug/classes_bf4a5cdb2745d3a84432d2bb07a4de966cd88d95.jar /home/rafael/Documents/AndroidStudioProjects/UFVMaps/app/build/intermediates/pre-dexed/debug/debug_7461ba784a66fd9de00a6168d36819b4a6d68f50.jar /home/rafael/Documents/AndroidStudioProjects/UFVMaps/app/build/intermediates/pre-dexed/debug/classes_c863514208e1d047a582f7c7364fafb3f11f0e4c.jar /home/rafael/Documents/AndroidStudioProjects/UFVMaps/app/build/intermediates/pre-dexed/debug/classes_2c2d7f459d28ab65e39c046a1b592b0509320dea.jar /home/rafael/Documents/AndroidStudioProjects/UFVMaps/app/build/intermediates/pre-dexed/debug/classes_c45ff0ec9fe1d38e2038187768547687b6a05aed.jar /home/rafael/Documents/AndroidStudioProjects/UFVMaps/app/build/intermediates/pre-dexed/debug/classes_1bf455be7cef5c34eafeb3d645758f1ad8e9f311.jar /home/rafael/Documents/AndroidStudioProjects/UFVMaps/app/build/intermediates/pre-dexed/debug/classes_715d055b7435f953ccab319077807ffac81f9a33.jar /home/rafael/Documents/AndroidStudioProjects/UFVMaps/app
java_class_path (initial): /home/rafael/Android/Sdk/build-tools/25.0.0/lib/dx.jar
Launcher Type: SUN_STANDARD

Environment Variables:
JAVA_HOME=/usr/lib/jvm/java-8-oracle
PATH=/usr/local/sbin:/usr/local/bin:/usr/sbin:/usr/bin:/sbin:/bin:/usr/games:/usr/local/games:/snap/bin:/usr/lib/jvm/java-8-oracle/bin:/usr/lib/jvm/java-8-oracle/db/bin:/usr/lib/jvm/java-8-oracle/jre/bin
LD_LIBRARY_PATH=/opt/android-studio/bin:
SHELL=/usr/bin/zsh
DISPLAY=:0

Signal Handlers:
SIGSEGV: [libjvm.so+0x9e5150], sa_mask[0]=11111111011111111101111111111110, sa_flags=SA_RESTART|SA_SIGINFO
SIGBUS: [libjvm.so+0x9e5150], sa_mask[0]=11111111011111111101111111111110, sa_flags=SA_RESTART|SA_SIGINFO
SIGFPE: [libjvm.so+0x848450], sa_mask[0]=11111111011111111101111111111110, sa_flags=SA_RESTART|SA_SIGINFO
SIGPIPE: [libjvm.so+0x848450], sa_mask[0]=11111111011111111101111111111110, sa_flags=SA_RESTART|SA_SIGINFO
SIGXFSZ: [libjvm.so+0x848450], sa_mask[0]=11111111011111111101111111111110, sa_flags=SA_RESTART|SA_SIGINFO
SIGILL: [libjvm.so+0x848450], sa_mask[0]=11111111011111111101111111111110, sa_flags=SA_RESTART|SA_SIGINFO
SIGUSR1: SIG_DFL, sa_mask[0]=00000000000000000000000000000000, sa_flags=none
SIGUSR2: [libjvm.so+0x848320], sa_mask[0]=00100000000000000000000000000000, sa_flags=SA_RESTART|SA_SIGINFO
SIGHUP: [libjvm.so+0x848510], sa_mask[0]=11111111011111111101111111111110, sa_flags=SA_RESTART|SA_SIGINFO
SIGINT: [libjvm.so+0x848510], sa_mask[0]=11111111011111111101111111111110, sa_flags=SA_RESTART|SA_SIGINFO
SIGTERM: [libjvm.so+0x848510], sa_mask[0]=11111111011111111101111111111110, sa_flags=SA_RESTART|SA_SIGINFO
SIGQUIT: [libjvm.so+0x848510], sa_mask[0]=11111111011111111101111111111110, sa_flags=SA_RESTART|SA_SIGINFO


---------------  S Y S T E M  ---------------

OS:DISTRIB_ID=Ubuntu
DISTRIB_RELEASE=16.10
DISTRIB_CODENAME=yakkety
DISTRIB_DESCRIPTION="Ubuntu 16.10"

uname:Linux 4.8.0-49-generic #52-Ubuntu SMP Thu Apr 20 09:38:39 UTC 2017 x86_64
libc:glibc 2.24 NPTL 2.24 
rlimit: STACK 8192k, CORE 0k, NPROC 31362, NOFILE 65536, AS infinity
load average:1,40 1,15 0,92

/proc/meminfo:
MemTotal:        8124516 kB
MemFree:          137444 kB
MemAvailable:      52892 kB
Buffers:            1696 kB
Cached:           186244 kB
SwapCached:            0 kB
Active:          7318260 kB
Inactive:         155088 kB
Active(anon):    7287720 kB
Inactive(anon):   131520 kB
Active(file):      30540 kB
Inactive(file):    23568 kB
Unevictable:         152 kB
Mlocked:             152 kB
SwapTotal:             0 kB
SwapFree:              0 kB
Dirty:                84 kB
Writeback:             0 kB
AnonPages:       7285728 kB
Mapped:           416344 kB
Shmem:            133752 kB
Slab:             117888 kB
SReclaimable:      46432 kB
SUnreclaim:        71456 kB
KernelStack:       13920 kB
PageTables:        58012 kB
NFS_Unstable:          0 kB
Bounce:                0 kB
WritebackTmp:          0 kB
CommitLimit:     4062256 kB
Committed_AS:   12056200 kB
VmallocTotal:   34359738367 kB
VmallocUsed:           0 kB
VmallocChunk:          0 kB
HardwareCorrupted:     0 kB
AnonHugePages:   2480128 kB
ShmemHugePages:        0 kB
ShmemPmdMapped:        0 kB
CmaTotal:              0 kB
CmaFree:               0 kB
HugePages_Total:       0
HugePages_Free:        0
HugePages_Rsvd:        0
HugePages_Surp:        0
Hugepagesize:       2048 kB
DirectMap4k:      638564 kB
DirectMap2M:     7700480 kB
DirectMap1G:     1048576 kB


CPU:total 8 (4 cores per cpu, 2 threads per core) family 6 model 60 stepping 3, cmov, cx8, fxsr, mmx, sse, sse2, sse3, ssse3, sse4.1, sse4.2, popcnt, avx, avx2, aes, clmul, erms, rtm, lzcnt, ht, tsc, tscinvbit, bmi1, bmi2

/proc/cpuinfo:
processor	: 0
vendor_id	: GenuineIntel
cpu family	: 6
model		: 60
model name	: Intel(R) Core(TM) i7-4770 CPU @ 3.40GHz
stepping	: 3
microcode	: 0x9
cpu MHz		: 3471.594
cache size	: 8192 KB
physical id	: 0
siblings	: 8
core id		: 0
cpu cores	: 4
apicid		: 0
initial apicid	: 0
fpu		: yes
fpu_exception	: yes
cpuid level	: 13
wp		: yes
flags		: fpu vme de pse tsc msr pae mce cx8 apic sep mtrr pge mca cmov pat pse36 clflush dts acpi mmx fxsr sse sse2 ss ht tm pbe syscall nx pdpe1gb rdtscp lm constant_tsc arch_perfmon pebs bts rep_good nopl xtopology nonstop_tsc aperfmperf eagerfpu pni pclmulqdq dtes64 monitor ds_cpl vmx smx est tm2 ssse3 sdbg fma cx16 xtpr pdcm pcid sse4_1 sse4_2 x2apic movbe popcnt tsc_deadline_timer aes xsave avx f16c rdrand lahf_lm abm epb tpr_shadow vnmi flexpriority ept vpid fsgsbase tsc_adjust bmi1 hle avx2 smep bmi2 erms invpcid rtm xsaveopt dtherm ida arat pln pts
bugs		:
bogomips	: 6784.34
clflush size	: 64
cache_alignment	: 64
address sizes	: 39 bits physical, 48 bits virtual
power management:

processor	: 1
vendor_id	: GenuineIntel
cpu family	: 6
model		: 60
model name	: Intel(R) Core(TM) i7-4770 CPU @ 3.40GHz
stepping	: 3
microcode	: 0x9
cpu MHz		: 3348.535
cache size	: 8192 KB
physical id	: 0
siblings	: 8
core id		: 1
cpu cores	: 4
apicid		: 2
initial apicid	: 2
fpu		: yes
fpu_exception	: yes
cpuid level	: 13
wp		: yes
flags		: fpu vme de pse tsc msr pae mce cx8 apic sep mtrr pge mca cmov pat pse36 clflush dts acpi mmx fxsr sse sse2 ss ht tm pbe syscall nx pdpe1gb rdtscp lm constant_tsc arch_perfmon pebs bts rep_good nopl xtopology nonstop_tsc aperfmperf eagerfpu pni pclmulqdq dtes64 monitor ds_cpl vmx smx est tm2 ssse3 sdbg fma cx16 xtpr pdcm pcid sse4_1 sse4_2 x2apic movbe popcnt tsc_deadline_timer aes xsave avx f16c rdrand lahf_lm abm epb tpr_shadow vnmi flexpriority ept vpid fsgsbase tsc_adjust bmi1 hle avx2 smep bmi2 erms invpcid rtm xsaveopt dtherm ida arat pln pts
bugs		:
bogomips	: 6784.34
clflush size	: 64
cache_alignment	: 64
address sizes	: 39 bits physical, 48 bits virtual
power management:

processor	: 2
vendor_id	: GenuineIntel
cpu family	: 6
model		: 60
model name	: Intel(R) Core(TM) i7-4770 CPU @ 3.40GHz
stepping	: 3
microcode	: 0x9
cpu MHz		: 3162.390
cache size	: 8192 KB
physical id	: 0
siblings	: 8
core id		: 2
cpu cores	: 4
apicid		: 4
initial apicid	: 4
fpu		: yes
fpu_exception	: yes
cpuid level	: 13
wp		: yes
flags		: fpu vme de pse tsc msr pae mce cx8 apic sep mtrr pge mca cmov pat pse36 clflush dts acpi mmx fxsr sse sse2 ss ht tm pbe syscall nx pdpe1gb rdtscp lm constant_tsc arch_perfmon pebs bts rep_good nopl xtopology nonstop_tsc aperfmperf eagerfpu pni pclmulqdq dtes64 monitor ds_cpl vmx smx est tm2 ssse3 sdbg fma cx16 xtpr pdcm pcid sse4_1 sse4_2 x2apic movbe popcnt tsc_deadline_timer aes xsave avx f16c rdrand lahf_lm abm epb tpr_shadow vnmi flexpriority ept vpid fsgsbase tsc_adjust bmi1 hle avx2 smep bmi2 erms invpcid rtm xsaveopt dtherm ida arat pln pts
bugs		:
bogomips	: 6784.34
clflush size	: 64
cache_alignment	: 64
address sizes	: 39 bits physical, 48 bits virtual
power management:

processor	: 3
vendor_id	: GenuineIntel
cpu family	: 6
model		: 60
model name	: Intel(R) Core(TM) i7-4770 CPU @ 3.40GHz
stepping	: 3
microcode	: 0x9
cpu MHz		: 3400.000
cache size	: 8192 KB
physical id	: 0
siblings	: 8
core id		: 3
cpu cores	: 4
apicid		: 6
initial apicid	: 6
fpu		: yes
fpu_exception	: yes
cpuid level	: 13
wp		: yes
flags		: fpu vme de pse tsc msr pae mce cx8 apic sep mtrr pge mca cmov pat pse36 clflush dts acpi mmx fxsr sse sse2 ss ht tm pbe syscall nx pdpe1gb rdtscp lm constant_tsc arch_perfmon pebs bts rep_good nopl xtopology nonstop_tsc aperfmperf eagerfpu pni pclmulqdq dtes64 monitor ds_cpl vmx smx est tm2 ssse3 sdbg fma cx16 xtpr pdcm pcid sse4_1 sse4_2 x2apic movbe popcnt tsc_deadline_timer aes xsave avx f16c rdrand lahf_lm abm epb tpr_shadow vnmi flexpriority ept vpid fsgsbase tsc_adjust bmi1 hle avx2 smep bmi2 erms invpcid rtm xsaveopt dtherm ida arat pln pts
bugs		:
bogomips	: 6784.34
clflush size	: 64
cache_alignment	: 64
address sizes	: 39 bits physical, 48 bits virtual
power management:

processor	: 4
vendor_id	: GenuineIntel
cpu family	: 6
model		: 60
model name	: Intel(R) Core(TM) i7-4770 CPU @ 3.40GHz
stepping	: 3
microcode	: 0x9
cpu MHz		: 3864.843
cache size	: 8192 KB
physical id	: 0
siblings	: 8
core id		: 0
cpu cores	: 4
apicid		: 1
initial apicid	: 1
fpu		: yes
fpu_exception	: yes
cpuid level	: 13
wp		: yes
flags		: fpu vme de pse tsc msr pae mce cx8 apic sep mtrr pge mca cmov pat pse36 clflush dts acpi mmx fxsr sse sse2 ss ht tm pbe syscall nx pdpe1gb rdtscp lm constant_tsc arch_perfmon pebs bts rep_good nopl xtopology nonstop_tsc aperfmperf eagerfpu pni pclmulqdq dtes64 monitor ds_cpl vmx smx est tm2 ssse3 sdbg fma cx16 xtpr pdcm pcid sse4_1 sse4_2 x2apic movbe popcnt tsc_deadline_timer aes xsave avx f16c rdrand lahf_lm abm epb tpr_shadow vnmi flexpriority ept vpid fsgsbase tsc_adjust bmi1 hle avx2 smep bmi2 erms invpcid rtm xsaveopt dtherm ida arat pln pts
bugs		:
bogomips	: 6784.34
clflush size	: 64
cache_alignment	: 64
address sizes	: 39 bits physical, 48 bits virtual
power management:

processor	: 5
vendor_id	: GenuineIntel
cpu family	: 6
model		: 60
model name	: Intel(R) Core(TM) i7-4770 CPU @ 3.40GHz
stepping	: 3
microcode	: 0x9
cpu MHz		: 3753.820
cache size	: 8192 KB
physical id	: 0
siblings	: 8
core id		: 1
cpu cores	: 4
apicid		: 3
initial apicid	: 3
fpu		: yes
fpu_exception	: yes
cpuid level	: 13
wp		: yes
flags		: fpu vme de pse tsc msr pae mce cx8 apic sep mtrr pge mca cmov pat pse36 clflush dts acpi mmx fxsr sse sse2 ss ht tm pbe syscall nx pdpe1gb rdtscp lm constant_tsc arch_perfmon pebs bts rep_good nopl xtopology nonstop_tsc aperfmperf eagerfpu pni pclmulqdq dtes64 monitor ds_cpl vmx smx est tm2 ssse3 sdbg fma cx16 xtpr pdcm pcid sse4_1 sse4_2 x2apic movbe popcnt tsc_deadline_timer aes xsave avx f16c rdrand lahf_lm abm epb tpr_shadow vnmi flexpriority ept vpid fsgsbase tsc_adjust bmi1 hle avx2 smep bmi2 erms invpcid rtm xsaveopt dtherm ida arat pln pts
bugs		:
bogomips	: 6784.34
clflush size	: 64
cache_alignment	: 64
address sizes	: 39 bits physical, 48 bits virtual
power management:

processor	: 6
vendor_id	: GenuineIntel
cpu family	: 6
model		: 60
model name	: Intel(R) Core(TM) i7-4770 CPU @ 3.40GHz
stepping	: 3
microcode	: 0x9
cpu MHz		: 2952.587
cache size	: 8192 KB
physical id	: 0
siblings	: 8
core id		: 2
cpu cores	: 4
apicid		: 5
initial apicid	: 5
fpu		: yes
fpu_exception	: yes
cpuid level	: 13
wp		: yes
flags		: fpu vme de pse tsc msr pae mce cx8 apic sep mtrr pge mca cmov pat pse36 clflush dts acpi mmx fxsr sse sse2 ss ht tm pbe syscall nx pdpe1gb rdtscp lm constant_tsc arch_perfmon pebs bts rep_good nopl xtopology nonstop_tsc aperfmperf eagerfpu pni pclmulqdq dtes64 monitor ds_cpl vmx smx est tm2 ssse3 sdbg fma cx16 xtpr pdcm pcid sse4_1 sse4_2 x2apic movbe popcnt tsc_deadline_timer aes xsave avx f16c rdrand lahf_lm abm epb tpr_shadow vnmi flexpriority ept vpid fsgsbase tsc_adjust bmi1 hle avx2 smep bmi2 erms invpcid rtm xsaveopt dtherm ida arat pln pts
bugs		:
bogomips	: 6784.34
clflush size	: 64
cache_alignment	: 64
address sizes	: 39 bits physical, 48 bits virtual
power management:

processor	: 7
vendor_id	: GenuineIntel
cpu family	: 6
model		: 60
model name	: Intel(R) Core(TM) i7-4770 CPU @ 3.40GHz
stepping	: 3
microcode	: 0x9
cpu MHz		: 3400.000
cache size	: 8192 KB
physical id	: 0
siblings	: 8
core id		: 3
cpu cores	: 4
apicid		: 7
initial apicid	: 7
fpu		: yes
fpu_exception	: yes
cpuid level	: 13
wp		: yes
flags		: fpu vme de pse tsc msr pae mce cx8 apic sep mtrr pge mca cmov pat pse36 clflush dts acpi mmx fxsr sse sse2 ss ht tm pbe syscall nx pdpe1gb rdtscp lm constant_tsc arch_perfmon pebs bts rep_good nopl xtopology nonstop_tsc aperfmperf eagerfpu pni pclmulqdq dtes64 monitor ds_cpl vmx smx est tm2 ssse3 sdbg fma cx16 xtpr pdcm pcid sse4_1 sse4_2 x2apic movbe popcnt tsc_deadline_timer aes xsave avx f16c rdrand lahf_lm abm epb tpr_shadow vnmi flexpriority ept vpid fsgsbase tsc_adjust bmi1 hle avx2 smep bmi2 erms invpcid rtm xsaveopt dtherm ida arat pln pts
bugs		:
bogomips	: 6784.34
clflush size	: 64
cache_alignment	: 64
address sizes	: 39 bits physical, 48 bits virtual
power management:



Memory: 4k page, physical 8124516k(137444k free), swap 0k(0k free)

vm_info: OpenJDK 64-Bit Server VM (25.112-b06) for linux-amd64 JRE (1.8.0_112-release-b06), built on Dec  6 2016 12:11:18 by "builder" with gcc 4.8.4

time: Wed Apr 26 17:01:51 2017
elapsed time: 1 seconds (0d 0h 0m 1s)

