#
# There is insufficient memory for the Java Runtime Environment to continue.
# Native memory allocation (mmap) failed to map 169869312 bytes for committing reserved memory.
# Possible reasons:
#   The system is out of physical RAM or swap space
#   In 32 bit mode, the process size limit was hit
# Possible solutions:
#   Reduce memory load on the system
#   Increase physical memory or swap space
#   Check if swap backing store is full
#   Use 64 bit Java on a 64 bit OS
#   Decrease Java heap size (-Xmx/-Xms)
#   Decrease number of Java threads
#   Decrease Java thread stack sizes (-Xss)
#   Set larger code cache with -XX:ReservedCodeCacheSize=
# This output file may be truncated or incomplete.
#
#  Out of Memory Error (os_linux.cpp:2627), pid=8134, tid=0x00007fe1a9bfb700
#
# JRE version: OpenJDK Runtime Environment (8.0_112-b06) (build 1.8.0_112-release-b06)
# Java VM: OpenJDK 64-Bit Server VM (25.112-b06 mixed mode linux-amd64 compressed oops)
# Failed to write core dump. Core dumps have been disabled. To enable core dumping, try "ulimit -c unlimited" before starting Java again
#

---------------  T H R E A D  ---------------

Current thread (0x00007fe1c8082000):  VMThread [stack: 0x00007fe1a9afb000,0x00007fe1a9bfc000] [id=8151]

Stack: [0x00007fe1a9afb000,0x00007fe1a9bfc000],  sp=0x00007fe1a9bfa4c0,  free space=1021k
Native frames: (J=compiled Java code, j=interpreted, Vv=VM code, C=native code)
V  [libjvm.so+0x9e465d]  VMError::report_and_die()+0x15d
V  [libjvm.so+0x4b6ada]  report_vm_out_of_memory(char const*, int, unsigned long, VMErrorType, char const*)+0x8a
V  [libjvm.so+0x84c860]  os::pd_commit_memory(char*, unsigned long, unsigned long, bool)+0xf0
V  [libjvm.so+0x84737f]  os::commit_memory(char*, unsigned long, unsigned long, bool)+0x1f
V  [libjvm.so+0x8bd3db]  PSVirtualSpace::expand_by(unsigned long)+0x5b
V  [libjvm.so+0x8be050]  PSYoungGen::resize_generation(unsigned long, unsigned long)+0xb0
V  [libjvm.so+0x8be36b]  PSYoungGen::resize(unsigned long, unsigned long)+0x1b
V  [libjvm.so+0x8baa5c]  PSScavenge::invoke_no_policy()+0xdac
V  [libjvm.so+0x8bb238]  PSScavenge::invoke()+0x38
V  [libjvm.so+0x86fcf3]  ParallelScavengeHeap::failed_mem_allocate(unsigned long)+0x63
V  [libjvm.so+0x9e6124]  VM_ParallelGCFailedAllocation::doit()+0x84
V  [libjvm.so+0x9ea537]  VM_Operation::evaluate()+0x47
V  [libjvm.so+0x9e8ff8]  VMThread::evaluate_operation(VM_Operation*)+0x2c8
V  [libjvm.so+0x9e9479]  VMThread::loop()+0x219
V  [libjvm.so+0x9e98c2]  VMThread::run()+0x72
V  [libjvm.so+0x849c82]  java_start(Thread*)+0xf2

VM_Operation (0x00007fe1d126d270): ParallelGCFailedAllocation, mode: safepoint, requested by thread 0x00007fe1c800c800


---------------  P R O C E S S  ---------------

Java Threads: ( => current thread )
  0x00007fe1c80cd000 JavaThread "Service Thread" daemon [_thread_blocked, id=8159, stack(0x00007fe1a9019000,0x00007fe1a911a000)]
  0x00007fe1c80ca000 JavaThread "C1 CompilerThread3" daemon [_thread_blocked, id=8158, stack(0x00007fe1a911a000,0x00007fe1a921b000)]
  0x00007fe1c80c8000 JavaThread "C2 CompilerThread2" daemon [_thread_blocked, id=8157, stack(0x00007fe1a921b000,0x00007fe1a931c000)]
  0x00007fe1c80c6800 JavaThread "C2 CompilerThread1" daemon [_thread_blocked, id=8156, stack(0x00007fe1a931c000,0x00007fe1a941d000)]
  0x00007fe1c80c3800 JavaThread "C2 CompilerThread0" daemon [_thread_blocked, id=8155, stack(0x00007fe1a941d000,0x00007fe1a951e000)]
  0x00007fe1c80c2000 JavaThread "Signal Dispatcher" daemon [_thread_blocked, id=8154, stack(0x00007fe1a951e000,0x00007fe1a961f000)]
  0x00007fe1c808e800 JavaThread "Finalizer" daemon [_thread_blocked, id=8153, stack(0x00007fe1a98f9000,0x00007fe1a99fa000)]
  0x00007fe1c8089800 JavaThread "Reference Handler" daemon [_thread_blocked, id=8152, stack(0x00007fe1a99fa000,0x00007fe1a9afb000)]
  0x00007fe1c800c800 JavaThread "main" [_thread_blocked, id=8142, stack(0x00007fe1d116e000,0x00007fe1d126f000)]

Other Threads:
=>0x00007fe1c8082000 VMThread [stack: 0x00007fe1a9afb000,0x00007fe1a9bfc000] [id=8151]
  0x00007fe1c80cf800 WatcherThread [stack: 0x00007fe1a8f18000,0x00007fe1a9019000] [id=8160]

VM state:at safepoint (normal execution)

VM Mutex/Monitor currently owned by a thread:  ([mutex/lock_event])
[0x00007fe1c8008c00] Threads_lock - owner thread: 0x00007fe1c8082000
[0x00007fe1c8009100] Heap_lock - owner thread: 0x00007fe1c800c800

Heap:
 PSYoungGen      total 95232K, used 5097K [0x00000000eab00000, 0x00000000f0d80000, 0x0000000100000000)
  eden space 90112K, 0% used [0x00000000eab00000,0x00000000eab00000,0x00000000f0300000)
  from space 5120K, 99% used [0x00000000f0380000,0x00000000f087a4d8,0x00000000f0880000)
  to   space 4096K, 0% used [0x00000000f0980000,0x00000000f0980000,0x00000000f0d80000)
 ParOldGen       total 153088K, used 28773K [0x00000000c0000000, 0x00000000c9580000, 0x00000000eab00000)
  object space 153088K, 18% used [0x00000000c0000000,0x00000000c1c19608,0x00000000c9580000)
 Metaspace       used 4708K, capacity 5424K, committed 5632K, reserved 1056768K
  class space    used 478K, capacity 488K, committed 512K, reserved 1048576K

Card table byte_map: [0x00007fe1cde05000,0x00007fe1ce006000] byte_map_base: 0x00007fe1cd805000

Marking Bits: (ParMarkBitMap*) 0x00007fe1d0642340
 Begin Bits: [0x00007fe1aa000000, 0x00007fe1ab000000)
 End Bits:   [0x00007fe1ab000000, 0x00007fe1ac000000)

Polling page: 0x00007fe1d1291000

CodeCache: size=245760Kb used=4405Kb max_used=4417Kb free=241354Kb
 bounds [0x00007fe1b9000000, 0x00007fe1b9460000, 0x00007fe1c8000000]
 total_blobs=1486 nmethods=1213 adapters=188
 compilation: enabled

Compilation events (10 events):
Event: 2,630 Thread 0x00007fe1c80c6800 nmethod 1194 0x00007fe1b9450dd0 code [0x00007fe1b9450fe0, 0x00007fe1b9451e98]
Event: 2,630 Thread 0x00007fe1c80c6800 1219       4       com.android.dex.Dex$Section::readClassData (66 bytes)
Event: 2,632 Thread 0x00007fe1c80c3800 nmethod 1209 0x00007fe1b9453d50 code [0x00007fe1b9453ec0, 0x00007fe1b9454118]
Event: 2,632 Thread 0x00007fe1c80c3800 1211       4       com.android.dx.io.instructions.InstructionCodec$15::decode (54 bytes)
Event: 2,634 Thread 0x00007fe1c80c3800 nmethod 1211 0x00007fe1b9453790 code [0x00007fe1b9453900, 0x00007fe1b9453b38]
Event: 2,634 Thread 0x00007fe1c80c3800 1221       4       com.android.dx.io.instructions.DecodedInstruction::getLiteralUnit (55 bytes)
Event: 2,634 Thread 0x00007fe1c80c3800 nmethod 1221 0x00007fe1b9420a90 code [0x00007fe1b9420be0, 0x00007fe1b9420c78]
Event: 2,634 Thread 0x00007fe1c80c3800 1208       4       com.android.dx.io.instructions.InstructionCodec$11::encode (22 bytes)
Event: 2,636 Thread 0x00007fe1c80c3800 nmethod 1208 0x00007fe1b9455c90 code [0x00007fe1b9455e00, 0x00007fe1b9456038]
Event: 2,636 Thread 0x00007fe1c80c3800 1220       4       com.android.dx.merge.DexMerger::transformClassData (111 bytes)

GC Heap History (10 events):
Event: 0,297 GC heap after
Heap after GC invocations=1 (full 0):
 PSYoungGen      total 36864K, used 5107K [0x00000000eab00000, 0x00000000ef300000, 0x0000000100000000)
  eden space 31744K, 0% used [0x00000000eab00000,0x00000000eab00000,0x00000000eca00000)
  from space 5120K, 99% used [0x00000000eca00000,0x00000000ecefcf90,0x00000000ecf00000)
  to   space 5120K, 0% used [0x00000000eee00000,0x00000000eee00000,0x00000000ef300000)
 ParOldGen       total 84992K, used 3672K [0x00000000c0000000, 0x00000000c5300000, 0x00000000eab00000)
  object space 84992K, 4% used [0x00000000c0000000,0x00000000c03962e0,0x00000000c5300000)
 Metaspace       used 3494K, capacity 4720K, committed 4864K, reserved 1056768K
  class space    used 363K, capacity 424K, committed 512K, reserved 1048576K
}
Event: 0,372 GC heap before
{Heap before GC invocations=2 (full 0):
 PSYoungGen      total 36864K, used 36851K [0x00000000eab00000, 0x00000000ef300000, 0x0000000100000000)
  eden space 31744K, 100% used [0x00000000eab00000,0x00000000eca00000,0x00000000eca00000)
  from space 5120K, 99% used [0x00000000eca00000,0x00000000ecefcf90,0x00000000ecf00000)
  to   space 5120K, 0% used [0x00000000eee00000,0x00000000eee00000,0x00000000ef300000)
 ParOldGen       total 84992K, used 3672K [0x00000000c0000000, 0x00000000c5300000, 0x00000000eab00000)
  object space 84992K, 4% used [0x00000000c0000000,0x00000000c03962e0,0x00000000c5300000)
 Metaspace       used 3784K, capacity 4944K, committed 5120K, reserved 1056768K
  class space    used 392K, capacity 456K, committed 512K, reserved 1048576K
Event: 0,382 GC heap after
Heap after GC invocations=2 (full 0):
 PSYoungGen      total 68608K, used 5118K [0x00000000eab00000, 0x00000000ef300000, 0x0000000100000000)
  eden space 63488K, 0% used [0x00000000eab00000,0x00000000eab00000,0x00000000ee900000)
  from space 5120K, 99% used [0x00000000eee00000,0x00000000ef2ffb40,0x00000000ef300000)
  to   space 5120K, 0% used [0x00000000ee900000,0x00000000ee900000,0x00000000eee00000)
 ParOldGen       total 84992K, used 73342K [0x00000000c0000000, 0x00000000c5300000, 0x00000000eab00000)
  object space 84992K, 86% used [0x00000000c0000000,0x00000000c479fa08,0x00000000c5300000)
 Metaspace       used 3784K, capacity 4944K, committed 5120K, reserved 1056768K
  class space    used 392K, capacity 456K, committed 512K, reserved 1048576K
}
Event: 0,382 GC heap before
{Heap before GC invocations=3 (full 1):
 PSYoungGen      total 68608K, used 5118K [0x00000000eab00000, 0x00000000ef300000, 0x0000000100000000)
  eden space 63488K, 0% used [0x00000000eab00000,0x00000000eab00000,0x00000000ee900000)
  from space 5120K, 99% used [0x00000000eee00000,0x00000000ef2ffb40,0x00000000ef300000)
  to   space 5120K, 0% used [0x00000000ee900000,0x00000000ee900000,0x00000000eee00000)
 ParOldGen       total 84992K, used 73342K [0x00000000c0000000, 0x00000000c5300000, 0x00000000eab00000)
  object space 84992K, 86% used [0x00000000c0000000,0x00000000c479fa08,0x00000000c5300000)
 Metaspace       used 3784K, capacity 4944K, committed 5120K, reserved 1056768K
  class space    used 392K, capacity 456K, committed 512K, reserved 1048576K
Event: 0,395 GC heap after
Heap after GC invocations=3 (full 1):
 PSYoungGen      total 68608K, used 0K [0x00000000eab00000, 0x00000000ef300000, 0x0000000100000000)
  eden space 63488K, 0% used [0x00000000eab00000,0x00000000eab00000,0x00000000ee900000)
  from space 5120K, 0% used [0x00000000eee00000,0x00000000eee00000,0x00000000ef300000)
  to   space 5120K, 0% used [0x00000000ee900000,0x00000000ee900000,0x00000000eee00000)
 ParOldGen       total 153088K, used 19643K [0x00000000c0000000, 0x00000000c9580000, 0x00000000eab00000)
  object space 153088K, 12% used [0x00000000c0000000,0x00000000c132ed00,0x00000000c9580000)
 Metaspace       used 3784K, capacity 4944K, committed 5120K, reserved 1056768K
  class space    used 392K, capacity 456K, committed 512K, reserved 1048576K
}
Event: 0,837 GC heap before
{Heap before GC invocations=4 (full 1):
 PSYoungGen      total 68608K, used 63488K [0x00000000eab00000, 0x00000000ef300000, 0x0000000100000000)
  eden space 63488K, 100% used [0x00000000eab00000,0x00000000ee900000,0x00000000ee900000)
  from space 5120K, 0% used [0x00000000eee00000,0x00000000eee00000,0x00000000ef300000)
  to   space 5120K, 0% used [0x00000000ee900000,0x00000000ee900000,0x00000000eee00000)
 ParOldGen       total 153088K, used 19643K [0x00000000c0000000, 0x00000000c9580000, 0x00000000eab00000)
  object space 153088K, 12% used [0x00000000c0000000,0x00000000c132ed00,0x00000000c9580000)
 Metaspace       used 4347K, capacity 5424K, committed 5632K, reserved 1056768K
  class space    used 445K, capacity 488K, committed 512K, reserved 1048576K
Event: 0,840 GC heap after
Heap after GC invocations=4 (full 1):
 PSYoungGen      total 68608K, used 3957K [0x00000000eab00000, 0x00000000f0e80000, 0x0000000100000000)
  eden space 63488K, 0% used [0x00000000eab00000,0x00000000eab00000,0x00000000ee900000)
  from space 5120K, 77% used [0x00000000ee900000,0x00000000eecdd438,0x00000000eee00000)
  to   space 5120K, 0% used [0x00000000f0980000,0x00000000f0980000,0x00000000f0e80000)
 ParOldGen       total 153088K, used 19907K [0x00000000c0000000, 0x00000000c9580000, 0x00000000eab00000)
  object space 153088K, 13% used [0x00000000c0000000,0x00000000c1370d18,0x00000000c9580000)
 Metaspace       used 4347K, capacity 5424K, committed 5632K, reserved 1056768K
  class space    used 445K, capacity 488K, committed 512K, reserved 1048576K
}
Event: 0,943 GC heap before
{Heap before GC invocations=5 (full 1):
 PSYoungGen      total 68608K, used 67445K [0x00000000eab00000, 0x00000000f0e80000, 0x0000000100000000)
  eden space 63488K, 100% used [0x00000000eab00000,0x00000000ee900000,0x00000000ee900000)
  from space 5120K, 77% used [0x00000000ee900000,0x00000000eecdd438,0x00000000eee00000)
  to   space 5120K, 0% used [0x00000000f0980000,0x00000000f0980000,0x00000000f0e80000)
 ParOldGen       total 153088K, used 19907K [0x00000000c0000000, 0x00000000c9580000, 0x00000000eab00000)
  object space 153088K, 13% used [0x00000000c0000000,0x00000000c1370d18,0x00000000c9580000)
 Metaspace       used 4370K, capacity 5424K, committed 5632K, reserved 1056768K
  class space    used 445K, capacity 488K, committed 512K, reserved 1048576K
Event: 0,946 GC heap after
Heap after GC invocations=5 (full 1):
 PSYoungGen      total 94208K, used 3646K [0x00000000eab00000, 0x00000000f0d80000, 0x0000000100000000)
  eden space 90112K, 0% used [0x00000000eab00000,0x00000000eab00000,0x00000000f0300000)
  from space 4096K, 89% used [0x00000000f0980000,0x00000000f0d0fa50,0x00000000f0d80000)
  to   space 5120K, 0% used [0x00000000f0380000,0x00000000f0380000,0x00000000f0880000)
 ParOldGen       total 153088K, used 19907K [0x00000000c0000000, 0x00000000c9580000, 0x00000000eab00000)
  object space 153088K, 13% used [0x00000000c0000000,0x00000000c1370d18,0x00000000c9580000)
 Metaspace       used 4370K, capacity 5424K, committed 5632K, reserved 1056768K
  class space    used 445K, capacity 488K, committed 512K, reserved 1048576K
}
Event: 2,642 GC heap before
{Heap before GC invocations=6 (full 1):
 PSYoungGen      total 94208K, used 93758K [0x00000000eab00000, 0x00000000f0d80000, 0x0000000100000000)
  eden space 90112K, 100% used [0x00000000eab00000,0x00000000f0300000,0x00000000f0300000)
  from space 4096K, 89% used [0x00000000f0980000,0x00000000f0d0fa50,0x00000000f0d80000)
  to   space 5120K, 0% used [0x00000000f0380000,0x00000000f0380000,0x00000000f0880000)
 ParOldGen       total 153088K, used 19907K [0x00000000c0000000, 0x00000000c9580000, 0x00000000eab00000)
  object space 153088K, 13% used [0x00000000c0000000,0x00000000c1370d18,0x00000000c9580000)
 Metaspace       used 4708K, capacity 5424K, committed 5632K, reserved 1056768K
  class space    used 478K, capacity 488K, committed 512K, reserved 1048576K

Deoptimization events (10 events):
Event: 1,907 Thread 0x00007fe1c800c800 Uncommon trap: reason=class_check action=maybe_recompile pc=0x00007fe1b93a3524 method=java.util.HashMap.putVal(ILjava/lang/Object;Ljava/lang/Object;ZZ)Ljava/lang/Object; @ 56
Event: 1,907 Thread 0x00007fe1c800c800 Uncommon trap: reason=class_check action=maybe_recompile pc=0x00007fe1b93a3524 method=java.util.HashMap.putVal(ILjava/lang/Object;Ljava/lang/Object;ZZ)Ljava/lang/Object; @ 56
Event: 2,003 Thread 0x00007fe1c800c800 Uncommon trap: reason=unstable_if action=reinterpret pc=0x00007fe1b939a5c4 method=java.util.HashMap.resize()[Ljava/util/HashMap$Node; @ 68
Event: 2,003 Thread 0x00007fe1c800c800 Uncommon trap: reason=bimorphic action=maybe_recompile pc=0x00007fe1b93a4828 method=java.util.HashMap.getNode(ILjava/lang/Object;)Ljava/util/HashMap$Node; @ 126
Event: 2,003 Thread 0x00007fe1c800c800 Uncommon trap: reason=bimorphic action=maybe_recompile pc=0x00007fe1b93a4828 method=java.util.HashMap.getNode(ILjava/lang/Object;)Ljava/util/HashMap$Node; @ 126
Event: 2,003 Thread 0x00007fe1c800c800 Uncommon trap: reason=bimorphic action=maybe_recompile pc=0x00007fe1b93a4828 method=java.util.HashMap.getNode(ILjava/lang/Object;)Ljava/util/HashMap$Node; @ 126
Event: 2,003 Thread 0x00007fe1c800c800 Uncommon trap: reason=bimorphic action=maybe_recompile pc=0x00007fe1b93a4828 method=java.util.HashMap.getNode(ILjava/lang/Object;)Ljava/util/HashMap$Node; @ 126
Event: 2,486 Thread 0x00007fe1c800c800 Uncommon trap: reason=unstable_if action=reinterpret pc=0x00007fe1b924e2bc method=com.android.dx.merge.DexMerger$IdMerger.readIntoMap(Lcom/android/dex/Dex$Section;Lcom/android/dex/TableOfContents$Section;Lcom/android/dx/merge/IndexMap;ILjava/util/TreeMap;
Event: 2,486 Thread 0x00007fe1c800c800 Uncommon trap: reason=unstable_if action=reinterpret pc=0x00007fe1b91bacbc method=com.android.dex.Mutf8.countBytes(Ljava/lang/String;Z)J @ 50
Event: 2,576 Thread 0x00007fe1c800c800 Uncommon trap: reason=unloaded action=reinterpret pc=0x00007fe1b92efa4c method=com.android.dx.merge.IndexMap$EncodedValueTransformer.transform(Lcom/android/dex/EncodedValueReader;)V @ 232

Internal exceptions (3 events):
Event: 0,198 Thread 0x00007fe1c800c800 Exception <a 'java/lang/NoSuchMethodError': Method sun.misc.Unsafe.defineClass(Ljava/lang/String;[BII)Ljava/lang/Class; name or signature does not match> (0x00000000eab07c78) thrown at [/ssd/Android/AOSP-openjdk/external/jetbrains/jdk/hotspot/src/share/vm
Event: 0,198 Thread 0x00007fe1c800c800 Exception <a 'java/lang/NoSuchMethodError': Method sun.misc.Unsafe.prefetchRead(Ljava/lang/Object;J)V name or signature does not match> (0x00000000eab07f60) thrown at [/ssd/Android/AOSP-openjdk/external/jetbrains/jdk/hotspot/src/share/vm/prims/jni.cpp, li
Event: 2,486 Thread 0x00007fe1c800c800 Implicit null exception at 0x00007fe1b924d452 to 0x00007fe1b924e299

Events (10 events):
Event: 2,575 Thread 0x00007fe1c800c800 DEOPT PACKING pc=0x00007fe1b9414650 sp=0x00007fe1d126d3a0
Event: 2,575 Thread 0x00007fe1c800c800 DEOPT UNPACKING pc=0x00007fe1b9047373 sp=0x00007fe1d126d0b0 mode 0
Event: 2,576 Thread 0x00007fe1c800c800 Uncommon trap: trap_request=0x0000006a fr.pc=0x00007fe1b92efa4c
Event: 2,576 Thread 0x00007fe1c800c800 DEOPT PACKING pc=0x00007fe1b92efa4c sp=0x00007fe1d126d370
Event: 2,576 Thread 0x00007fe1c800c800 DEOPT UNPACKING pc=0x00007fe1b9004f69 sp=0x00007fe1d126d360 mode 2
Event: 2,582 loading class java/util/Collections$EmptyIterator
Event: 2,608 loading class java/util/Collections$EmptyIterator done
Event: 2,611 Thread 0x00007fe1c800c800 DEOPT PACKING pc=0x00007fe1b92c7f4f sp=0x00007fe1d126d3b0
Event: 2,611 Thread 0x00007fe1c800c800 DEOPT UNPACKING pc=0x00007fe1b9047373 sp=0x00007fe1d126d120 mode 0
Event: 2,642 Executing VM operation: ParallelGCFailedAllocation


Dynamic libraries:
00400000-00401000 r-xp 00000000 08:08 1189929                            /opt/android-studio/jre/bin/java
00600000-00601000 r--p 00000000 08:08 1189929                            /opt/android-studio/jre/bin/java
00601000-00602000 rw-p 00001000 08:08 1189929                            /opt/android-studio/jre/bin/java
01bce000-01bef000 rw-p 00000000 00:00 0                                  [heap]
c0000000-c9580000 rw-p 00000000 00:00 0 
c9580000-eab00000 ---p 00000000 00:00 0 
eab00000-f0d80000 rw-p 00000000 00:00 0 
faf80000-100000000 ---p 00000000 00:00 0 
100000000-100080000 rw-p 00000000 00:00 0 
100080000-140000000 ---p 00000000 00:00 0 
7fe164000000-7fe164021000 rw-p 00000000 00:00 0 
7fe164021000-7fe168000000 ---p 00000000 00:00 0 
7fe168000000-7fe168021000 rw-p 00000000 00:00 0 
7fe168021000-7fe16c000000 ---p 00000000 00:00 0 
7fe16c000000-7fe16cdb3000 rw-p 00000000 00:00 0 
7fe16cdb3000-7fe170000000 ---p 00000000 00:00 0 
7fe170000000-7fe17045a000 rw-p 00000000 00:00 0 
7fe17045a000-7fe174000000 ---p 00000000 00:00 0 
7fe174000000-7fe175305000 rw-p 00000000 00:00 0 
7fe175305000-7fe178000000 ---p 00000000 00:00 0 
7fe178000000-7fe178a16000 rw-p 00000000 00:00 0 
7fe178a16000-7fe17c000000 ---p 00000000 00:00 0 
7fe17c000000-7fe17c021000 rw-p 00000000 00:00 0 
7fe17c021000-7fe180000000 ---p 00000000 00:00 0 
7fe180000000-7fe180021000 rw-p 00000000 00:00 0 
7fe180021000-7fe184000000 ---p 00000000 00:00 0 
7fe184000000-7fe18427f000 rw-p 00000000 00:00 0 
7fe18427f000-7fe188000000 ---p 00000000 00:00 0 
7fe188000000-7fe188021000 rw-p 00000000 00:00 0 
7fe188021000-7fe18c000000 ---p 00000000 00:00 0 
7fe18c000000-7fe18c021000 rw-p 00000000 00:00 0 
7fe18c021000-7fe190000000 ---p 00000000 00:00 0 
7fe190000000-7fe190021000 rw-p 00000000 00:00 0 
7fe190021000-7fe194000000 ---p 00000000 00:00 0 
7fe194000000-7fe194021000 rw-p 00000000 00:00 0 
7fe194021000-7fe198000000 ---p 00000000 00:00 0 
7fe19c000000-7fe19c021000 rw-p 00000000 00:00 0 
7fe19c021000-7fe1a0000000 ---p 00000000 00:00 0 
7fe1a4000000-7fe1a4021000 rw-p 00000000 00:00 0 
7fe1a4021000-7fe1a8000000 ---p 00000000 00:00 0 
7fe1a8f18000-7fe1a8f19000 ---p 00000000 00:00 0 
7fe1a8f19000-7fe1a9019000 rw-p 00000000 00:00 0 
7fe1a9019000-7fe1a901c000 ---p 00000000 00:00 0 
7fe1a901c000-7fe1a911a000 rw-p 00000000 00:00 0 
7fe1a911a000-7fe1a911d000 ---p 00000000 00:00 0 
7fe1a911d000-7fe1a921b000 rw-p 00000000 00:00 0 
7fe1a921b000-7fe1a921e000 ---p 00000000 00:00 0 
7fe1a921e000-7fe1a931c000 rw-p 00000000 00:00 0 
7fe1a931c000-7fe1a931f000 ---p 00000000 00:00 0 
7fe1a931f000-7fe1a941d000 rw-p 00000000 00:00 0 
7fe1a941d000-7fe1a9420000 ---p 00000000 00:00 0 
7fe1a9420000-7fe1a951e000 rw-p 00000000 00:00 0 
7fe1a951e000-7fe1a9521000 ---p 00000000 00:00 0 
7fe1a9521000-7fe1a961f000 rw-p 00000000 00:00 0 
7fe1a961f000-7fe1a98f9000 r--p 00000000 08:08 399771                     /usr/lib/locale/locale-archive
7fe1a98f9000-7fe1a98fc000 ---p 00000000 00:00 0 
7fe1a98fc000-7fe1a99fa000 rw-p 00000000 00:00 0 
7fe1a99fa000-7fe1a99fd000 ---p 00000000 00:00 0 
7fe1a99fd000-7fe1a9afb000 rw-p 00000000 00:00 0 
7fe1a9afb000-7fe1a9afc000 ---p 00000000 00:00 0 
7fe1a9afc000-7fe1ac000000 rw-p 00000000 00:00 0 
7fe1ac000000-7fe1ac021000 rw-p 00000000 00:00 0 
7fe1ac021000-7fe1b0000000 ---p 00000000 00:00 0 
7fe1b0000000-7fe1b0021000 rw-p 00000000 00:00 0 
7fe1b0021000-7fe1b4000000 ---p 00000000 00:00 0 
7fe1b4000000-7fe1b4021000 rw-p 00000000 00:00 0 
7fe1b4021000-7fe1b8000000 ---p 00000000 00:00 0 
7fe1b800a000-7fe1b9000000 rw-p 00000000 00:00 0 
7fe1b9000000-7fe1b9460000 rwxp 00000000 00:00 0 
7fe1b9460000-7fe1c8000000 ---p 00000000 00:00 0 
7fe1c8000000-7fe1c83a0000 rw-p 00000000 00:00 0 
7fe1c83a0000-7fe1cc000000 ---p 00000000 00:00 0 
7fe1cc00a000-7fe1cc018000 r--s 000e0000 08:08 6300514                    /home/rafael/Android/Sdk/build-tools/25.0.0/lib/dx.jar
7fe1cc018000-7fe1cc862000 rw-p 00000000 00:00 0 
7fe1cc862000-7fe1cca31000 r--s 03c1b000 08:08 1731281                    /opt/android-studio/jre/jre/lib/rt.jar
7fe1cca31000-7fe1ccfa7000 rw-p 00000000 00:00 0 
7fe1ccfa7000-7fe1cd2a7000 ---p 00000000 00:00 0 
7fe1cd2a7000-7fe1cd4a7000 rw-p 00000000 00:00 0 
7fe1cd4a7000-7fe1cd4a8000 ---p 00000000 00:00 0 
7fe1cd4a8000-7fe1cd5a8000 rw-p 00000000 00:00 0 
7fe1cd5a8000-7fe1cd5a9000 ---p 00000000 00:00 0 
7fe1cd5a9000-7fe1cd6a9000 rw-p 00000000 00:00 0 
7fe1cd6a9000-7fe1cd6aa000 ---p 00000000 00:00 0 
7fe1cd6aa000-7fe1cd7aa000 rw-p 00000000 00:00 0 
7fe1cd7aa000-7fe1cd7ab000 ---p 00000000 00:00 0 
7fe1cd7ab000-7fe1cd8ab000 rw-p 00000000 00:00 0 
7fe1cd8ab000-7fe1cd8ac000 ---p 00000000 00:00 0 
7fe1cd8ac000-7fe1cd9ac000 rw-p 00000000 00:00 0 
7fe1cd9ac000-7fe1cd9ad000 ---p 00000000 00:00 0 
7fe1cd9ad000-7fe1cdaad000 rw-p 00000000 00:00 0 
7fe1cdaad000-7fe1cdaae000 ---p 00000000 00:00 0 
7fe1cdaae000-7fe1cdbae000 rw-p 00000000 00:00 0 
7fe1cdbae000-7fe1cdbaf000 ---p 00000000 00:00 0 
7fe1cdbaf000-7fe1cdcfa000 rw-p 00000000 00:00 0 
7fe1cdcfa000-7fe1cde05000 ---p 00000000 00:00 0 
7fe1cde05000-7fe1cde50000 rw-p 00000000 00:00 0 
7fe1cde50000-7fe1cdf5a000 ---p 00000000 00:00 0 
7fe1cdf5a000-7fe1cdf8c000 rw-p 00000000 00:00 0 
7fe1cdf8c000-7fe1ce005000 ---p 00000000 00:00 0 
7fe1ce005000-7fe1ce018000 rw-p 00000000 00:00 0 
7fe1ce018000-7fe1ce3c6000 ---p 00000000 00:00 0 
7fe1ce3c6000-7fe1ce3e0000 r-xp 00000000 08:08 1842259                    /opt/android-studio/jre/jre/lib/amd64/libzip.so
7fe1ce3e0000-7fe1ce5e0000 ---p 0001a000 08:08 1842259                    /opt/android-studio/jre/jre/lib/amd64/libzip.so
7fe1ce5e0000-7fe1ce5e1000 r--p 0001a000 08:08 1842259                    /opt/android-studio/jre/jre/lib/amd64/libzip.so
7fe1ce5e1000-7fe1ce5e2000 rw-p 0001b000 08:08 1842259                    /opt/android-studio/jre/jre/lib/amd64/libzip.so
7fe1ce5e2000-7fe1ce5ed000 r-xp 00000000 08:08 2885274                    /lib/x86_64-linux-gnu/libnss_files-2.24.so
7fe1ce5ed000-7fe1ce7ec000 ---p 0000b000 08:08 2885274                    /lib/x86_64-linux-gnu/libnss_files-2.24.so
7fe1ce7ec000-7fe1ce7ed000 r--p 0000a000 08:08 2885274                    /lib/x86_64-linux-gnu/libnss_files-2.24.so
7fe1ce7ed000-7fe1ce7ee000 rw-p 0000b000 08:08 2885274                    /lib/x86_64-linux-gnu/libnss_files-2.24.so
7fe1ce7ee000-7fe1ce7f4000 rw-p 00000000 00:00 0 
7fe1ce7f4000-7fe1ce7ff000 r-xp 00000000 08:08 2885276                    /lib/x86_64-linux-gnu/libnss_nis-2.24.so
7fe1ce7ff000-7fe1ce9fe000 ---p 0000b000 08:08 2885276                    /lib/x86_64-linux-gnu/libnss_nis-2.24.so
7fe1ce9fe000-7fe1ce9ff000 r--p 0000a000 08:08 2885276                    /lib/x86_64-linux-gnu/libnss_nis-2.24.so
7fe1ce9ff000-7fe1cea00000 rw-p 0000b000 08:08 2885276                    /lib/x86_64-linux-gnu/libnss_nis-2.24.so
7fe1cea00000-7fe1cea16000 r-xp 00000000 08:08 2885271                    /lib/x86_64-linux-gnu/libnsl-2.24.so
7fe1cea16000-7fe1cec15000 ---p 00016000 08:08 2885271                    /lib/x86_64-linux-gnu/libnsl-2.24.so
7fe1cec15000-7fe1cec16000 r--p 00015000 08:08 2885271                    /lib/x86_64-linux-gnu/libnsl-2.24.so
7fe1cec16000-7fe1cec17000 rw-p 00016000 08:08 2885271                    /lib/x86_64-linux-gnu/libnsl-2.24.so
7fe1cec17000-7fe1cec19000 rw-p 00000000 00:00 0 
7fe1cec19000-7fe1cec21000 r-xp 00000000 08:08 2885272                    /lib/x86_64-linux-gnu/libnss_compat-2.24.so
7fe1cec21000-7fe1cee20000 ---p 00008000 08:08 2885272                    /lib/x86_64-linux-gnu/libnss_compat-2.24.so
7fe1cee20000-7fe1cee21000 r--p 00007000 08:08 2885272                    /lib/x86_64-linux-gnu/libnss_compat-2.24.so
7fe1cee21000-7fe1cee22000 rw-p 00008000 08:08 2885272                    /lib/x86_64-linux-gnu/libnss_compat-2.24.so
7fe1cee22000-7fe1cee4f000 r-xp 00000000 08:08 1843086                    /opt/android-studio/jre/jre/lib/amd64/libjava.so
7fe1cee4f000-7fe1cf04e000 ---p 0002d000 08:08 1843086                    /opt/android-studio/jre/jre/lib/amd64/libjava.so
7fe1cf04e000-7fe1cf04f000 r--p 0002c000 08:08 1843086                    /opt/android-studio/jre/jre/lib/amd64/libjava.so
7fe1cf04f000-7fe1cf051000 rw-p 0002d000 08:08 1843086                    /opt/android-studio/jre/jre/lib/amd64/libjava.so
7fe1cf051000-7fe1cf061000 r-xp 00000000 08:08 1842246                    /opt/android-studio/jre/jre/lib/amd64/libverify.so
7fe1cf061000-7fe1cf260000 ---p 00010000 08:08 1842246                    /opt/android-studio/jre/jre/lib/amd64/libverify.so
7fe1cf260000-7fe1cf262000 r--p 0000f000 08:08 1842246                    /opt/android-studio/jre/jre/lib/amd64/libverify.so
7fe1cf262000-7fe1cf263000 rw-p 00011000 08:08 1842246                    /opt/android-studio/jre/jre/lib/amd64/libverify.so
7fe1cf263000-7fe1cf26a000 r-xp 00000000 08:08 2885281                    /lib/x86_64-linux-gnu/librt-2.24.so
7fe1cf26a000-7fe1cf469000 ---p 00007000 08:08 2885281                    /lib/x86_64-linux-gnu/librt-2.24.so
7fe1cf469000-7fe1cf46a000 r--p 00006000 08:08 2885281                    /lib/x86_64-linux-gnu/librt-2.24.so
7fe1cf46a000-7fe1cf46b000 rw-p 00007000 08:08 2885281                    /lib/x86_64-linux-gnu/librt-2.24.so
7fe1cf46b000-7fe1cf573000 r-xp 00000000 08:08 2885268                    /lib/x86_64-linux-gnu/libm-2.24.so
7fe1cf573000-7fe1cf772000 ---p 00108000 08:08 2885268                    /lib/x86_64-linux-gnu/libm-2.24.so
7fe1cf772000-7fe1cf773000 r--p 00107000 08:08 2885268                    /lib/x86_64-linux-gnu/libm-2.24.so
7fe1cf773000-7fe1cf774000 rw-p 00108000 08:08 2885268                    /lib/x86_64-linux-gnu/libm-2.24.so
7fe1cf774000-7fe1d0365000 r-xp 00000000 08:08 1842255                    /opt/android-studio/jre/jre/lib/amd64/server/libjvm.so
7fe1d0365000-7fe1d0565000 ---p 00bf1000 08:08 1842255                    /opt/android-studio/jre/jre/lib/amd64/server/libjvm.so
7fe1d0565000-7fe1d0604000 r--p 00bf1000 08:08 1842255                    /opt/android-studio/jre/jre/lib/amd64/server/libjvm.so
7fe1d0604000-7fe1d062d000 rw-p 00c90000 08:08 1842255                    /opt/android-studio/jre/jre/lib/amd64/server/libjvm.so
7fe1d062d000-7fe1d0671000 rw-p 00000000 00:00 0 
7fe1d0671000-7fe1d0689000 r-xp 00000000 08:08 2885279                    /lib/x86_64-linux-gnu/libpthread-2.24.so
7fe1d0689000-7fe1d0889000 ---p 00018000 08:08 2885279                    /lib/x86_64-linux-gnu/libpthread-2.24.so
7fe1d0889000-7fe1d088a000 r--p 00018000 08:08 2885279                    /lib/x86_64-linux-gnu/libpthread-2.24.so
7fe1d088a000-7fe1d088b000 rw-p 00019000 08:08 2885279                    /lib/x86_64-linux-gnu/libpthread-2.24.so
7fe1d088b000-7fe1d088f000 rw-p 00000000 00:00 0 
7fe1d088f000-7fe1d0892000 r-xp 00000000 08:08 2885267                    /lib/x86_64-linux-gnu/libdl-2.24.so
7fe1d0892000-7fe1d0a91000 ---p 00003000 08:08 2885267                    /lib/x86_64-linux-gnu/libdl-2.24.so
7fe1d0a91000-7fe1d0a92000 r--p 00002000 08:08 2885267                    /lib/x86_64-linux-gnu/libdl-2.24.so
7fe1d0a92000-7fe1d0a93000 rw-p 00003000 08:08 2885267                    /lib/x86_64-linux-gnu/libdl-2.24.so
7fe1d0a93000-7fe1d0c50000 r-xp 00000000 08:08 2885264                    /lib/x86_64-linux-gnu/libc-2.24.so
7fe1d0c50000-7fe1d0e50000 ---p 001bd000 08:08 2885264                    /lib/x86_64-linux-gnu/libc-2.24.so
7fe1d0e50000-7fe1d0e54000 r--p 001bd000 08:08 2885264                    /lib/x86_64-linux-gnu/libc-2.24.so
7fe1d0e54000-7fe1d0e56000 rw-p 001c1000 08:08 2885264                    /lib/x86_64-linux-gnu/libc-2.24.so
7fe1d0e56000-7fe1d0e5a000 rw-p 00000000 00:00 0 
7fe1d0e5a000-7fe1d0e70000 r-xp 00000000 08:08 1582853                    /opt/android-studio/jre/lib/amd64/jli/libjli.so
7fe1d0e70000-7fe1d106f000 ---p 00016000 08:08 1582853                    /opt/android-studio/jre/lib/amd64/jli/libjli.so
7fe1d106f000-7fe1d1070000 r--p 00015000 08:08 1582853                    /opt/android-studio/jre/lib/amd64/jli/libjli.so
7fe1d1070000-7fe1d1071000 rw-p 00016000 08:08 1582853                    /opt/android-studio/jre/lib/amd64/jli/libjli.so
7fe1d1071000-7fe1d1096000 r-xp 00000000 08:08 2883609                    /lib/x86_64-linux-gnu/ld-2.24.so
7fe1d1098000-7fe1d109d000 r--s 00098000 08:08 1731276                    /opt/android-studio/jre/jre/lib/jsse.jar
7fe1d109d000-7fe1d116e000 rw-p 00000000 00:00 0 
7fe1d116e000-7fe1d1171000 ---p 00000000 00:00 0 
7fe1d1171000-7fe1d1271000 rw-p 00000000 00:00 0 
7fe1d1274000-7fe1d1288000 rw-p 00000000 00:00 0 
7fe1d1288000-7fe1d1290000 rw-s 00000000 08:08 1183310                    /tmp/hsperfdata_rafael/8134
7fe1d1290000-7fe1d1291000 rw-p 00000000 00:00 0 
7fe1d1291000-7fe1d1292000 ---p 00000000 00:00 0 
7fe1d1292000-7fe1d1295000 rw-p 00000000 00:00 0 
7fe1d1295000-7fe1d1296000 r--p 00024000 08:08 2883609                    /lib/x86_64-linux-gnu/ld-2.24.so
7fe1d1296000-7fe1d1297000 rw-p 00025000 08:08 2883609                    /lib/x86_64-linux-gnu/ld-2.24.so
7fe1d1297000-7fe1d1298000 rw-p 00000000 00:00 0 
7ffdd7609000-7ffdd762b000 rw-p 00000000 00:00 0                          [stack]
7ffdd76b9000-7ffdd76bb000 r--p 00000000 00:00 0                          [vvar]
7ffdd76bb000-7ffdd76bd000 r-xp 00000000 00:00 0                          [vdso]
ffffffffff600000-ffffffffff601000 r-xp 00000000 00:00 0                  [vsyscall]

VM Arguments:
jvm_args: -Djava.awt.headless=true -Xmx1024M -Dfile.encoding=UTF-8 -Duser.country=US -Duser.language=en -Duser.variant 
java_command: com.android.dx.command.Main --dex --num-threads=4 --output /home/rafael/Documents/AndroidStudioProjects/UFVMaps/app/build/intermediates/transforms/dex/debug/folders/1000/1f/main /home/rafael/Documents/AndroidStudioProjects/UFVMaps/app/build/intermediates/pre-dexed/debug/classes_0a5defe29e160cb0136748a7d7062c1086ec7043.jar /home/rafael/Documents/AndroidStudioProjects/UFVMaps/app/build/intermediates/pre-dexed/debug/classes_a5368036fa426455f3f4ffe1626c703cd45e1ea9.jar /home/rafael/Documents/AndroidStudioProjects/UFVMaps/app/build/intermediates/pre-dexed/debug/classes_4b7cefe795efb8b9f0364f1d84bf206477266023.jar /home/rafael/Documents/AndroidStudioProjects/UFVMaps/app/build/intermediates/pre-dexed/debug/classes_0c9b0efabd27696e1257850708f63fa67e9e0b5b.jar /home/rafael/Documents/AndroidStudioProjects/UFVMaps/app/build/intermediates/pre-dexed/debug/classes_6fcc2db0133f4be7a54524f7d37e346213960916.jar /home/rafael/Documents/AndroidStudioProjects/UFVMaps/app/build/intermediates/pre-dexed/debug/classes_bf4a5cdb2745d3a84432d2bb07a4de966cd88d95.jar /home/rafael/Documents/AndroidStudioProjects/UFVMaps/app/build/intermediates/pre-dexed/debug/debug_7461ba784a66fd9de00a6168d36819b4a6d68f50.jar /home/rafael/Documents/AndroidStudioProjects/UFVMaps/app/build/intermediates/pre-dexed/debug/classes_c863514208e1d047a582f7c7364fafb3f11f0e4c.jar /home/rafael/Documents/AndroidStudioProjects/UFVMaps/app/build/intermediates/pre-dexed/debug/classes_2c2d7f459d28ab65e39c046a1b592b0509320dea.jar /home/rafael/Documents/AndroidStudioProjects/UFVMaps/app/build/intermediates/pre-dexed/debug/classes_c45ff0ec9fe1d38e2038187768547687b6a05aed.jar /home/rafael/Documents/AndroidStudioProjects/UFVMaps/app/build/intermediates/pre-dexed/debug/classes_1bf455be7cef5c34eafeb3d645758f1ad8e9f311.jar /home/rafael/Documents/AndroidStudioProjects/UFVMaps/app/build/intermediates/pre-dexed/debug/classes_715d055b7435f953ccab319077807ffac81f9a33.jar /home/rafael/Documents/AndroidStudioProjects/UFVMaps/app
java_class_path (initial): /home/rafael/Android/Sdk/build-tools/25.0.0/lib/dx.jar
Launcher Type: SUN_STANDARD

Environment Variables:
JAVA_HOME=/usr/lib/jvm/java-8-oracle
PATH=/usr/local/sbin:/usr/local/bin:/usr/sbin:/usr/bin:/sbin:/bin:/usr/games:/usr/local/games:/snap/bin:/usr/lib/jvm/java-8-oracle/bin:/usr/lib/jvm/java-8-oracle/db/bin:/usr/lib/jvm/java-8-oracle/jre/bin
LD_LIBRARY_PATH=/opt/android-studio/bin:
SHELL=/usr/bin/zsh
DISPLAY=:0

Signal Handlers:
SIGSEGV: [libjvm.so+0x9e5150], sa_mask[0]=11111111011111111101111111111110, sa_flags=SA_RESTART|SA_SIGINFO
SIGBUS: [libjvm.so+0x9e5150], sa_mask[0]=11111111011111111101111111111110, sa_flags=SA_RESTART|SA_SIGINFO
SIGFPE: [libjvm.so+0x848450], sa_mask[0]=11111111011111111101111111111110, sa_flags=SA_RESTART|SA_SIGINFO
SIGPIPE: [libjvm.so+0x848450], sa_mask[0]=11111111011111111101111111111110, sa_flags=SA_RESTART|SA_SIGINFO
SIGXFSZ: [libjvm.so+0x848450], sa_mask[0]=11111111011111111101111111111110, sa_flags=SA_RESTART|SA_SIGINFO
SIGILL: [libjvm.so+0x848450], sa_mask[0]=11111111011111111101111111111110, sa_flags=SA_RESTART|SA_SIGINFO
SIGUSR1: SIG_DFL, sa_mask[0]=00000000000000000000000000000000, sa_flags=none
SIGUSR2: [libjvm.so+0x848320], sa_mask[0]=00100000000000000000000000000000, sa_flags=SA_RESTART|SA_SIGINFO
SIGHUP: [libjvm.so+0x848510], sa_mask[0]=11111111011111111101111111111110, sa_flags=SA_RESTART|SA_SIGINFO
SIGINT: [libjvm.so+0x848510], sa_mask[0]=11111111011111111101111111111110, sa_flags=SA_RESTART|SA_SIGINFO
SIGTERM: [libjvm.so+0x848510], sa_mask[0]=11111111011111111101111111111110, sa_flags=SA_RESTART|SA_SIGINFO
SIGQUIT: [libjvm.so+0x848510], sa_mask[0]=11111111011111111101111111111110, sa_flags=SA_RESTART|SA_SIGINFO


---------------  S Y S T E M  ---------------

OS:DISTRIB_ID=Ubuntu
DISTRIB_RELEASE=16.10
DISTRIB_CODENAME=yakkety
DISTRIB_DESCRIPTION="Ubuntu 16.10"

uname:Linux 4.8.0-46-generic #49-Ubuntu SMP Fri Mar 31 13:57:14 UTC 2017 x86_64
libc:glibc 2.24 NPTL 2.24 
rlimit: STACK 8192k, CORE 0k, NPROC 31362, NOFILE 65536, AS infinity
load average:2,20 1,23 0,84

/proc/meminfo:
MemTotal:        8124512 kB
MemFree:          138896 kB
MemAvailable:      60560 kB
Buffers:            1920 kB
Cached:           118052 kB
SwapCached:            0 kB
Active:          7450276 kB
Inactive:          77824 kB
Active(anon):    7409368 kB
Inactive(anon):    52052 kB
Active(file):      40908 kB
Inactive(file):    25772 kB
Unevictable:         136 kB
Mlocked:             136 kB
SwapTotal:             0 kB
SwapFree:              0 kB
Dirty:              4516 kB
Writeback:            56 kB
AnonPages:       7408304 kB
Mapped:           291596 kB
Shmem:             53104 kB
Slab:             116460 kB
SReclaimable:      46448 kB
SUnreclaim:        70012 kB
KernelStack:       13168 kB
PageTables:        49228 kB
NFS_Unstable:          0 kB
Bounce:                0 kB
WritebackTmp:          0 kB
CommitLimit:     4062256 kB
Committed_AS:   11105900 kB
VmallocTotal:   34359738367 kB
VmallocUsed:           0 kB
VmallocChunk:          0 kB
HardwareCorrupted:     0 kB
AnonHugePages:   3475456 kB
ShmemHugePages:        0 kB
ShmemPmdMapped:        0 kB
CmaTotal:              0 kB
CmaFree:               0 kB
HugePages_Total:       0
HugePages_Free:        0
HugePages_Rsvd:        0
HugePages_Surp:        0
Hugepagesize:       2048 kB
DirectMap4k:      583268 kB
DirectMap2M:     7755776 kB
DirectMap1G:     1048576 kB


CPU:total 8 (4 cores per cpu, 2 threads per core) family 6 model 60 stepping 3, cmov, cx8, fxsr, mmx, sse, sse2, sse3, ssse3, sse4.1, sse4.2, popcnt, avx, avx2, aes, clmul, erms, rtm, lzcnt, ht, tsc, tscinvbit, bmi1, bmi2

/proc/cpuinfo:
processor	: 0
vendor_id	: GenuineIntel
cpu family	: 6
model		: 60
model name	: Intel(R) Core(TM) i7-4770 CPU @ 3.40GHz
stepping	: 3
microcode	: 0x9
cpu MHz		: 3890.576
cache size	: 8192 KB
physical id	: 0
siblings	: 8
core id		: 0
cpu cores	: 4
apicid		: 0
initial apicid	: 0
fpu		: yes
fpu_exception	: yes
cpuid level	: 13
wp		: yes
flags		: fpu vme de pse tsc msr pae mce cx8 apic sep mtrr pge mca cmov pat pse36 clflush dts acpi mmx fxsr sse sse2 ss ht tm pbe syscall nx pdpe1gb rdtscp lm constant_tsc arch_perfmon pebs bts rep_good nopl xtopology nonstop_tsc aperfmperf eagerfpu pni pclmulqdq dtes64 monitor ds_cpl vmx smx est tm2 ssse3 sdbg fma cx16 xtpr pdcm pcid sse4_1 sse4_2 x2apic movbe popcnt tsc_deadline_timer aes xsave avx f16c rdrand lahf_lm abm epb tpr_shadow vnmi flexpriority ept vpid fsgsbase tsc_adjust bmi1 hle avx2 smep bmi2 erms invpcid rtm xsaveopt dtherm ida arat pln pts
bugs		:
bogomips	: 6784.24
clflush size	: 64
cache_alignment	: 64
address sizes	: 39 bits physical, 48 bits virtual
power management:

processor	: 1
vendor_id	: GenuineIntel
cpu family	: 6
model		: 60
model name	: Intel(R) Core(TM) i7-4770 CPU @ 3.40GHz
stepping	: 3
microcode	: 0x9
cpu MHz		: 3772.082
cache size	: 8192 KB
physical id	: 0
siblings	: 8
core id		: 1
cpu cores	: 4
apicid		: 2
initial apicid	: 2
fpu		: yes
fpu_exception	: yes
cpuid level	: 13
wp		: yes
flags		: fpu vme de pse tsc msr pae mce cx8 apic sep mtrr pge mca cmov pat pse36 clflush dts acpi mmx fxsr sse sse2 ss ht tm pbe syscall nx pdpe1gb rdtscp lm constant_tsc arch_perfmon pebs bts rep_good nopl xtopology nonstop_tsc aperfmperf eagerfpu pni pclmulqdq dtes64 monitor ds_cpl vmx smx est tm2 ssse3 sdbg fma cx16 xtpr pdcm pcid sse4_1 sse4_2 x2apic movbe popcnt tsc_deadline_timer aes xsave avx f16c rdrand lahf_lm abm epb tpr_shadow vnmi flexpriority ept vpid fsgsbase tsc_adjust bmi1 hle avx2 smep bmi2 erms invpcid rtm xsaveopt dtherm ida arat pln pts
bugs		:
bogomips	: 6784.24
clflush size	: 64
cache_alignment	: 64
address sizes	: 39 bits physical, 48 bits virtual
power management:

processor	: 2
vendor_id	: GenuineIntel
cpu family	: 6
model		: 60
model name	: Intel(R) Core(TM) i7-4770 CPU @ 3.40GHz
stepping	: 3
microcode	: 0x9
cpu MHz		: 3884.765
cache size	: 8192 KB
physical id	: 0
siblings	: 8
core id		: 2
cpu cores	: 4
apicid		: 4
initial apicid	: 4
fpu		: yes
fpu_exception	: yes
cpuid level	: 13
wp		: yes
flags		: fpu vme de pse tsc msr pae mce cx8 apic sep mtrr pge mca cmov pat pse36 clflush dts acpi mmx fxsr sse sse2 ss ht tm pbe syscall nx pdpe1gb rdtscp lm constant_tsc arch_perfmon pebs bts rep_good nopl xtopology nonstop_tsc aperfmperf eagerfpu pni pclmulqdq dtes64 monitor ds_cpl vmx smx est tm2 ssse3 sdbg fma cx16 xtpr pdcm pcid sse4_1 sse4_2 x2apic movbe popcnt tsc_deadline_timer aes xsave avx f16c rdrand lahf_lm abm epb tpr_shadow vnmi flexpriority ept vpid fsgsbase tsc_adjust bmi1 hle avx2 smep bmi2 erms invpcid rtm xsaveopt dtherm ida arat pln pts
bugs		:
bogomips	: 6784.24
clflush size	: 64
cache_alignment	: 64
address sizes	: 39 bits physical, 48 bits virtual
power management:

processor	: 3
vendor_id	: GenuineIntel
cpu family	: 6
model		: 60
model name	: Intel(R) Core(TM) i7-4770 CPU @ 3.40GHz
stepping	: 3
microcode	: 0x9
cpu MHz		: 3777.062
cache size	: 8192 KB
physical id	: 0
siblings	: 8
core id		: 3
cpu cores	: 4
apicid		: 6
initial apicid	: 6
fpu		: yes
fpu_exception	: yes
cpuid level	: 13
wp		: yes
flags		: fpu vme de pse tsc msr pae mce cx8 apic sep mtrr pge mca cmov pat pse36 clflush dts acpi mmx fxsr sse sse2 ss ht tm pbe syscall nx pdpe1gb rdtscp lm constant_tsc arch_perfmon pebs bts rep_good nopl xtopology nonstop_tsc aperfmperf eagerfpu pni pclmulqdq dtes64 monitor ds_cpl vmx smx est tm2 ssse3 sdbg fma cx16 xtpr pdcm pcid sse4_1 sse4_2 x2apic movbe popcnt tsc_deadline_timer aes xsave avx f16c rdrand lahf_lm abm epb tpr_shadow vnmi flexpriority ept vpid fsgsbase tsc_adjust bmi1 hle avx2 smep bmi2 erms invpcid rtm xsaveopt dtherm ida arat pln pts
bugs		:
bogomips	: 6784.24
clflush size	: 64
cache_alignment	: 64
address sizes	: 39 bits physical, 48 bits virtual
power management:

processor	: 4
vendor_id	: GenuineIntel
cpu family	: 6
model		: 60
model name	: Intel(R) Core(TM) i7-4770 CPU @ 3.40GHz
stepping	: 3
microcode	: 0x9
cpu MHz		: 3846.166
cache size	: 8192 KB
physical id	: 0
siblings	: 8
core id		: 0
cpu cores	: 4
apicid		: 1
initial apicid	: 1
fpu		: yes
fpu_exception	: yes
cpuid level	: 13
wp		: yes
flags		: fpu vme de pse tsc msr pae mce cx8 apic sep mtrr pge mca cmov pat pse36 clflush dts acpi mmx fxsr sse sse2 ss ht tm pbe syscall nx pdpe1gb rdtscp lm constant_tsc arch_perfmon pebs bts rep_good nopl xtopology nonstop_tsc aperfmperf eagerfpu pni pclmulqdq dtes64 monitor ds_cpl vmx smx est tm2 ssse3 sdbg fma cx16 xtpr pdcm pcid sse4_1 sse4_2 x2apic movbe popcnt tsc_deadline_timer aes xsave avx f16c rdrand lahf_lm abm epb tpr_shadow vnmi flexpriority ept vpid fsgsbase tsc_adjust bmi1 hle avx2 smep bmi2 erms invpcid rtm xsaveopt dtherm ida arat pln pts
bugs		:
bogomips	: 6784.24
clflush size	: 64
cache_alignment	: 64
address sizes	: 39 bits physical, 48 bits virtual
power management:

processor	: 5
vendor_id	: GenuineIntel
cpu family	: 6
model		: 60
model name	: Intel(R) Core(TM) i7-4770 CPU @ 3.40GHz
stepping	: 3
microcode	: 0x9
cpu MHz		: 3892.651
cache size	: 8192 KB
physical id	: 0
siblings	: 8
core id		: 1
cpu cores	: 4
apicid		: 3
initial apicid	: 3
fpu		: yes
fpu_exception	: yes
cpuid level	: 13
wp		: yes
flags		: fpu vme de pse tsc msr pae mce cx8 apic sep mtrr pge mca cmov pat pse36 clflush dts acpi mmx fxsr sse sse2 ss ht tm pbe syscall nx pdpe1gb rdtscp lm constant_tsc arch_perfmon pebs bts rep_good nopl xtopology nonstop_tsc aperfmperf eagerfpu pni pclmulqdq dtes64 monitor ds_cpl vmx smx est tm2 ssse3 sdbg fma cx16 xtpr pdcm pcid sse4_1 sse4_2 x2apic movbe popcnt tsc_deadline_timer aes xsave avx f16c rdrand lahf_lm abm epb tpr_shadow vnmi flexpriority ept vpid fsgsbase tsc_adjust bmi1 hle avx2 smep bmi2 erms invpcid rtm xsaveopt dtherm ida arat pln pts
bugs		:
bogomips	: 6784.24
clflush size	: 64
cache_alignment	: 64
address sizes	: 39 bits physical, 48 bits virtual
power management:

processor	: 6
vendor_id	: GenuineIntel
cpu family	: 6
model		: 60
model name	: Intel(R) Core(TM) i7-4770 CPU @ 3.40GHz
stepping	: 3
microcode	: 0x9
cpu MHz		: 3821.679
cache size	: 8192 KB
physical id	: 0
siblings	: 8
core id		: 2
cpu cores	: 4
apicid		: 5
initial apicid	: 5
fpu		: yes
fpu_exception	: yes
cpuid level	: 13
wp		: yes
flags		: fpu vme de pse tsc msr pae mce cx8 apic sep mtrr pge mca cmov pat pse36 clflush dts acpi mmx fxsr sse sse2 ss ht tm pbe syscall nx pdpe1gb rdtscp lm constant_tsc arch_perfmon pebs bts rep_good nopl xtopology nonstop_tsc aperfmperf eagerfpu pni pclmulqdq dtes64 monitor ds_cpl vmx smx est tm2 ssse3 sdbg fma cx16 xtpr pdcm pcid sse4_1 sse4_2 x2apic movbe popcnt tsc_deadline_timer aes xsave avx f16c rdrand lahf_lm abm epb tpr_shadow vnmi flexpriority ept vpid fsgsbase tsc_adjust bmi1 hle avx2 smep bmi2 erms invpcid rtm xsaveopt dtherm ida arat pln pts
bugs		:
bogomips	: 6784.24
clflush size	: 64
cache_alignment	: 64
address sizes	: 39 bits physical, 48 bits virtual
power management:

processor	: 7
vendor_id	: GenuineIntel
cpu family	: 6
model		: 60
model name	: Intel(R) Core(TM) i7-4770 CPU @ 3.40GHz
stepping	: 3
microcode	: 0x9
cpu MHz		: 3790.136
cache size	: 8192 KB
physical id	: 0
siblings	: 8
core id		: 3
cpu cores	: 4
apicid		: 7
initial apicid	: 7
fpu		: yes
fpu_exception	: yes
cpuid level	: 13
wp		: yes
flags		: fpu vme de pse tsc msr pae mce cx8 apic sep mtrr pge mca cmov pat pse36 clflush dts acpi mmx fxsr sse sse2 ss ht tm pbe syscall nx pdpe1gb rdtscp lm constant_tsc arch_perfmon pebs bts rep_good nopl xtopology nonstop_tsc aperfmperf eagerfpu pni pclmulqdq dtes64 monitor ds_cpl vmx smx est tm2 ssse3 sdbg fma cx16 xtpr pdcm pcid sse4_1 sse4_2 x2apic movbe popcnt tsc_deadline_timer aes xsave avx f16c rdrand lahf_lm abm epb tpr_shadow vnmi flexpriority ept vpid fsgsbase tsc_adjust bmi1 hle avx2 smep bmi2 erms invpcid rtm xsaveopt dtherm ida arat pln pts
bugs		:
bogomips	: 6784.24
clflush size	: 64
cache_alignment	: 64
address sizes	: 39 bits physical, 48 bits virtual
power management:



Memory: 4k page, physical 8124512k(138896k free), swap 0k(0k free)

vm_info: OpenJDK 64-Bit Server VM (25.112-b06) for linux-amd64 JRE (1.8.0_112-release-b06), built on Dec  6 2016 12:11:18 by "builder" with gcc 4.8.4

time: Mon Apr 17 15:48:09 2017
elapsed time: 3 seconds (0d 0h 0m 3s)

