#
# There is insufficient memory for the Java Runtime Environment to continue.
# Native memory allocation (mmap) failed to map 144703488 bytes for committing reserved memory.
# Possible reasons:
#   The system is out of physical RAM or swap space
#   In 32 bit mode, the process size limit was hit
# Possible solutions:
#   Reduce memory load on the system
#   Increase physical memory or swap space
#   Check if swap backing store is full
#   Use 64 bit Java on a 64 bit OS
#   Decrease Java heap size (-Xmx/-Xms)
#   Decrease number of Java threads
#   Decrease Java thread stack sizes (-Xss)
#   Set larger code cache with -XX:ReservedCodeCacheSize=
# This output file may be truncated or incomplete.
#
#  Out of Memory Error (os_linux.cpp:2627), pid=10726, tid=0x00007fe5d4700700
#
# JRE version: OpenJDK Runtime Environment (8.0_112-b06) (build 1.8.0_112-release-b06)
# Java VM: OpenJDK 64-Bit Server VM (25.112-b06 mixed mode linux-amd64 compressed oops)
# Failed to write core dump. Core dumps have been disabled. To enable core dumping, try "ulimit -c unlimited" before starting Java again
#

---------------  T H R E A D  ---------------

Current thread (0x00007fe5f4082000):  VMThread [stack: 0x00007fe5d4600000,0x00007fe5d4701000] [id=10740]

Stack: [0x00007fe5d4600000,0x00007fe5d4701000],  sp=0x00007fe5d46ff4c0,  free space=1021k
Native frames: (J=compiled Java code, j=interpreted, Vv=VM code, C=native code)
V  [libjvm.so+0x9e465d]  VMError::report_and_die()+0x15d
V  [libjvm.so+0x4b6ada]  report_vm_out_of_memory(char const*, int, unsigned long, VMErrorType, char const*)+0x8a
V  [libjvm.so+0x84c860]  os::pd_commit_memory(char*, unsigned long, unsigned long, bool)+0xf0
V  [libjvm.so+0x84737f]  os::commit_memory(char*, unsigned long, unsigned long, bool)+0x1f
V  [libjvm.so+0x8bd3db]  PSVirtualSpace::expand_by(unsigned long)+0x5b
V  [libjvm.so+0x8be050]  PSYoungGen::resize_generation(unsigned long, unsigned long)+0xb0
V  [libjvm.so+0x8be36b]  PSYoungGen::resize(unsigned long, unsigned long)+0x1b
V  [libjvm.so+0x8baa5c]  PSScavenge::invoke_no_policy()+0xdac
V  [libjvm.so+0x8bb238]  PSScavenge::invoke()+0x38
V  [libjvm.so+0x86fcf3]  ParallelScavengeHeap::failed_mem_allocate(unsigned long)+0x63
V  [libjvm.so+0x9e6124]  VM_ParallelGCFailedAllocation::doit()+0x84
V  [libjvm.so+0x9ea537]  VM_Operation::evaluate()+0x47
V  [libjvm.so+0x9e8ff8]  VMThread::evaluate_operation(VM_Operation*)+0x2c8
V  [libjvm.so+0x9e9479]  VMThread::loop()+0x219
V  [libjvm.so+0x9e98c2]  VMThread::run()+0x72
V  [libjvm.so+0x849c82]  java_start(Thread*)+0xf2

VM_Operation (0x00007fe5fbd71e60): ParallelGCFailedAllocation, mode: safepoint, requested by thread 0x00007fe5f400c800


---------------  P R O C E S S  ---------------

Java Threads: ( => current thread )
  0x00007fe5f40cd000 JavaThread "Service Thread" daemon [_thread_blocked, id=10748, stack(0x00007fe5cfafb000,0x00007fe5cfbfc000)]
  0x00007fe5f40ca000 JavaThread "C1 CompilerThread3" daemon [_thread_blocked, id=10747, stack(0x00007fe5cfbfc000,0x00007fe5cfcfd000)]
  0x00007fe5f40c8000 JavaThread "C2 CompilerThread2" daemon [_thread_blocked, id=10746, stack(0x00007fe5cfcfd000,0x00007fe5cfdfe000)]
  0x00007fe5f40c6800 JavaThread "C2 CompilerThread1" daemon [_thread_blocked, id=10745, stack(0x00007fe5cfdfe000,0x00007fe5cfeff000)]
  0x00007fe5f40c3800 JavaThread "C2 CompilerThread0" daemon [_thread_blocked, id=10744, stack(0x00007fe5cfeff000,0x00007fe5d0000000)]
  0x00007fe5f40c2000 JavaThread "Signal Dispatcher" daemon [_thread_blocked, id=10743, stack(0x00007fe5d4023000,0x00007fe5d4124000)]
  0x00007fe5f408e800 JavaThread "Finalizer" daemon [_thread_blocked, id=10742, stack(0x00007fe5d43fe000,0x00007fe5d44ff000)]
  0x00007fe5f4089800 JavaThread "Reference Handler" daemon [_thread_blocked, id=10741, stack(0x00007fe5d44ff000,0x00007fe5d4600000)]
  0x00007fe5f400c800 JavaThread "main" [_thread_blocked, id=10731, stack(0x00007fe5fbc73000,0x00007fe5fbd74000)]

Other Threads:
=>0x00007fe5f4082000 VMThread [stack: 0x00007fe5d4600000,0x00007fe5d4701000] [id=10740]
  0x00007fe5f40cf800 WatcherThread [stack: 0x00007fe5cf9fa000,0x00007fe5cfafb000] [id=10749]

VM state:at safepoint (normal execution)

VM Mutex/Monitor currently owned by a thread:  ([mutex/lock_event])
[0x00007fe5f4008c00] Threads_lock - owner thread: 0x00007fe5f4082000
[0x00007fe5f4009100] Heap_lock - owner thread: 0x00007fe5f400c800

Heap:
 PSYoungGen      total 49664K, used 4360K [0x00000000eab00000, 0x00000000ee100000, 0x0000000100000000)
  eden space 44544K, 0% used [0x00000000eab00000,0x00000000eab00000,0x00000000ed680000)
  from space 5120K, 85% used [0x00000000ed700000,0x00000000edb42158,0x00000000edc00000)
  to   space 4608K, 0% used [0x00000000edc80000,0x00000000edc80000,0x00000000ee100000)
 ParOldGen       total 140800K, used 19116K [0x00000000c0000000, 0x00000000c8980000, 0x00000000eab00000)
  object space 140800K, 13% used [0x00000000c0000000,0x00000000c12ab0f0,0x00000000c8980000)
 Metaspace       used 4382K, capacity 5424K, committed 5632K, reserved 1056768K
  class space    used 445K, capacity 488K, committed 512K, reserved 1048576K

Card table byte_map: [0x00007fe5f890a000,0x00007fe5f8b0b000] byte_map_base: 0x00007fe5f830a000

Marking Bits: (ParMarkBitMap*) 0x00007fe5fb147340
 Begin Bits: [0x00007fe5d6000000, 0x00007fe5d7000000)
 End Bits:   [0x00007fe5d7000000, 0x00007fe5d8000000)

Polling page: 0x00007fe5fbd96000

CodeCache: size=245760Kb used=3508Kb max_used=3533Kb free=242251Kb
 bounds [0x00007fe5e5000000, 0x00007fe5e5380000, 0x00007fe5f4000000]
 total_blobs=1297 nmethods=1037 adapters=175
 compilation: enabled

Compilation events (10 events):
Event: 0,794 Thread 0x00007fe5f40ca000 1063       2       com.android.dx.io.instructions.InstructionCodec$17::decode (46 bytes)
Event: 0,794 Thread 0x00007fe5f40ca000 nmethod 1063 0x00007fe5e5360390 code [0x00007fe5e5360520, 0x00007fe5e53608b8]
Event: 0,794 Thread 0x00007fe5f40ca000 1064       2       com.android.dx.io.instructions.InstructionCodec$17::encode (29 bytes)
Event: 0,794 Thread 0x00007fe5f40ca000 nmethod 1064 0x00007fe5e535fc10 code [0x00007fe5e535fdc0, 0x00007fe5e53600a8]
Event: 0,795 Thread 0x00007fe5f40c6800 nmethod 644 0x00007fe5e5370950 code [0x00007fe5e5370de0, 0x00007fe5e5374e08]
Event: 0,795 Thread 0x00007fe5f40c6800 1058       4       com.android.dx.io.instructions.InstructionCodec$4::decode (41 bytes)
Event: 0,797 Thread 0x00007fe5f40c6800 nmethod 1058 0x00007fe5e534b4d0 code [0x00007fe5e534b620, 0x00007fe5e534b7a8]
Event: 0,797 Thread 0x00007fe5f40c6800 1066       4       com.android.dx.io.instructions.InstructionCodec$3::decode (35 bytes)
Event: 0,799 Thread 0x00007fe5f40c6800 nmethod 1066 0x00007fe5e5354410 code [0x00007fe5e5354560, 0x00007fe5e5354708]
Event: 0,799 Thread 0x00007fe5f40c6800 1065       4       com.android.dx.io.instructions.InstructionCodec$3::encode (25 bytes)

GC Heap History (10 events):
Event: 0,398 GC heap after
Heap after GC invocations=1 (full 0):
 PSYoungGen      total 36864K, used 5114K [0x00000000eab00000, 0x00000000ed400000, 0x0000000100000000)
  eden space 31744K, 0% used [0x00000000eab00000,0x00000000eab00000,0x00000000eca00000)
  from space 5120K, 99% used [0x00000000eca00000,0x00000000ecefe860,0x00000000ecf00000)
  to   space 5120K, 0% used [0x00000000ecf00000,0x00000000ecf00000,0x00000000ed400000)
 ParOldGen       total 84992K, used 3742K [0x00000000c0000000, 0x00000000c5300000, 0x00000000eab00000)
  object space 84992K, 4% used [0x00000000c0000000,0x00000000c03a7a98,0x00000000c5300000)
 Metaspace       used 3501K, capacity 4720K, committed 4864K, reserved 1056768K
  class space    used 363K, capacity 424K, committed 512K, reserved 1048576K
}
Event: 0,474 GC heap before
{Heap before GC invocations=2 (full 0):
 PSYoungGen      total 36864K, used 36858K [0x00000000eab00000, 0x00000000ed400000, 0x0000000100000000)
  eden space 31744K, 100% used [0x00000000eab00000,0x00000000eca00000,0x00000000eca00000)
  from space 5120K, 99% used [0x00000000eca00000,0x00000000ecefe860,0x00000000ecf00000)
  to   space 5120K, 0% used [0x00000000ecf00000,0x00000000ecf00000,0x00000000ed400000)
 ParOldGen       total 84992K, used 3742K [0x00000000c0000000, 0x00000000c5300000, 0x00000000eab00000)
  object space 84992K, 4% used [0x00000000c0000000,0x00000000c03a7a98,0x00000000c5300000)
 Metaspace       used 3787K, capacity 4944K, committed 5120K, reserved 1056768K
  class space    used 392K, capacity 456K, committed 512K, reserved 1048576K
Event: 0,488 GC heap after
Heap after GC invocations=2 (full 0):
 PSYoungGen      total 36864K, used 5111K [0x00000000eab00000, 0x00000000ef300000, 0x0000000100000000)
  eden space 31744K, 0% used [0x00000000eab00000,0x00000000eab00000,0x00000000eca00000)
  from space 5120K, 99% used [0x00000000ecf00000,0x00000000ed3fdeb0,0x00000000ed400000)
  to   space 5120K, 0% used [0x00000000eca00000,0x00000000eca00000,0x00000000ecf00000)
 ParOldGen       total 84992K, used 64208K [0x00000000c0000000, 0x00000000c5300000, 0x00000000eab00000)
  object space 84992K, 75% used [0x00000000c0000000,0x00000000c3eb4370,0x00000000c5300000)
 Metaspace       used 3787K, capacity 4944K, committed 5120K, reserved 1056768K
  class space    used 392K, capacity 456K, committed 512K, reserved 1048576K
}
Event: 0,488 GC heap before
{Heap before GC invocations=3 (full 1):
 PSYoungGen      total 36864K, used 5111K [0x00000000eab00000, 0x00000000ef300000, 0x0000000100000000)
  eden space 31744K, 0% used [0x00000000eab00000,0x00000000eab00000,0x00000000eca00000)
  from space 5120K, 99% used [0x00000000ecf00000,0x00000000ed3fdeb0,0x00000000ed400000)
  to   space 5120K, 0% used [0x00000000eca00000,0x00000000eca00000,0x00000000ecf00000)
 ParOldGen       total 84992K, used 64208K [0x00000000c0000000, 0x00000000c5300000, 0x00000000eab00000)
  object space 84992K, 75% used [0x00000000c0000000,0x00000000c3eb4370,0x00000000c5300000)
 Metaspace       used 3787K, capacity 4944K, committed 5120K, reserved 1056768K
  class space    used 392K, capacity 456K, committed 512K, reserved 1048576K
Event: 0,522 GC heap after
Heap after GC invocations=3 (full 1):
 PSYoungGen      total 36864K, used 0K [0x00000000eab00000, 0x00000000ef300000, 0x0000000100000000)
  eden space 31744K, 0% used [0x00000000eab00000,0x00000000eab00000,0x00000000eca00000)
  from space 5120K, 0% used [0x00000000ecf00000,0x00000000ecf00000,0x00000000ed400000)
  to   space 5120K, 0% used [0x00000000eca00000,0x00000000eca00000,0x00000000ecf00000)
 ParOldGen       total 140800K, used 18836K [0x00000000c0000000, 0x00000000c8980000, 0x00000000eab00000)
  object space 140800K, 13% used [0x00000000c0000000,0x00000000c12650d8,0x00000000c8980000)
 Metaspace       used 3787K, capacity 4944K, committed 5120K, reserved 1056768K
  class space    used 392K, capacity 456K, committed 512K, reserved 1048576K
}
Event: 0,613 GC heap before
{Heap before GC invocations=4 (full 1):
 PSYoungGen      total 36864K, used 31744K [0x00000000eab00000, 0x00000000ef300000, 0x0000000100000000)
  eden space 31744K, 100% used [0x00000000eab00000,0x00000000eca00000,0x00000000eca00000)
  from space 5120K, 0% used [0x00000000ecf00000,0x00000000ecf00000,0x00000000ed400000)
  to   space 5120K, 0% used [0x00000000eca00000,0x00000000eca00000,0x00000000ecf00000)
 ParOldGen       total 140800K, used 18836K [0x00000000c0000000, 0x00000000c8980000, 0x00000000eab00000)
  object space 140800K, 13% used [0x00000000c0000000,0x00000000c12650d8,0x00000000c8980000)
 Metaspace       used 3888K, capacity 5008K, committed 5120K, reserved 1056768K
  class space    used 398K, capacity 456K, committed 512K, reserved 1048576K
Event: 0,614 GC heap after
Heap after GC invocations=4 (full 1):
 PSYoungGen      total 36864K, used 928K [0x00000000eab00000, 0x00000000ee180000, 0x0000000100000000)
  eden space 31744K, 0% used [0x00000000eab00000,0x00000000eab00000,0x00000000eca00000)
  from space 5120K, 18% used [0x00000000eca00000,0x00000000ecae8000,0x00000000ecf00000)
  to   space 5120K, 0% used [0x00000000edc80000,0x00000000edc80000,0x00000000ee180000)
 ParOldGen       total 140800K, used 18844K [0x00000000c0000000, 0x00000000c8980000, 0x00000000eab00000)
  object space 140800K, 13% used [0x00000000c0000000,0x00000000c12670d8,0x00000000c8980000)
 Metaspace       used 3888K, capacity 5008K, committed 5120K, reserved 1056768K
  class space    used 398K, capacity 456K, committed 512K, reserved 1048576K
}
Event: 0,734 GC heap before
{Heap before GC invocations=5 (full 1):
 PSYoungGen      total 36864K, used 32672K [0x00000000eab00000, 0x00000000ee180000, 0x0000000100000000)
  eden space 31744K, 100% used [0x00000000eab00000,0x00000000eca00000,0x00000000eca00000)
  from space 5120K, 18% used [0x00000000eca00000,0x00000000ecae8000,0x00000000ecf00000)
  to   space 5120K, 0% used [0x00000000edc80000,0x00000000edc80000,0x00000000ee180000)
 ParOldGen       total 140800K, used 18844K [0x00000000c0000000, 0x00000000c8980000, 0x00000000eab00000)
  object space 140800K, 13% used [0x00000000c0000000,0x00000000c12670d8,0x00000000c8980000)
 Metaspace       used 4361K, capacity 5424K, committed 5632K, reserved 1056768K
  class space    used 444K, capacity 488K, committed 512K, reserved 1048576K
Event: 0,736 GC heap after
Heap after GC invocations=5 (full 1):
 PSYoungGen      total 49152K, used 4147K [0x00000000eab00000, 0x00000000ee100000, 0x0000000100000000)
  eden space 44544K, 0% used [0x00000000eab00000,0x00000000eab00000,0x00000000ed680000)
  from space 4608K, 90% used [0x00000000edc80000,0x00000000ee08cea8,0x00000000ee100000)
  to   space 5120K, 0% used [0x00000000ed700000,0x00000000ed700000,0x00000000edc00000)
 ParOldGen       total 140800K, used 19108K [0x00000000c0000000, 0x00000000c8980000, 0x00000000eab00000)
  object space 140800K, 13% used [0x00000000c0000000,0x00000000c12a90f0,0x00000000c8980000)
 Metaspace       used 4361K, capacity 5424K, committed 5632K, reserved 1056768K
  class space    used 444K, capacity 488K, committed 512K, reserved 1048576K
}
Event: 0,799 GC heap before
{Heap before GC invocations=6 (full 1):
 PSYoungGen      total 49152K, used 48691K [0x00000000eab00000, 0x00000000ee100000, 0x0000000100000000)
  eden space 44544K, 100% used [0x00000000eab00000,0x00000000ed680000,0x00000000ed680000)
  from space 4608K, 90% used [0x00000000edc80000,0x00000000ee08cea8,0x00000000ee100000)
  to   space 5120K, 0% used [0x00000000ed700000,0x00000000ed700000,0x00000000edc00000)
 ParOldGen       total 140800K, used 19108K [0x00000000c0000000, 0x00000000c8980000, 0x00000000eab00000)
  object space 140800K, 13% used [0x00000000c0000000,0x00000000c12a90f0,0x00000000c8980000)
 Metaspace       used 4382K, capacity 5424K, committed 5632K, reserved 1056768K
  class space    used 445K, capacity 488K, committed 512K, reserved 1048576K

Deoptimization events (10 events):
Event: 0,652 Thread 0x00007fe5f400c800 Uncommon trap: reason=class_check action=maybe_recompile pc=0x00007fe5e5262d24 method=com.android.dx.merge.DexMerger$IdMerger$UnsortedValue.compareTo(Lcom/android/dx/merge/DexMerger$IdMerger$UnsortedValue;)I @ 8
Event: 0,652 Thread 0x00007fe5f400c800 Uncommon trap: reason=class_check action=maybe_recompile pc=0x00007fe5e5262d24 method=com.android.dx.merge.DexMerger$IdMerger$UnsortedValue.compareTo(Lcom/android/dx/merge/DexMerger$IdMerger$UnsortedValue;)I @ 8
Event: 0,652 Thread 0x00007fe5f400c800 Uncommon trap: reason=class_check action=maybe_recompile pc=0x00007fe5e5262d24 method=com.android.dx.merge.DexMerger$IdMerger$UnsortedValue.compareTo(Lcom/android/dx/merge/DexMerger$IdMerger$UnsortedValue;)I @ 8
Event: 0,652 Thread 0x00007fe5f400c800 Uncommon trap: reason=class_check action=maybe_recompile pc=0x00007fe5e5262d24 method=com.android.dx.merge.DexMerger$IdMerger$UnsortedValue.compareTo(Lcom/android/dx/merge/DexMerger$IdMerger$UnsortedValue;)I @ 8
Event: 0,660 Thread 0x00007fe5f400c800 Uncommon trap: reason=unstable_if action=reinterpret pc=0x00007fe5e5239af0 method=java.util.HashMap.putVal(ILjava/lang/Object;Ljava/lang/Object;ZZ)Ljava/lang/Object; @ 109
Event: 0,666 Thread 0x00007fe5f400c800 Uncommon trap: reason=unstable_if action=reinterpret pc=0x00007fe5e528a494 method=com.android.dex.EncodedValueCodec.writeUnsignedIntegralValue(Lcom/android/dex/util/ByteOutput;IJ)V @ 11
Event: 0,666 Thread 0x00007fe5f400c800 Uncommon trap: reason=unstable_if action=reinterpret pc=0x00007fe5e52880d0 method=com.android.dex.EncodedValueCodec.readUnsignedInt(Lcom/android/dex/util/ByteInput;IZ)I @ 3
Event: 0,694 Thread 0x00007fe5f400c800 Uncommon trap: reason=unstable_if action=reinterpret pc=0x00007fe5e52366d4 method=com.android.dx.merge.IndexMap.adjustString(I)I @ 2
Event: 0,694 Thread 0x00007fe5f400c800 Uncommon trap: reason=unstable_if action=reinterpret pc=0x00007fe5e52644c8 method=java.util.HashMap.getNode(ILjava/lang/Object;)Ljava/util/HashMap$Node; @ 84
Event: 0,695 Thread 0x00007fe5f400c800 Uncommon trap: reason=unstable_if action=reinterpret pc=0x00007fe5e523e488 method=java.util.HashMap.getNode(ILjava/lang/Object;)Ljava/util/HashMap$Node; @ 84

Internal exceptions (2 events):
Event: 0,165 Thread 0x00007fe5f400c800 Exception <a 'java/lang/NoSuchMethodError': Method sun.misc.Unsafe.defineClass(Ljava/lang/String;[BII)Ljava/lang/Class; name or signature does not match> (0x00000000eab07c78) thrown at [/ssd/Android/AOSP-openjdk/external/jetbrains/jdk/hotspot/src/share/vm
Event: 0,165 Thread 0x00007fe5f400c800 Exception <a 'java/lang/NoSuchMethodError': Method sun.misc.Unsafe.prefetchRead(Ljava/lang/Object;J)V name or signature does not match> (0x00000000eab07f60) thrown at [/ssd/Android/AOSP-openjdk/external/jetbrains/jdk/hotspot/src/share/vm/prims/jni.cpp, li

Events (10 events):
Event: 0,708 Thread 0x00007fe5f400c800 DEOPT UNPACKING pc=0x00007fe5e5047373 sp=0x00007fe5fbd71fa8 mode 0
Event: 0,719 Thread 0x00007fe5f400c800 DEOPT PACKING pc=0x00007fe5e52f3c35 sp=0x00007fe5fbd72340
Event: 0,719 Thread 0x00007fe5f400c800 DEOPT UNPACKING pc=0x00007fe5e5047373 sp=0x00007fe5fbd72078 mode 0
Event: 0,720 Thread 0x00007fe5f400c800 DEOPT PACKING pc=0x00007fe5e52f0285 sp=0x00007fe5fbd72300
Event: 0,720 Thread 0x00007fe5f400c800 DEOPT UNPACKING pc=0x00007fe5e5047373 sp=0x00007fe5fbd72030 mode 0
Event: 0,734 Executing VM operation: ParallelGCFailedAllocation
Event: 0,737 Executing VM operation: ParallelGCFailedAllocation done
Event: 0,744 loading class com/android/dex/Dex$1
Event: 0,744 loading class com/android/dex/Dex$1 done
Event: 0,799 Executing VM operation: ParallelGCFailedAllocation


Dynamic libraries:
00400000-00401000 r-xp 00000000 08:08 1189929                            /opt/android-studio/jre/bin/java
00600000-00601000 r--p 00000000 08:08 1189929                            /opt/android-studio/jre/bin/java
00601000-00602000 rw-p 00001000 08:08 1189929                            /opt/android-studio/jre/bin/java
00b4d000-00b6e000 rw-p 00000000 00:00 0                                  [heap]
c0000000-c8980000 rw-p 00000000 00:00 0 
c8980000-eab00000 ---p 00000000 00:00 0 
eab00000-ee100000 rw-p 00000000 00:00 0 
f6b00000-100000000 ---p 00000000 00:00 0 
100000000-100080000 rw-p 00000000 00:00 0 
100080000-140000000 ---p 00000000 00:00 0 
7fe590000000-7fe590021000 rw-p 00000000 00:00 0 
7fe590021000-7fe594000000 ---p 00000000 00:00 0 
7fe594000000-7fe594021000 rw-p 00000000 00:00 0 
7fe594021000-7fe598000000 ---p 00000000 00:00 0 
7fe598000000-7fe5987ee000 rw-p 00000000 00:00 0 
7fe5987ee000-7fe59c000000 ---p 00000000 00:00 0 
7fe59c000000-7fe59c402000 rw-p 00000000 00:00 0 
7fe59c402000-7fe5a0000000 ---p 00000000 00:00 0 
7fe5a0000000-7fe5a0646000 rw-p 00000000 00:00 0 
7fe5a0646000-7fe5a4000000 ---p 00000000 00:00 0 
7fe5a4000000-7fe5a45b5000 rw-p 00000000 00:00 0 
7fe5a45b5000-7fe5a8000000 ---p 00000000 00:00 0 
7fe5a8000000-7fe5a8021000 rw-p 00000000 00:00 0 
7fe5a8021000-7fe5ac000000 ---p 00000000 00:00 0 
7fe5ac000000-7fe5ac021000 rw-p 00000000 00:00 0 
7fe5ac021000-7fe5b0000000 ---p 00000000 00:00 0 
7fe5b0000000-7fe5b027f000 rw-p 00000000 00:00 0 
7fe5b027f000-7fe5b4000000 ---p 00000000 00:00 0 
7fe5b4000000-7fe5b4021000 rw-p 00000000 00:00 0 
7fe5b4021000-7fe5b8000000 ---p 00000000 00:00 0 
7fe5b8000000-7fe5b8021000 rw-p 00000000 00:00 0 
7fe5b8021000-7fe5bc000000 ---p 00000000 00:00 0 
7fe5bc000000-7fe5bc021000 rw-p 00000000 00:00 0 
7fe5bc021000-7fe5c0000000 ---p 00000000 00:00 0 
7fe5c0000000-7fe5c0021000 rw-p 00000000 00:00 0 
7fe5c0021000-7fe5c4000000 ---p 00000000 00:00 0 
7fe5c8000000-7fe5c8021000 rw-p 00000000 00:00 0 
7fe5c8021000-7fe5cc000000 ---p 00000000 00:00 0 
7fe5cf9fa000-7fe5cf9fb000 ---p 00000000 00:00 0 
7fe5cf9fb000-7fe5cfafb000 rw-p 00000000 00:00 0 
7fe5cfafb000-7fe5cfafe000 ---p 00000000 00:00 0 
7fe5cfafe000-7fe5cfbfc000 rw-p 00000000 00:00 0 
7fe5cfbfc000-7fe5cfbff000 ---p 00000000 00:00 0 
7fe5cfbff000-7fe5cfcfd000 rw-p 00000000 00:00 0 
7fe5cfcfd000-7fe5cfd00000 ---p 00000000 00:00 0 
7fe5cfd00000-7fe5cfdfe000 rw-p 00000000 00:00 0 
7fe5cfdfe000-7fe5cfe01000 ---p 00000000 00:00 0 
7fe5cfe01000-7fe5cfeff000 rw-p 00000000 00:00 0 
7fe5cfeff000-7fe5cff02000 ---p 00000000 00:00 0 
7fe5cff02000-7fe5d0000000 rw-p 00000000 00:00 0 
7fe5d0000000-7fe5d0021000 rw-p 00000000 00:00 0 
7fe5d0021000-7fe5d4000000 ---p 00000000 00:00 0 
7fe5d4023000-7fe5d4026000 ---p 00000000 00:00 0 
7fe5d4026000-7fe5d4124000 rw-p 00000000 00:00 0 
7fe5d4124000-7fe5d43fe000 r--p 00000000 08:08 399771                     /usr/lib/locale/locale-archive
7fe5d43fe000-7fe5d4401000 ---p 00000000 00:00 0 
7fe5d4401000-7fe5d44ff000 rw-p 00000000 00:00 0 
7fe5d44ff000-7fe5d4502000 ---p 00000000 00:00 0 
7fe5d4502000-7fe5d4600000 rw-p 00000000 00:00 0 
7fe5d4600000-7fe5d4601000 ---p 00000000 00:00 0 
7fe5d4601000-7fe5d8000000 rw-p 00000000 00:00 0 
7fe5d8000000-7fe5d8021000 rw-p 00000000 00:00 0 
7fe5d8021000-7fe5dc000000 ---p 00000000 00:00 0 
7fe5dc000000-7fe5dc021000 rw-p 00000000 00:00 0 
7fe5dc021000-7fe5e0000000 ---p 00000000 00:00 0 
7fe5e0000000-7fe5e0021000 rw-p 00000000 00:00 0 
7fe5e0021000-7fe5e4000000 ---p 00000000 00:00 0 
7fe5e400c000-7fe5e4330000 rw-p 00000000 00:00 0 
7fe5e4330000-7fe5e44ff000 r--s 03c1b000 08:08 1731281                    /opt/android-studio/jre/jre/lib/rt.jar
7fe5e44ff000-7fe5e49ff000 rw-p 00000000 00:00 0 
7fe5e49ff000-7fe5e4cff000 ---p 00000000 00:00 0 
7fe5e4cff000-7fe5e4eff000 rw-p 00000000 00:00 0 
7fe5e4eff000-7fe5e4f00000 ---p 00000000 00:00 0 
7fe5e4f00000-7fe5e5000000 rw-p 00000000 00:00 0 
7fe5e5000000-7fe5e5380000 rwxp 00000000 00:00 0 
7fe5e5380000-7fe5f4000000 ---p 00000000 00:00 0 
7fe5f4000000-7fe5f43ee000 rw-p 00000000 00:00 0 
7fe5f43ee000-7fe5f8000000 ---p 00000000 00:00 0 
7fe5f8008000-7fe5f8016000 r--s 000e0000 08:08 6300514                    /home/rafael/Android/Sdk/build-tools/25.0.0/lib/dx.jar
7fe5f8016000-7fe5f80ad000 rw-p 00000000 00:00 0 
7fe5f80ad000-7fe5f80ae000 ---p 00000000 00:00 0 
7fe5f80ae000-7fe5f81ae000 rw-p 00000000 00:00 0 
7fe5f81ae000-7fe5f81af000 ---p 00000000 00:00 0 
7fe5f81af000-7fe5f82af000 rw-p 00000000 00:00 0 
7fe5f82af000-7fe5f82b0000 ---p 00000000 00:00 0 
7fe5f82b0000-7fe5f83b0000 rw-p 00000000 00:00 0 
7fe5f83b0000-7fe5f83b1000 ---p 00000000 00:00 0 
7fe5f83b1000-7fe5f84b1000 rw-p 00000000 00:00 0 
7fe5f84b1000-7fe5f84b2000 ---p 00000000 00:00 0 
7fe5f84b2000-7fe5f85b2000 rw-p 00000000 00:00 0 
7fe5f85b2000-7fe5f85b3000 ---p 00000000 00:00 0 
7fe5f85b3000-7fe5f86b3000 rw-p 00000000 00:00 0 
7fe5f86b3000-7fe5f86b4000 ---p 00000000 00:00 0 
7fe5f86b4000-7fe5f87f9000 rw-p 00000000 00:00 0 
7fe5f87f9000-7fe5f890a000 ---p 00000000 00:00 0 
7fe5f890a000-7fe5f894f000 rw-p 00000000 00:00 0 
7fe5f894f000-7fe5f8a5f000 ---p 00000000 00:00 0 
7fe5f8a5f000-7fe5f8a7b000 rw-p 00000000 00:00 0 
7fe5f8a7b000-7fe5f8b0a000 ---p 00000000 00:00 0 
7fe5f8b0a000-7fe5f8b19000 rw-p 00000000 00:00 0 
7fe5f8b19000-7fe5f8ecb000 ---p 00000000 00:00 0 
7fe5f8ecb000-7fe5f8ee5000 r-xp 00000000 08:08 1842259                    /opt/android-studio/jre/jre/lib/amd64/libzip.so
7fe5f8ee5000-7fe5f90e5000 ---p 0001a000 08:08 1842259                    /opt/android-studio/jre/jre/lib/amd64/libzip.so
7fe5f90e5000-7fe5f90e6000 r--p 0001a000 08:08 1842259                    /opt/android-studio/jre/jre/lib/amd64/libzip.so
7fe5f90e6000-7fe5f90e7000 rw-p 0001b000 08:08 1842259                    /opt/android-studio/jre/jre/lib/amd64/libzip.so
7fe5f90e7000-7fe5f90f2000 r-xp 00000000 08:08 2885274                    /lib/x86_64-linux-gnu/libnss_files-2.24.so
7fe5f90f2000-7fe5f92f1000 ---p 0000b000 08:08 2885274                    /lib/x86_64-linux-gnu/libnss_files-2.24.so
7fe5f92f1000-7fe5f92f2000 r--p 0000a000 08:08 2885274                    /lib/x86_64-linux-gnu/libnss_files-2.24.so
7fe5f92f2000-7fe5f92f3000 rw-p 0000b000 08:08 2885274                    /lib/x86_64-linux-gnu/libnss_files-2.24.so
7fe5f92f3000-7fe5f92f9000 rw-p 00000000 00:00 0 
7fe5f92f9000-7fe5f9304000 r-xp 00000000 08:08 2885276                    /lib/x86_64-linux-gnu/libnss_nis-2.24.so
7fe5f9304000-7fe5f9503000 ---p 0000b000 08:08 2885276                    /lib/x86_64-linux-gnu/libnss_nis-2.24.so
7fe5f9503000-7fe5f9504000 r--p 0000a000 08:08 2885276                    /lib/x86_64-linux-gnu/libnss_nis-2.24.so
7fe5f9504000-7fe5f9505000 rw-p 0000b000 08:08 2885276                    /lib/x86_64-linux-gnu/libnss_nis-2.24.so
7fe5f9505000-7fe5f951b000 r-xp 00000000 08:08 2885271                    /lib/x86_64-linux-gnu/libnsl-2.24.so
7fe5f951b000-7fe5f971a000 ---p 00016000 08:08 2885271                    /lib/x86_64-linux-gnu/libnsl-2.24.so
7fe5f971a000-7fe5f971b000 r--p 00015000 08:08 2885271                    /lib/x86_64-linux-gnu/libnsl-2.24.so
7fe5f971b000-7fe5f971c000 rw-p 00016000 08:08 2885271                    /lib/x86_64-linux-gnu/libnsl-2.24.so
7fe5f971c000-7fe5f971e000 rw-p 00000000 00:00 0 
7fe5f971e000-7fe5f9726000 r-xp 00000000 08:08 2885272                    /lib/x86_64-linux-gnu/libnss_compat-2.24.so
7fe5f9726000-7fe5f9925000 ---p 00008000 08:08 2885272                    /lib/x86_64-linux-gnu/libnss_compat-2.24.so
7fe5f9925000-7fe5f9926000 r--p 00007000 08:08 2885272                    /lib/x86_64-linux-gnu/libnss_compat-2.24.so
7fe5f9926000-7fe5f9927000 rw-p 00008000 08:08 2885272                    /lib/x86_64-linux-gnu/libnss_compat-2.24.so
7fe5f9927000-7fe5f9954000 r-xp 00000000 08:08 1843086                    /opt/android-studio/jre/jre/lib/amd64/libjava.so
7fe5f9954000-7fe5f9b53000 ---p 0002d000 08:08 1843086                    /opt/android-studio/jre/jre/lib/amd64/libjava.so
7fe5f9b53000-7fe5f9b54000 r--p 0002c000 08:08 1843086                    /opt/android-studio/jre/jre/lib/amd64/libjava.so
7fe5f9b54000-7fe5f9b56000 rw-p 0002d000 08:08 1843086                    /opt/android-studio/jre/jre/lib/amd64/libjava.so
7fe5f9b56000-7fe5f9b66000 r-xp 00000000 08:08 1842246                    /opt/android-studio/jre/jre/lib/amd64/libverify.so
7fe5f9b66000-7fe5f9d65000 ---p 00010000 08:08 1842246                    /opt/android-studio/jre/jre/lib/amd64/libverify.so
7fe5f9d65000-7fe5f9d67000 r--p 0000f000 08:08 1842246                    /opt/android-studio/jre/jre/lib/amd64/libverify.so
7fe5f9d67000-7fe5f9d68000 rw-p 00011000 08:08 1842246                    /opt/android-studio/jre/jre/lib/amd64/libverify.so
7fe5f9d68000-7fe5f9d6f000 r-xp 00000000 08:08 2885281                    /lib/x86_64-linux-gnu/librt-2.24.so
7fe5f9d6f000-7fe5f9f6e000 ---p 00007000 08:08 2885281                    /lib/x86_64-linux-gnu/librt-2.24.so
7fe5f9f6e000-7fe5f9f6f000 r--p 00006000 08:08 2885281                    /lib/x86_64-linux-gnu/librt-2.24.so
7fe5f9f6f000-7fe5f9f70000 rw-p 00007000 08:08 2885281                    /lib/x86_64-linux-gnu/librt-2.24.so
7fe5f9f70000-7fe5fa078000 r-xp 00000000 08:08 2885268                    /lib/x86_64-linux-gnu/libm-2.24.so
7fe5fa078000-7fe5fa277000 ---p 00108000 08:08 2885268                    /lib/x86_64-linux-gnu/libm-2.24.so
7fe5fa277000-7fe5fa278000 r--p 00107000 08:08 2885268                    /lib/x86_64-linux-gnu/libm-2.24.so
7fe5fa278000-7fe5fa279000 rw-p 00108000 08:08 2885268                    /lib/x86_64-linux-gnu/libm-2.24.so
7fe5fa279000-7fe5fae6a000 r-xp 00000000 08:08 1842255                    /opt/android-studio/jre/jre/lib/amd64/server/libjvm.so
7fe5fae6a000-7fe5fb06a000 ---p 00bf1000 08:08 1842255                    /opt/android-studio/jre/jre/lib/amd64/server/libjvm.so
7fe5fb06a000-7fe5fb109000 r--p 00bf1000 08:08 1842255                    /opt/android-studio/jre/jre/lib/amd64/server/libjvm.so
7fe5fb109000-7fe5fb132000 rw-p 00c90000 08:08 1842255                    /opt/android-studio/jre/jre/lib/amd64/server/libjvm.so
7fe5fb132000-7fe5fb176000 rw-p 00000000 00:00 0 
7fe5fb176000-7fe5fb18e000 r-xp 00000000 08:08 2885279                    /lib/x86_64-linux-gnu/libpthread-2.24.so
7fe5fb18e000-7fe5fb38e000 ---p 00018000 08:08 2885279                    /lib/x86_64-linux-gnu/libpthread-2.24.so
7fe5fb38e000-7fe5fb38f000 r--p 00018000 08:08 2885279                    /lib/x86_64-linux-gnu/libpthread-2.24.so
7fe5fb38f000-7fe5fb390000 rw-p 00019000 08:08 2885279                    /lib/x86_64-linux-gnu/libpthread-2.24.so
7fe5fb390000-7fe5fb394000 rw-p 00000000 00:00 0 
7fe5fb394000-7fe5fb397000 r-xp 00000000 08:08 2885267                    /lib/x86_64-linux-gnu/libdl-2.24.so
7fe5fb397000-7fe5fb596000 ---p 00003000 08:08 2885267                    /lib/x86_64-linux-gnu/libdl-2.24.so
7fe5fb596000-7fe5fb597000 r--p 00002000 08:08 2885267                    /lib/x86_64-linux-gnu/libdl-2.24.so
7fe5fb597000-7fe5fb598000 rw-p 00003000 08:08 2885267                    /lib/x86_64-linux-gnu/libdl-2.24.so
7fe5fb598000-7fe5fb755000 r-xp 00000000 08:08 2885264                    /lib/x86_64-linux-gnu/libc-2.24.so
7fe5fb755000-7fe5fb955000 ---p 001bd000 08:08 2885264                    /lib/x86_64-linux-gnu/libc-2.24.so
7fe5fb955000-7fe5fb959000 r--p 001bd000 08:08 2885264                    /lib/x86_64-linux-gnu/libc-2.24.so
7fe5fb959000-7fe5fb95b000 rw-p 001c1000 08:08 2885264                    /lib/x86_64-linux-gnu/libc-2.24.so
7fe5fb95b000-7fe5fb95f000 rw-p 00000000 00:00 0 
7fe5fb95f000-7fe5fb975000 r-xp 00000000 08:08 1582853                    /opt/android-studio/jre/lib/amd64/jli/libjli.so
7fe5fb975000-7fe5fbb74000 ---p 00016000 08:08 1582853                    /opt/android-studio/jre/lib/amd64/jli/libjli.so
7fe5fbb74000-7fe5fbb75000 r--p 00015000 08:08 1582853                    /opt/android-studio/jre/lib/amd64/jli/libjli.so
7fe5fbb75000-7fe5fbb76000 rw-p 00016000 08:08 1582853                    /opt/android-studio/jre/lib/amd64/jli/libjli.so
7fe5fbb76000-7fe5fbb9b000 r-xp 00000000 08:08 2883609                    /lib/x86_64-linux-gnu/ld-2.24.so
7fe5fbba2000-7fe5fbc73000 rw-p 00000000 00:00 0 
7fe5fbc73000-7fe5fbc76000 ---p 00000000 00:00 0 
7fe5fbc76000-7fe5fbd76000 rw-p 00000000 00:00 0 
7fe5fbd79000-7fe5fbd8d000 rw-p 00000000 00:00 0 
7fe5fbd8d000-7fe5fbd95000 rw-s 00000000 08:08 6041521                    /tmp/hsperfdata_rafael/10726
7fe5fbd95000-7fe5fbd96000 rw-p 00000000 00:00 0 
7fe5fbd96000-7fe5fbd97000 ---p 00000000 00:00 0 
7fe5fbd97000-7fe5fbd9a000 rw-p 00000000 00:00 0 
7fe5fbd9a000-7fe5fbd9b000 r--p 00024000 08:08 2883609                    /lib/x86_64-linux-gnu/ld-2.24.so
7fe5fbd9b000-7fe5fbd9c000 rw-p 00025000 08:08 2883609                    /lib/x86_64-linux-gnu/ld-2.24.so
7fe5fbd9c000-7fe5fbd9d000 rw-p 00000000 00:00 0 
7fffc81e4000-7fffc8206000 rw-p 00000000 00:00 0                          [stack]
7fffc82ed000-7fffc82ef000 r--p 00000000 00:00 0                          [vvar]
7fffc82ef000-7fffc82f1000 r-xp 00000000 00:00 0                          [vdso]
ffffffffff600000-ffffffffff601000 r-xp 00000000 00:00 0                  [vsyscall]

VM Arguments:
jvm_args: -Djava.awt.headless=true -Xmx1024M -Dfile.encoding=UTF-8 -Duser.country=US -Duser.language=en -Duser.variant 
java_command: com.android.dx.command.Main --dex --num-threads=4 --output /home/rafael/Documents/AndroidStudioProjects/UFVMaps/app/build/intermediates/transforms/dex/debug/folders/1000/1f/main /home/rafael/Documents/AndroidStudioProjects/UFVMaps/app/build/intermediates/pre-dexed/debug/classes_0a5defe29e160cb0136748a7d7062c1086ec7043.jar /home/rafael/Documents/AndroidStudioProjects/UFVMaps/app/build/intermediates/pre-dexed/debug/classes_a5368036fa426455f3f4ffe1626c703cd45e1ea9.jar /home/rafael/Documents/AndroidStudioProjects/UFVMaps/app/build/intermediates/pre-dexed/debug/classes_4b7cefe795efb8b9f0364f1d84bf206477266023.jar /home/rafael/Documents/AndroidStudioProjects/UFVMaps/app/build/intermediates/pre-dexed/debug/classes_0c9b0efabd27696e1257850708f63fa67e9e0b5b.jar /home/rafael/Documents/AndroidStudioProjects/UFVMaps/app/build/intermediates/pre-dexed/debug/classes_6fcc2db0133f4be7a54524f7d37e346213960916.jar /home/rafael/Documents/AndroidStudioProjects/UFVMaps/app/build/intermediates/pre-dexed/debug/classes_bf4a5cdb2745d3a84432d2bb07a4de966cd88d95.jar /home/rafael/Documents/AndroidStudioProjects/UFVMaps/app/build/intermediates/pre-dexed/debug/debug_7461ba784a66fd9de00a6168d36819b4a6d68f50.jar /home/rafael/Documents/AndroidStudioProjects/UFVMaps/app/build/intermediates/pre-dexed/debug/classes_c863514208e1d047a582f7c7364fafb3f11f0e4c.jar /home/rafael/Documents/AndroidStudioProjects/UFVMaps/app/build/intermediates/pre-dexed/debug/classes_2c2d7f459d28ab65e39c046a1b592b0509320dea.jar /home/rafael/Documents/AndroidStudioProjects/UFVMaps/app/build/intermediates/pre-dexed/debug/classes_c45ff0ec9fe1d38e2038187768547687b6a05aed.jar /home/rafael/Documents/AndroidStudioProjects/UFVMaps/app/build/intermediates/pre-dexed/debug/classes_1bf455be7cef5c34eafeb3d645758f1ad8e9f311.jar /home/rafael/Documents/AndroidStudioProjects/UFVMaps/app/build/intermediates/pre-dexed/debug/classes_715d055b7435f953ccab319077807ffac81f9a33.jar /home/rafael/Documents/AndroidStudioProjects/UFVMaps/app
java_class_path (initial): /home/rafael/Android/Sdk/build-tools/25.0.0/lib/dx.jar
Launcher Type: SUN_STANDARD

Environment Variables:
JAVA_HOME=/usr/lib/jvm/java-8-oracle
PATH=/usr/local/sbin:/usr/local/bin:/usr/sbin:/usr/bin:/sbin:/bin:/usr/games:/usr/local/games:/snap/bin:/usr/lib/jvm/java-8-oracle/bin:/usr/lib/jvm/java-8-oracle/db/bin:/usr/lib/jvm/java-8-oracle/jre/bin
LD_LIBRARY_PATH=/opt/android-studio/bin:
SHELL=/usr/bin/zsh
DISPLAY=:0

Signal Handlers:
SIGSEGV: [libjvm.so+0x9e5150], sa_mask[0]=11111111011111111101111111111110, sa_flags=SA_RESTART|SA_SIGINFO
SIGBUS: [libjvm.so+0x9e5150], sa_mask[0]=11111111011111111101111111111110, sa_flags=SA_RESTART|SA_SIGINFO
SIGFPE: [libjvm.so+0x848450], sa_mask[0]=11111111011111111101111111111110, sa_flags=SA_RESTART|SA_SIGINFO
SIGPIPE: [libjvm.so+0x848450], sa_mask[0]=11111111011111111101111111111110, sa_flags=SA_RESTART|SA_SIGINFO
SIGXFSZ: [libjvm.so+0x848450], sa_mask[0]=11111111011111111101111111111110, sa_flags=SA_RESTART|SA_SIGINFO
SIGILL: [libjvm.so+0x848450], sa_mask[0]=11111111011111111101111111111110, sa_flags=SA_RESTART|SA_SIGINFO
SIGUSR1: SIG_DFL, sa_mask[0]=00000000000000000000000000000000, sa_flags=none
SIGUSR2: [libjvm.so+0x848320], sa_mask[0]=00100000000000000000000000000000, sa_flags=SA_RESTART|SA_SIGINFO
SIGHUP: [libjvm.so+0x848510], sa_mask[0]=11111111011111111101111111111110, sa_flags=SA_RESTART|SA_SIGINFO
SIGINT: [libjvm.so+0x848510], sa_mask[0]=11111111011111111101111111111110, sa_flags=SA_RESTART|SA_SIGINFO
SIGTERM: [libjvm.so+0x848510], sa_mask[0]=11111111011111111101111111111110, sa_flags=SA_RESTART|SA_SIGINFO
SIGQUIT: [libjvm.so+0x848510], sa_mask[0]=11111111011111111101111111111110, sa_flags=SA_RESTART|SA_SIGINFO


---------------  S Y S T E M  ---------------

OS:DISTRIB_ID=Ubuntu
DISTRIB_RELEASE=16.10
DISTRIB_CODENAME=yakkety
DISTRIB_DESCRIPTION="Ubuntu 16.10"

uname:Linux 4.8.0-49-generic #52-Ubuntu SMP Thu Apr 20 09:38:39 UTC 2017 x86_64
libc:glibc 2.24 NPTL 2.24 
rlimit: STACK 8192k, CORE 0k, NPROC 31362, NOFILE 65536, AS infinity
load average:1,46 1,06 0,94

/proc/meminfo:
MemTotal:        8124516 kB
MemFree:          139520 kB
MemAvailable:      61740 kB
Buffers:            2936 kB
Cached:           295628 kB
SwapCached:            0 kB
Active:          7245704 kB
Inactive:         260096 kB
Active(anon):    7213268 kB
Inactive(anon):   228792 kB
Active(file):      32436 kB
Inactive(file):    31304 kB
Unevictable:         152 kB
Mlocked:             152 kB
SwapTotal:             0 kB
SwapFree:              0 kB
Dirty:              5944 kB
Writeback:             0 kB
AnonPages:       7207640 kB
Mapped:           477140 kB
Shmem:            234728 kB
Slab:             123300 kB
SReclaimable:      50344 kB
SUnreclaim:        72956 kB
KernelStack:       13952 kB
PageTables:        57404 kB
NFS_Unstable:          0 kB
Bounce:                0 kB
WritebackTmp:          0 kB
CommitLimit:     4062256 kB
Committed_AS:   12389292 kB
VmallocTotal:   34359738367 kB
VmallocUsed:           0 kB
VmallocChunk:          0 kB
HardwareCorrupted:     0 kB
AnonHugePages:   2174976 kB
ShmemHugePages:        0 kB
ShmemPmdMapped:        0 kB
CmaTotal:              0 kB
CmaFree:               0 kB
HugePages_Total:       0
HugePages_Free:        0
HugePages_Rsvd:        0
HugePages_Surp:        0
Hugepagesize:       2048 kB
DirectMap4k:      636516 kB
DirectMap2M:     7702528 kB
DirectMap1G:     1048576 kB


CPU:total 8 (4 cores per cpu, 2 threads per core) family 6 model 60 stepping 3, cmov, cx8, fxsr, mmx, sse, sse2, sse3, ssse3, sse4.1, sse4.2, popcnt, avx, avx2, aes, clmul, erms, rtm, lzcnt, ht, tsc, tscinvbit, bmi1, bmi2

/proc/cpuinfo:
processor	: 0
vendor_id	: GenuineIntel
cpu family	: 6
model		: 60
model name	: Intel(R) Core(TM) i7-4770 CPU @ 3.40GHz
stepping	: 3
microcode	: 0x9
cpu MHz		: 3400.000
cache size	: 8192 KB
physical id	: 0
siblings	: 8
core id		: 0
cpu cores	: 4
apicid		: 0
initial apicid	: 0
fpu		: yes
fpu_exception	: yes
cpuid level	: 13
wp		: yes
flags		: fpu vme de pse tsc msr pae mce cx8 apic sep mtrr pge mca cmov pat pse36 clflush dts acpi mmx fxsr sse sse2 ss ht tm pbe syscall nx pdpe1gb rdtscp lm constant_tsc arch_perfmon pebs bts rep_good nopl xtopology nonstop_tsc aperfmperf eagerfpu pni pclmulqdq dtes64 monitor ds_cpl vmx smx est tm2 ssse3 sdbg fma cx16 xtpr pdcm pcid sse4_1 sse4_2 x2apic movbe popcnt tsc_deadline_timer aes xsave avx f16c rdrand lahf_lm abm epb tpr_shadow vnmi flexpriority ept vpid fsgsbase tsc_adjust bmi1 hle avx2 smep bmi2 erms invpcid rtm xsaveopt dtherm ida arat pln pts
bugs		:
bogomips	: 6784.21
clflush size	: 64
cache_alignment	: 64
address sizes	: 39 bits physical, 48 bits virtual
power management:

processor	: 1
vendor_id	: GenuineIntel
cpu family	: 6
model		: 60
model name	: Intel(R) Core(TM) i7-4770 CPU @ 3.40GHz
stepping	: 3
microcode	: 0x9
cpu MHz		: 3400.000
cache size	: 8192 KB
physical id	: 0
siblings	: 8
core id		: 1
cpu cores	: 4
apicid		: 2
initial apicid	: 2
fpu		: yes
fpu_exception	: yes
cpuid level	: 13
wp		: yes
flags		: fpu vme de pse tsc msr pae mce cx8 apic sep mtrr pge mca cmov pat pse36 clflush dts acpi mmx fxsr sse sse2 ss ht tm pbe syscall nx pdpe1gb rdtscp lm constant_tsc arch_perfmon pebs bts rep_good nopl xtopology nonstop_tsc aperfmperf eagerfpu pni pclmulqdq dtes64 monitor ds_cpl vmx smx est tm2 ssse3 sdbg fma cx16 xtpr pdcm pcid sse4_1 sse4_2 x2apic movbe popcnt tsc_deadline_timer aes xsave avx f16c rdrand lahf_lm abm epb tpr_shadow vnmi flexpriority ept vpid fsgsbase tsc_adjust bmi1 hle avx2 smep bmi2 erms invpcid rtm xsaveopt dtherm ida arat pln pts
bugs		:
bogomips	: 6784.21
clflush size	: 64
cache_alignment	: 64
address sizes	: 39 bits physical, 48 bits virtual
power management:

processor	: 2
vendor_id	: GenuineIntel
cpu family	: 6
model		: 60
model name	: Intel(R) Core(TM) i7-4770 CPU @ 3.40GHz
stepping	: 3
microcode	: 0x9
cpu MHz		: 3373.022
cache size	: 8192 KB
physical id	: 0
siblings	: 8
core id		: 2
cpu cores	: 4
apicid		: 4
initial apicid	: 4
fpu		: yes
fpu_exception	: yes
cpuid level	: 13
wp		: yes
flags		: fpu vme de pse tsc msr pae mce cx8 apic sep mtrr pge mca cmov pat pse36 clflush dts acpi mmx fxsr sse sse2 ss ht tm pbe syscall nx pdpe1gb rdtscp lm constant_tsc arch_perfmon pebs bts rep_good nopl xtopology nonstop_tsc aperfmperf eagerfpu pni pclmulqdq dtes64 monitor ds_cpl vmx smx est tm2 ssse3 sdbg fma cx16 xtpr pdcm pcid sse4_1 sse4_2 x2apic movbe popcnt tsc_deadline_timer aes xsave avx f16c rdrand lahf_lm abm epb tpr_shadow vnmi flexpriority ept vpid fsgsbase tsc_adjust bmi1 hle avx2 smep bmi2 erms invpcid rtm xsaveopt dtherm ida arat pln pts
bugs		:
bogomips	: 6784.21
clflush size	: 64
cache_alignment	: 64
address sizes	: 39 bits physical, 48 bits virtual
power management:

processor	: 3
vendor_id	: GenuineIntel
cpu family	: 6
model		: 60
model name	: Intel(R) Core(TM) i7-4770 CPU @ 3.40GHz
stepping	: 3
microcode	: 0x9
cpu MHz		: 3396.057
cache size	: 8192 KB
physical id	: 0
siblings	: 8
core id		: 3
cpu cores	: 4
apicid		: 6
initial apicid	: 6
fpu		: yes
fpu_exception	: yes
cpuid level	: 13
wp		: yes
flags		: fpu vme de pse tsc msr pae mce cx8 apic sep mtrr pge mca cmov pat pse36 clflush dts acpi mmx fxsr sse sse2 ss ht tm pbe syscall nx pdpe1gb rdtscp lm constant_tsc arch_perfmon pebs bts rep_good nopl xtopology nonstop_tsc aperfmperf eagerfpu pni pclmulqdq dtes64 monitor ds_cpl vmx smx est tm2 ssse3 sdbg fma cx16 xtpr pdcm pcid sse4_1 sse4_2 x2apic movbe popcnt tsc_deadline_timer aes xsave avx f16c rdrand lahf_lm abm epb tpr_shadow vnmi flexpriority ept vpid fsgsbase tsc_adjust bmi1 hle avx2 smep bmi2 erms invpcid rtm xsaveopt dtherm ida arat pln pts
bugs		:
bogomips	: 6784.21
clflush size	: 64
cache_alignment	: 64
address sizes	: 39 bits physical, 48 bits virtual
power management:

processor	: 4
vendor_id	: GenuineIntel
cpu family	: 6
model		: 60
model name	: Intel(R) Core(TM) i7-4770 CPU @ 3.40GHz
stepping	: 3
microcode	: 0x9
cpu MHz		: 3401.660
cache size	: 8192 KB
physical id	: 0
siblings	: 8
core id		: 0
cpu cores	: 4
apicid		: 1
initial apicid	: 1
fpu		: yes
fpu_exception	: yes
cpuid level	: 13
wp		: yes
flags		: fpu vme de pse tsc msr pae mce cx8 apic sep mtrr pge mca cmov pat pse36 clflush dts acpi mmx fxsr sse sse2 ss ht tm pbe syscall nx pdpe1gb rdtscp lm constant_tsc arch_perfmon pebs bts rep_good nopl xtopology nonstop_tsc aperfmperf eagerfpu pni pclmulqdq dtes64 monitor ds_cpl vmx smx est tm2 ssse3 sdbg fma cx16 xtpr pdcm pcid sse4_1 sse4_2 x2apic movbe popcnt tsc_deadline_timer aes xsave avx f16c rdrand lahf_lm abm epb tpr_shadow vnmi flexpriority ept vpid fsgsbase tsc_adjust bmi1 hle avx2 smep bmi2 erms invpcid rtm xsaveopt dtherm ida arat pln pts
bugs		:
bogomips	: 6784.21
clflush size	: 64
cache_alignment	: 64
address sizes	: 39 bits physical, 48 bits virtual
power management:

processor	: 5
vendor_id	: GenuineIntel
cpu family	: 6
model		: 60
model name	: Intel(R) Core(TM) i7-4770 CPU @ 3.40GHz
stepping	: 3
microcode	: 0x9
cpu MHz		: 3401.452
cache size	: 8192 KB
physical id	: 0
siblings	: 8
core id		: 1
cpu cores	: 4
apicid		: 3
initial apicid	: 3
fpu		: yes
fpu_exception	: yes
cpuid level	: 13
wp		: yes
flags		: fpu vme de pse tsc msr pae mce cx8 apic sep mtrr pge mca cmov pat pse36 clflush dts acpi mmx fxsr sse sse2 ss ht tm pbe syscall nx pdpe1gb rdtscp lm constant_tsc arch_perfmon pebs bts rep_good nopl xtopology nonstop_tsc aperfmperf eagerfpu pni pclmulqdq dtes64 monitor ds_cpl vmx smx est tm2 ssse3 sdbg fma cx16 xtpr pdcm pcid sse4_1 sse4_2 x2apic movbe popcnt tsc_deadline_timer aes xsave avx f16c rdrand lahf_lm abm epb tpr_shadow vnmi flexpriority ept vpid fsgsbase tsc_adjust bmi1 hle avx2 smep bmi2 erms invpcid rtm xsaveopt dtherm ida arat pln pts
bugs		:
bogomips	: 6784.21
clflush size	: 64
cache_alignment	: 64
address sizes	: 39 bits physical, 48 bits virtual
power management:

processor	: 6
vendor_id	: GenuineIntel
cpu family	: 6
model		: 60
model name	: Intel(R) Core(TM) i7-4770 CPU @ 3.40GHz
stepping	: 3
microcode	: 0x9
cpu MHz		: 3241.455
cache size	: 8192 KB
physical id	: 0
siblings	: 8
core id		: 2
cpu cores	: 4
apicid		: 5
initial apicid	: 5
fpu		: yes
fpu_exception	: yes
cpuid level	: 13
wp		: yes
flags		: fpu vme de pse tsc msr pae mce cx8 apic sep mtrr pge mca cmov pat pse36 clflush dts acpi mmx fxsr sse sse2 ss ht tm pbe syscall nx pdpe1gb rdtscp lm constant_tsc arch_perfmon pebs bts rep_good nopl xtopology nonstop_tsc aperfmperf eagerfpu pni pclmulqdq dtes64 monitor ds_cpl vmx smx est tm2 ssse3 sdbg fma cx16 xtpr pdcm pcid sse4_1 sse4_2 x2apic movbe popcnt tsc_deadline_timer aes xsave avx f16c rdrand lahf_lm abm epb tpr_shadow vnmi flexpriority ept vpid fsgsbase tsc_adjust bmi1 hle avx2 smep bmi2 erms invpcid rtm xsaveopt dtherm ida arat pln pts
bugs		:
bogomips	: 6784.21
clflush size	: 64
cache_alignment	: 64
address sizes	: 39 bits physical, 48 bits virtual
power management:

processor	: 7
vendor_id	: GenuineIntel
cpu family	: 6
model		: 60
model name	: Intel(R) Core(TM) i7-4770 CPU @ 3.40GHz
stepping	: 3
microcode	: 0x9
cpu MHz		: 3433.410
cache size	: 8192 KB
physical id	: 0
siblings	: 8
core id		: 3
cpu cores	: 4
apicid		: 7
initial apicid	: 7
fpu		: yes
fpu_exception	: yes
cpuid level	: 13
wp		: yes
flags		: fpu vme de pse tsc msr pae mce cx8 apic sep mtrr pge mca cmov pat pse36 clflush dts acpi mmx fxsr sse sse2 ss ht tm pbe syscall nx pdpe1gb rdtscp lm constant_tsc arch_perfmon pebs bts rep_good nopl xtopology nonstop_tsc aperfmperf eagerfpu pni pclmulqdq dtes64 monitor ds_cpl vmx smx est tm2 ssse3 sdbg fma cx16 xtpr pdcm pcid sse4_1 sse4_2 x2apic movbe popcnt tsc_deadline_timer aes xsave avx f16c rdrand lahf_lm abm epb tpr_shadow vnmi flexpriority ept vpid fsgsbase tsc_adjust bmi1 hle avx2 smep bmi2 erms invpcid rtm xsaveopt dtherm ida arat pln pts
bugs		:
bogomips	: 6784.21
clflush size	: 64
cache_alignment	: 64
address sizes	: 39 bits physical, 48 bits virtual
power management:



Memory: 4k page, physical 8124516k(139520k free), swap 0k(0k free)

vm_info: OpenJDK 64-Bit Server VM (25.112-b06) for linux-amd64 JRE (1.8.0_112-release-b06), built on Dec  6 2016 12:11:18 by "builder" with gcc 4.8.4

time: Mon May  1 16:29:46 2017
elapsed time: 1 seconds (0d 0h 0m 1s)

