#
# There is insufficient memory for the Java Runtime Environment to continue.
# Native memory allocation (mmap) failed to map 177209344 bytes for committing reserved memory.
# Possible reasons:
#   The system is out of physical RAM or swap space
#   In 32 bit mode, the process size limit was hit
# Possible solutions:
#   Reduce memory load on the system
#   Increase physical memory or swap space
#   Check if swap backing store is full
#   Use 64 bit Java on a 64 bit OS
#   Decrease Java heap size (-Xmx/-Xms)
#   Decrease number of Java threads
#   Decrease Java thread stack sizes (-Xss)
#   Set larger code cache with -XX:ReservedCodeCacheSize=
# This output file may be truncated or incomplete.
#
#  Out of Memory Error (os_linux.cpp:2627), pid=10993, tid=0x00007ff755dfd700
#
# JRE version: OpenJDK Runtime Environment (8.0_112-b06) (build 1.8.0_112-release-b06)
# Java VM: OpenJDK 64-Bit Server VM (25.112-b06 mixed mode linux-amd64 compressed oops)
# Failed to write core dump. Core dumps have been disabled. To enable core dumping, try "ulimit -c unlimited" before starting Java again
#

---------------  T H R E A D  ---------------

Current thread (0x00007ff76c082000):  VMThread [stack: 0x00007ff755cfd000,0x00007ff755dfe000] [id=11007]

Stack: [0x00007ff755cfd000,0x00007ff755dfe000],  sp=0x00007ff755dfc4c0,  free space=1021k
Native frames: (J=compiled Java code, j=interpreted, Vv=VM code, C=native code)
V  [libjvm.so+0x9e465d]  VMError::report_and_die()+0x15d
V  [libjvm.so+0x4b6ada]  report_vm_out_of_memory(char const*, int, unsigned long, VMErrorType, char const*)+0x8a
V  [libjvm.so+0x84c860]  os::pd_commit_memory(char*, unsigned long, unsigned long, bool)+0xf0
V  [libjvm.so+0x84737f]  os::commit_memory(char*, unsigned long, unsigned long, bool)+0x1f
V  [libjvm.so+0x8bd3db]  PSVirtualSpace::expand_by(unsigned long)+0x5b
V  [libjvm.so+0x8be050]  PSYoungGen::resize_generation(unsigned long, unsigned long)+0xb0
V  [libjvm.so+0x8be36b]  PSYoungGen::resize(unsigned long, unsigned long)+0x1b
V  [libjvm.so+0x8baa5c]  PSScavenge::invoke_no_policy()+0xdac
V  [libjvm.so+0x8bb238]  PSScavenge::invoke()+0x38
V  [libjvm.so+0x86fcf3]  ParallelScavengeHeap::failed_mem_allocate(unsigned long)+0x63
V  [libjvm.so+0x9e6124]  VM_ParallelGCFailedAllocation::doit()+0x84
V  [libjvm.so+0x9ea537]  VM_Operation::evaluate()+0x47
V  [libjvm.so+0x9e8ff8]  VMThread::evaluate_operation(VM_Operation*)+0x2c8
V  [libjvm.so+0x9e9479]  VMThread::loop()+0x219
V  [libjvm.so+0x9e98c2]  VMThread::run()+0x72
V  [libjvm.so+0x849c82]  java_start(Thread*)+0xf2

VM_Operation (0x00007ff775530150): ParallelGCFailedAllocation, mode: safepoint, requested by thread 0x00007ff76c00c800


---------------  P R O C E S S  ---------------

Java Threads: ( => current thread )
  0x00007ff76c0df800 JavaThread "Service Thread" daemon [_thread_blocked, id=11015, stack(0x00007ff75521b000,0x00007ff75531c000)]
  0x00007ff76c0ca800 JavaThread "C1 CompilerThread3" daemon [_thread_blocked, id=11014, stack(0x00007ff75531c000,0x00007ff75541d000)]
  0x00007ff76c0c8000 JavaThread "C2 CompilerThread2" daemon [_thread_blocked, id=11013, stack(0x00007ff75541d000,0x00007ff75551e000)]
  0x00007ff76c0c6800 JavaThread "C2 CompilerThread1" daemon [_thread_blocked, id=11012, stack(0x00007ff75551e000,0x00007ff75561f000)]
  0x00007ff76c0c3800 JavaThread "C2 CompilerThread0" daemon [_thread_blocked, id=11011, stack(0x00007ff75561f000,0x00007ff755720000)]
  0x00007ff76c0c2000 JavaThread "Signal Dispatcher" daemon [_thread_blocked, id=11010, stack(0x00007ff755720000,0x00007ff755821000)]
  0x00007ff76c08e800 JavaThread "Finalizer" daemon [_thread_blocked, id=11009, stack(0x00007ff755afb000,0x00007ff755bfc000)]
  0x00007ff76c089800 JavaThread "Reference Handler" daemon [_thread_blocked, id=11008, stack(0x00007ff755bfc000,0x00007ff755cfd000)]
  0x00007ff76c00c800 JavaThread "main" [_thread_blocked, id=10998, stack(0x00007ff775431000,0x00007ff775532000)]

Other Threads:
=>0x00007ff76c082000 VMThread [stack: 0x00007ff755cfd000,0x00007ff755dfe000] [id=11007]
  0x00007ff76c0e2000 WatcherThread [stack: 0x00007ff75511a000,0x00007ff75521b000] [id=11016]

VM state:at safepoint (normal execution)

VM Mutex/Monitor currently owned by a thread:  ([mutex/lock_event])
[0x00007ff76c008c00] Threads_lock - owner thread: 0x00007ff76c082000
[0x00007ff76c009100] Heap_lock - owner thread: 0x00007ff76c00c800

Heap:
 PSYoungGen      total 96768K, used 5097K [0x00000000eab00000, 0x00000000f0f80000, 0x0000000100000000)
  eden space 91648K, 0% used [0x00000000eab00000,0x00000000eab00000,0x00000000f0480000)
  from space 5120K, 99% used [0x00000000f0580000,0x00000000f0a7a480,0x00000000f0a80000)
  to   space 4096K, 0% used [0x00000000f0b80000,0x00000000f0b80000,0x00000000f0f80000)
 ParOldGen       total 154112K, used 28760K [0x00000000c0000000, 0x00000000c9680000, 0x00000000eab00000)
  object space 154112K, 18% used [0x00000000c0000000,0x00000000c1c16058,0x00000000c9680000)
 Metaspace       used 4717K, capacity 5424K, committed 5632K, reserved 1056768K
  class space    used 478K, capacity 488K, committed 512K, reserved 1048576K

Card table byte_map: [0x00007ff7720c8000,0x00007ff7722c9000] byte_map_base: 0x00007ff771ac8000

Marking Bits: (ParMarkBitMap*) 0x00007ff774905340
 Begin Bits: [0x00007ff756000000, 0x00007ff757000000)
 End Bits:   [0x00007ff757000000, 0x00007ff758000000)

Polling page: 0x00007ff775554000

CodeCache: size=245760Kb used=4085Kb max_used=4097Kb free=241674Kb
 bounds [0x00007ff75d000000, 0x00007ff75d410000, 0x00007ff76c000000]
 total_blobs=1437 nmethods=1164 adapters=188
 compilation: enabled

Compilation events (10 events):
Event: 0,909 Thread 0x00007ff76c0ca800 1214       2       com.android.dx.io.instructions.ShortArrayCodeInput::readLong (45 bytes)
Event: 0,909 Thread 0x00007ff76c0ca800 nmethod 1214 0x00007ff75d401350 code [0x00007ff75d401520, 0x00007ff75d401ab8]
Event: 0,909 Thread 0x00007ff76c0ca800 1215       2       com.android.dx.io.instructions.InstructionCodec$31::decode (36 bytes)
Event: 0,909 Thread 0x00007ff76c0ca800 nmethod 1215 0x00007ff75d3fe690 code [0x00007ff75d3fe820, 0x00007ff75d3feab8]
Event: 0,909 Thread 0x00007ff76c0ca800 1216       2       com.android.dx.io.instructions.InstructionCodec$31::encode (39 bytes)
Event: 0,910 Thread 0x00007ff76c0ca800 nmethod 1216 0x00007ff75d3e4690 code [0x00007ff75d3e4820, 0x00007ff75d3e4b58]
Event: 0,914 Thread 0x00007ff76c0c3800 nmethod 1171 0x00007ff75d407b10 code [0x00007ff75d407cc0, 0x00007ff75d408328]
Event: 0,914 Thread 0x00007ff76c0c3800 1182       4       com.android.dx.merge.IndexMap::adjustString (16 bytes)
Event: 0,915 Thread 0x00007ff76c0c3800 nmethod 1182 0x00007ff75d3d8390 code [0x00007ff75d3d84e0, 0x00007ff75d3d8578]
Event: 0,915 Thread 0x00007ff76c0c3800 1186       4       com.android.dx.merge.IndexMap$EncodedValueTransformer::transform (495 bytes)

GC Heap History (10 events):
Event: 0,111 GC heap after
Heap after GC invocations=1 (full 0):
 PSYoungGen      total 36864K, used 5114K [0x00000000eab00000, 0x00000000ef300000, 0x0000000100000000)
  eden space 31744K, 0% used [0x00000000eab00000,0x00000000eab00000,0x00000000eca00000)
  from space 5120K, 99% used [0x00000000eca00000,0x00000000ecefe860,0x00000000ecf00000)
  to   space 5120K, 0% used [0x00000000eee00000,0x00000000eee00000,0x00000000ef300000)
 ParOldGen       total 84992K, used 3686K [0x00000000c0000000, 0x00000000c5300000, 0x00000000eab00000)
  object space 84992K, 4% used [0x00000000c0000000,0x00000000c0399a98,0x00000000c5300000)
 Metaspace       used 3493K, capacity 4720K, committed 4864K, reserved 1056768K
  class space    used 363K, capacity 424K, committed 512K, reserved 1048576K
}
Event: 0,210 GC heap before
{Heap before GC invocations=2 (full 0):
 PSYoungGen      total 36864K, used 36858K [0x00000000eab00000, 0x00000000ef300000, 0x0000000100000000)
  eden space 31744K, 100% used [0x00000000eab00000,0x00000000eca00000,0x00000000eca00000)
  from space 5120K, 99% used [0x00000000eca00000,0x00000000ecefe860,0x00000000ecf00000)
  to   space 5120K, 0% used [0x00000000eee00000,0x00000000eee00000,0x00000000ef300000)
 ParOldGen       total 84992K, used 3686K [0x00000000c0000000, 0x00000000c5300000, 0x00000000eab00000)
  object space 84992K, 4% used [0x00000000c0000000,0x00000000c0399a98,0x00000000c5300000)
 Metaspace       used 3784K, capacity 4944K, committed 5120K, reserved 1056768K
  class space    used 392K, capacity 456K, committed 512K, reserved 1048576K
Event: 0,229 GC heap after
Heap after GC invocations=2 (full 0):
 PSYoungGen      total 68608K, used 5093K [0x00000000eab00000, 0x00000000ef300000, 0x0000000100000000)
  eden space 63488K, 0% used [0x00000000eab00000,0x00000000eab00000,0x00000000ee900000)
  from space 5120K, 99% used [0x00000000eee00000,0x00000000ef2f94a0,0x00000000ef300000)
  to   space 5120K, 0% used [0x00000000ee900000,0x00000000ee900000,0x00000000eee00000)
 ParOldGen       total 84992K, used 74745K [0x00000000c0000000, 0x00000000c5300000, 0x00000000eab00000)
  object space 84992K, 87% used [0x00000000c0000000,0x00000000c48fe6c8,0x00000000c5300000)
 Metaspace       used 3784K, capacity 4944K, committed 5120K, reserved 1056768K
  class space    used 392K, capacity 456K, committed 512K, reserved 1048576K
}
Event: 0,230 GC heap before
{Heap before GC invocations=3 (full 1):
 PSYoungGen      total 68608K, used 5093K [0x00000000eab00000, 0x00000000ef300000, 0x0000000100000000)
  eden space 63488K, 0% used [0x00000000eab00000,0x00000000eab00000,0x00000000ee900000)
  from space 5120K, 99% used [0x00000000eee00000,0x00000000ef2f94a0,0x00000000ef300000)
  to   space 5120K, 0% used [0x00000000ee900000,0x00000000ee900000,0x00000000eee00000)
 ParOldGen       total 84992K, used 74745K [0x00000000c0000000, 0x00000000c5300000, 0x00000000eab00000)
  object space 84992K, 87% used [0x00000000c0000000,0x00000000c48fe6c8,0x00000000c5300000)
 Metaspace       used 3784K, capacity 4944K, committed 5120K, reserved 1056768K
  class space    used 392K, capacity 456K, committed 512K, reserved 1048576K
Event: 0,247 GC heap after
Heap after GC invocations=3 (full 1):
 PSYoungGen      total 68608K, used 0K [0x00000000eab00000, 0x00000000ef300000, 0x0000000100000000)
  eden space 63488K, 0% used [0x00000000eab00000,0x00000000eab00000,0x00000000ee900000)
  from space 5120K, 0% used [0x00000000eee00000,0x00000000eee00000,0x00000000ef300000)
  to   space 5120K, 0% used [0x00000000ee900000,0x00000000ee900000,0x00000000eee00000)
 ParOldGen       total 154112K, used 19642K [0x00000000c0000000, 0x00000000c9680000, 0x00000000eab00000)
  object space 154112K, 12% used [0x00000000c0000000,0x00000000c132eba8,0x00000000c9680000)
 Metaspace       used 3784K, capacity 4944K, committed 5120K, reserved 1056768K
  class space    used 392K, capacity 456K, committed 512K, reserved 1048576K
}
Event: 0,571 GC heap before
{Heap before GC invocations=4 (full 1):
 PSYoungGen      total 68608K, used 63488K [0x00000000eab00000, 0x00000000ef300000, 0x0000000100000000)
  eden space 63488K, 100% used [0x00000000eab00000,0x00000000ee900000,0x00000000ee900000)
  from space 5120K, 0% used [0x00000000eee00000,0x00000000eee00000,0x00000000ef300000)
  to   space 5120K, 0% used [0x00000000ee900000,0x00000000ee900000,0x00000000eee00000)
 ParOldGen       total 154112K, used 19642K [0x00000000c0000000, 0x00000000c9680000, 0x00000000eab00000)
  object space 154112K, 12% used [0x00000000c0000000,0x00000000c132eba8,0x00000000c9680000)
 Metaspace       used 4360K, capacity 5424K, committed 5632K, reserved 1056768K
  class space    used 445K, capacity 488K, committed 512K, reserved 1048576K
Event: 0,576 GC heap after
Heap after GC invocations=4 (full 1):
 PSYoungGen      total 68608K, used 4147K [0x00000000eab00000, 0x00000000f1080000, 0x0000000100000000)
  eden space 63488K, 0% used [0x00000000eab00000,0x00000000eab00000,0x00000000ee900000)
  from space 5120K, 81% used [0x00000000ee900000,0x00000000eed0cea8,0x00000000eee00000)
  to   space 5120K, 0% used [0x00000000f0b80000,0x00000000f0b80000,0x00000000f1080000)
 ParOldGen       total 154112K, used 19650K [0x00000000c0000000, 0x00000000c9680000, 0x00000000eab00000)
  object space 154112K, 12% used [0x00000000c0000000,0x00000000c1330ba8,0x00000000c9680000)
 Metaspace       used 4360K, capacity 5424K, committed 5632K, reserved 1056768K
  class space    used 445K, capacity 488K, committed 512K, reserved 1048576K
}
Event: 0,642 GC heap before
{Heap before GC invocations=5 (full 1):
 PSYoungGen      total 68608K, used 67635K [0x00000000eab00000, 0x00000000f1080000, 0x0000000100000000)
  eden space 63488K, 100% used [0x00000000eab00000,0x00000000ee900000,0x00000000ee900000)
  from space 5120K, 81% used [0x00000000ee900000,0x00000000eed0cea8,0x00000000eee00000)
  to   space 5120K, 0% used [0x00000000f0b80000,0x00000000f0b80000,0x00000000f1080000)
 ParOldGen       total 154112K, used 19650K [0x00000000c0000000, 0x00000000c9680000, 0x00000000eab00000)
  object space 154112K, 12% used [0x00000000c0000000,0x00000000c1330ba8,0x00000000c9680000)
 Metaspace       used 4384K, capacity 5424K, committed 5632K, reserved 1056768K
  class space    used 445K, capacity 488K, committed 512K, reserved 1048576K
Event: 0,645 GC heap after
Heap after GC invocations=5 (full 1):
 PSYoungGen      total 95744K, used 3904K [0x00000000eab00000, 0x00000000f0f80000, 0x0000000100000000)
  eden space 91648K, 0% used [0x00000000eab00000,0x00000000eab00000,0x00000000f0480000)
  from space 4096K, 95% used [0x00000000f0b80000,0x00000000f0f50018,0x00000000f0f80000)
  to   space 5120K, 0% used [0x00000000f0580000,0x00000000f0580000,0x00000000f0a80000)
 ParOldGen       total 154112K, used 19658K [0x00000000c0000000, 0x00000000c9680000, 0x00000000eab00000)
  object space 154112K, 12% used [0x00000000c0000000,0x00000000c1332ba8,0x00000000c9680000)
 Metaspace       used 4384K, capacity 5424K, committed 5632K, reserved 1056768K
  class space    used 445K, capacity 488K, committed 512K, reserved 1048576K
}
Event: 0,924 GC heap before
{Heap before GC invocations=6 (full 1):
 PSYoungGen      total 95744K, used 95552K [0x00000000eab00000, 0x00000000f0f80000, 0x0000000100000000)
  eden space 91648K, 100% used [0x00000000eab00000,0x00000000f0480000,0x00000000f0480000)
  from space 4096K, 95% used [0x00000000f0b80000,0x00000000f0f50018,0x00000000f0f80000)
  to   space 5120K, 0% used [0x00000000f0580000,0x00000000f0580000,0x00000000f0a80000)
 ParOldGen       total 154112K, used 19658K [0x00000000c0000000, 0x00000000c9680000, 0x00000000eab00000)
  object space 154112K, 12% used [0x00000000c0000000,0x00000000c1332ba8,0x00000000c9680000)
 Metaspace       used 4717K, capacity 5424K, committed 5632K, reserved 1056768K
  class space    used 478K, capacity 488K, committed 512K, reserved 1048576K

Deoptimization events (10 events):
Event: 0,659 Thread 0x00007ff76c00c800 Uncommon trap: reason=class_check action=maybe_recompile pc=0x00007ff75d39a4d4 method=java.util.HashMap.putVal(ILjava/lang/Object;Ljava/lang/Object;ZZ)Ljava/lang/Object; @ 56
Event: 0,660 Thread 0x00007ff76c00c800 Uncommon trap: reason=unstable_if action=reinterpret pc=0x00007ff75d38da04 method=java.util.HashMap.resize()[Ljava/util/HashMap$Node; @ 68
Event: 0,660 Thread 0x00007ff76c00c800 Uncommon trap: reason=bimorphic action=maybe_recompile pc=0x00007ff75d3b26f8 method=java.util.HashMap.getNode(ILjava/lang/Object;)Ljava/util/HashMap$Node; @ 126
Event: 0,660 Thread 0x00007ff76c00c800 Uncommon trap: reason=bimorphic action=maybe_recompile pc=0x00007ff75d3b26f8 method=java.util.HashMap.getNode(ILjava/lang/Object;)Ljava/util/HashMap$Node; @ 126
Event: 0,660 Thread 0x00007ff76c00c800 Uncommon trap: reason=bimorphic action=maybe_recompile pc=0x00007ff75d3b26f8 method=java.util.HashMap.getNode(ILjava/lang/Object;)Ljava/util/HashMap$Node; @ 126
Event: 0,660 Thread 0x00007ff76c00c800 Uncommon trap: reason=bimorphic action=maybe_recompile pc=0x00007ff75d3b26f8 method=java.util.HashMap.getNode(ILjava/lang/Object;)Ljava/util/HashMap$Node; @ 126
Event: 0,776 Thread 0x00007ff76c00c800 Uncommon trap: reason=unstable_if action=reinterpret pc=0x00007ff75d273674 method=com.android.dx.merge.DexMerger$IdMerger.mergeSorted()V @ 103
Event: 0,776 Thread 0x00007ff76c00c800 Uncommon trap: reason=unstable_if action=reinterpret pc=0x00007ff75d246eb0 method=com.android.dx.merge.DexMerger$IdMerger.readIntoMap(Lcom/android/dex/Dex$Section;Lcom/android/dex/TableOfContents$Section;Lcom/android/dx/merge/IndexMap;ILjava/util/TreeMap;
Event: 0,776 Thread 0x00007ff76c00c800 Uncommon trap: reason=unstable_if action=reinterpret pc=0x00007ff75d1c963c method=com.android.dex.Mutf8.countBytes(Ljava/lang/String;Z)J @ 50
Event: 0,843 Thread 0x00007ff76c00c800 Uncommon trap: reason=unstable_if action=reinterpret pc=0x00007ff75d2dbd28 method=com.android.dex.EncodedValueCodec.writeUnsignedIntegralValue(Lcom/android/dex/util/ByteOutput;IJ)V @ 11

Internal exceptions (3 events):
Event: 0,011 Thread 0x00007ff76c00c800 Exception <a 'java/lang/NoSuchMethodError': Method sun.misc.Unsafe.defineClass(Ljava/lang/String;[BII)Ljava/lang/Class; name or signature does not match> (0x00000000eab07c78) thrown at [/ssd/Android/AOSP-openjdk/external/jetbrains/jdk/hotspot/src/share/vm
Event: 0,011 Thread 0x00007ff76c00c800 Exception <a 'java/lang/NoSuchMethodError': Method sun.misc.Unsafe.prefetchRead(Ljava/lang/Object;J)V name or signature does not match> (0x00000000eab07f60) thrown at [/ssd/Android/AOSP-openjdk/external/jetbrains/jdk/hotspot/src/share/vm/prims/jni.cpp, li
Event: 0,776 Thread 0x00007ff76c00c800 Implicit null exception at 0x00007ff75d246052 to 0x00007ff75d246e8d

Events (10 events):
Event: 0,853 Thread 0x00007ff76c00c800 DEOPT UNPACKING pc=0x00007ff75d047373 sp=0x00007ff775530118 mode 0
Event: 0,855 Thread 0x00007ff76c00c800 DEOPT PACKING pc=0x00007ff75d3e9a01 sp=0x00007ff7755303d0
Event: 0,855 Thread 0x00007ff76c00c800 DEOPT UNPACKING pc=0x00007ff75d047373 sp=0x00007ff7755300d8 mode 0
Event: 0,859 Thread 0x00007ff76c00c800 DEOPT PACKING pc=0x00007ff75d3e9a01 sp=0x00007ff775530380
Event: 0,859 Thread 0x00007ff76c00c800 DEOPT UNPACKING pc=0x00007ff75d047373 sp=0x00007ff775530088 mode 0
Event: 0,863 loading class java/util/Collections$EmptyIterator
Event: 0,888 loading class java/util/Collections$EmptyIterator done
Event: 0,892 Thread 0x00007ff76c00c800 DEOPT PACKING pc=0x00007ff75d2c8bca sp=0x00007ff7755303b0
Event: 0,892 Thread 0x00007ff76c00c800 DEOPT UNPACKING pc=0x00007ff75d047373 sp=0x00007ff775530120 mode 0
Event: 0,923 Executing VM operation: ParallelGCFailedAllocation


Dynamic libraries:
00400000-00401000 r-xp 00000000 08:08 1189929                            /opt/android-studio/jre/bin/java
00600000-00601000 r--p 00000000 08:08 1189929                            /opt/android-studio/jre/bin/java
00601000-00602000 rw-p 00001000 08:08 1189929                            /opt/android-studio/jre/bin/java
0218d000-021ae000 rw-p 00000000 00:00 0                                  [heap]
c0000000-c9680000 rw-p 00000000 00:00 0 
c9680000-eab00000 ---p 00000000 00:00 0 
eab00000-f0f80000 rw-p 00000000 00:00 0 
fb880000-100000000 ---p 00000000 00:00 0 
100000000-100080000 rw-p 00000000 00:00 0 
100080000-140000000 ---p 00000000 00:00 0 
7ff6f8000000-7ff6f8021000 rw-p 00000000 00:00 0 
7ff6f8021000-7ff6fc000000 ---p 00000000 00:00 0 
7ff6fc000000-7ff6fc021000 rw-p 00000000 00:00 0 
7ff6fc021000-7ff700000000 ---p 00000000 00:00 0 
7ff700000000-7ff701530000 rw-p 00000000 00:00 0 
7ff701530000-7ff704000000 ---p 00000000 00:00 0 
7ff704000000-7ff7044c4000 rw-p 00000000 00:00 0 
7ff7044c4000-7ff708000000 ---p 00000000 00:00 0 
7ff708000000-7ff708a68000 rw-p 00000000 00:00 0 
7ff708a68000-7ff70c000000 ---p 00000000 00:00 0 
7ff70c000000-7ff70d1b3000 rw-p 00000000 00:00 0 
7ff70d1b3000-7ff710000000 ---p 00000000 00:00 0 
7ff710000000-7ff710021000 rw-p 00000000 00:00 0 
7ff710021000-7ff714000000 ---p 00000000 00:00 0 
7ff714000000-7ff714021000 rw-p 00000000 00:00 0 
7ff714021000-7ff718000000 ---p 00000000 00:00 0 
7ff718000000-7ff718287000 rw-p 00000000 00:00 0 
7ff718287000-7ff71c000000 ---p 00000000 00:00 0 
7ff71c000000-7ff71c021000 rw-p 00000000 00:00 0 
7ff71c021000-7ff720000000 ---p 00000000 00:00 0 
7ff720000000-7ff720021000 rw-p 00000000 00:00 0 
7ff720021000-7ff724000000 ---p 00000000 00:00 0 
7ff728000000-7ff728021000 rw-p 00000000 00:00 0 
7ff728021000-7ff72c000000 ---p 00000000 00:00 0 
7ff730000000-7ff730021000 rw-p 00000000 00:00 0 
7ff730021000-7ff734000000 ---p 00000000 00:00 0 
7ff738000000-7ff738021000 rw-p 00000000 00:00 0 
7ff738021000-7ff73c000000 ---p 00000000 00:00 0 
7ff740000000-7ff740021000 rw-p 00000000 00:00 0 
7ff740021000-7ff744000000 ---p 00000000 00:00 0 
7ff748000000-7ff748021000 rw-p 00000000 00:00 0 
7ff748021000-7ff74c000000 ---p 00000000 00:00 0 
7ff750000000-7ff750021000 rw-p 00000000 00:00 0 
7ff750021000-7ff754000000 ---p 00000000 00:00 0 
7ff75511a000-7ff75511b000 ---p 00000000 00:00 0 
7ff75511b000-7ff75521b000 rw-p 00000000 00:00 0 
7ff75521b000-7ff75521e000 ---p 00000000 00:00 0 
7ff75521e000-7ff75531c000 rw-p 00000000 00:00 0 
7ff75531c000-7ff75531f000 ---p 00000000 00:00 0 
7ff75531f000-7ff75541d000 rw-p 00000000 00:00 0 
7ff75541d000-7ff755420000 ---p 00000000 00:00 0 
7ff755420000-7ff75551e000 rw-p 00000000 00:00 0 
7ff75551e000-7ff755521000 ---p 00000000 00:00 0 
7ff755521000-7ff75561f000 rw-p 00000000 00:00 0 
7ff75561f000-7ff755622000 ---p 00000000 00:00 0 
7ff755622000-7ff755720000 rw-p 00000000 00:00 0 
7ff755720000-7ff755723000 ---p 00000000 00:00 0 
7ff755723000-7ff755821000 rw-p 00000000 00:00 0 
7ff755821000-7ff755afb000 r--p 00000000 08:08 399771                     /usr/lib/locale/locale-archive
7ff755afb000-7ff755afe000 ---p 00000000 00:00 0 
7ff755afe000-7ff755bfc000 rw-p 00000000 00:00 0 
7ff755bfc000-7ff755bff000 ---p 00000000 00:00 0 
7ff755bff000-7ff755cfd000 rw-p 00000000 00:00 0 
7ff755cfd000-7ff755cfe000 ---p 00000000 00:00 0 
7ff755cfe000-7ff758000000 rw-p 00000000 00:00 0 
7ff758000000-7ff758021000 rw-p 00000000 00:00 0 
7ff758021000-7ff75c000000 ---p 00000000 00:00 0 
7ff75c0d0000-7ff75d000000 rw-p 00000000 00:00 0 
7ff75d000000-7ff75d410000 rwxp 00000000 00:00 0 
7ff75d410000-7ff76c000000 ---p 00000000 00:00 0 
7ff76c000000-7ff76c3a0000 rw-p 00000000 00:00 0 
7ff76c3a0000-7ff770000000 ---p 00000000 00:00 0 
7ff770005000-7ff770013000 r--s 000e0000 08:08 6300514                    /home/rafael/Android/Sdk/build-tools/25.0.0/lib/dx.jar
7ff770013000-7ff770b25000 rw-p 00000000 00:00 0 
7ff770b25000-7ff770cf4000 r--s 03c1b000 08:08 1731281                    /opt/android-studio/jre/jre/lib/rt.jar
7ff770cf4000-7ff77126a000 rw-p 00000000 00:00 0 
7ff77126a000-7ff77156a000 ---p 00000000 00:00 0 
7ff77156a000-7ff77176a000 rw-p 00000000 00:00 0 
7ff77176a000-7ff77176b000 ---p 00000000 00:00 0 
7ff77176b000-7ff77186b000 rw-p 00000000 00:00 0 
7ff77186b000-7ff77186c000 ---p 00000000 00:00 0 
7ff77186c000-7ff77196c000 rw-p 00000000 00:00 0 
7ff77196c000-7ff77196d000 ---p 00000000 00:00 0 
7ff77196d000-7ff771a6d000 rw-p 00000000 00:00 0 
7ff771a6d000-7ff771a6e000 ---p 00000000 00:00 0 
7ff771a6e000-7ff771b6e000 rw-p 00000000 00:00 0 
7ff771b6e000-7ff771b6f000 ---p 00000000 00:00 0 
7ff771b6f000-7ff771c6f000 rw-p 00000000 00:00 0 
7ff771c6f000-7ff771c70000 ---p 00000000 00:00 0 
7ff771c70000-7ff771d70000 rw-p 00000000 00:00 0 
7ff771d70000-7ff771d71000 ---p 00000000 00:00 0 
7ff771d71000-7ff771e71000 rw-p 00000000 00:00 0 
7ff771e71000-7ff771e72000 ---p 00000000 00:00 0 
7ff771e72000-7ff771fbe000 rw-p 00000000 00:00 0 
7ff771fbe000-7ff7720c8000 ---p 00000000 00:00 0 
7ff7720c8000-7ff772114000 rw-p 00000000 00:00 0 
7ff772114000-7ff77221d000 ---p 00000000 00:00 0 
7ff77221d000-7ff772250000 rw-p 00000000 00:00 0 
7ff772250000-7ff7722c8000 ---p 00000000 00:00 0 
7ff7722c8000-7ff7722da000 rw-p 00000000 00:00 0 
7ff7722da000-7ff772689000 ---p 00000000 00:00 0 
7ff772689000-7ff7726a3000 r-xp 00000000 08:08 1842259                    /opt/android-studio/jre/jre/lib/amd64/libzip.so
7ff7726a3000-7ff7728a3000 ---p 0001a000 08:08 1842259                    /opt/android-studio/jre/jre/lib/amd64/libzip.so
7ff7728a3000-7ff7728a4000 r--p 0001a000 08:08 1842259                    /opt/android-studio/jre/jre/lib/amd64/libzip.so
7ff7728a4000-7ff7728a5000 rw-p 0001b000 08:08 1842259                    /opt/android-studio/jre/jre/lib/amd64/libzip.so
7ff7728a5000-7ff7728b0000 r-xp 00000000 08:08 2885274                    /lib/x86_64-linux-gnu/libnss_files-2.24.so
7ff7728b0000-7ff772aaf000 ---p 0000b000 08:08 2885274                    /lib/x86_64-linux-gnu/libnss_files-2.24.so
7ff772aaf000-7ff772ab0000 r--p 0000a000 08:08 2885274                    /lib/x86_64-linux-gnu/libnss_files-2.24.so
7ff772ab0000-7ff772ab1000 rw-p 0000b000 08:08 2885274                    /lib/x86_64-linux-gnu/libnss_files-2.24.so
7ff772ab1000-7ff772ab7000 rw-p 00000000 00:00 0 
7ff772ab7000-7ff772ac2000 r-xp 00000000 08:08 2885276                    /lib/x86_64-linux-gnu/libnss_nis-2.24.so
7ff772ac2000-7ff772cc1000 ---p 0000b000 08:08 2885276                    /lib/x86_64-linux-gnu/libnss_nis-2.24.so
7ff772cc1000-7ff772cc2000 r--p 0000a000 08:08 2885276                    /lib/x86_64-linux-gnu/libnss_nis-2.24.so
7ff772cc2000-7ff772cc3000 rw-p 0000b000 08:08 2885276                    /lib/x86_64-linux-gnu/libnss_nis-2.24.so
7ff772cc3000-7ff772cd9000 r-xp 00000000 08:08 2885271                    /lib/x86_64-linux-gnu/libnsl-2.24.so
7ff772cd9000-7ff772ed8000 ---p 00016000 08:08 2885271                    /lib/x86_64-linux-gnu/libnsl-2.24.so
7ff772ed8000-7ff772ed9000 r--p 00015000 08:08 2885271                    /lib/x86_64-linux-gnu/libnsl-2.24.so
7ff772ed9000-7ff772eda000 rw-p 00016000 08:08 2885271                    /lib/x86_64-linux-gnu/libnsl-2.24.so
7ff772eda000-7ff772edc000 rw-p 00000000 00:00 0 
7ff772edc000-7ff772ee4000 r-xp 00000000 08:08 2885272                    /lib/x86_64-linux-gnu/libnss_compat-2.24.so
7ff772ee4000-7ff7730e3000 ---p 00008000 08:08 2885272                    /lib/x86_64-linux-gnu/libnss_compat-2.24.so
7ff7730e3000-7ff7730e4000 r--p 00007000 08:08 2885272                    /lib/x86_64-linux-gnu/libnss_compat-2.24.so
7ff7730e4000-7ff7730e5000 rw-p 00008000 08:08 2885272                    /lib/x86_64-linux-gnu/libnss_compat-2.24.so
7ff7730e5000-7ff773112000 r-xp 00000000 08:08 1843086                    /opt/android-studio/jre/jre/lib/amd64/libjava.so
7ff773112000-7ff773311000 ---p 0002d000 08:08 1843086                    /opt/android-studio/jre/jre/lib/amd64/libjava.so
7ff773311000-7ff773312000 r--p 0002c000 08:08 1843086                    /opt/android-studio/jre/jre/lib/amd64/libjava.so
7ff773312000-7ff773314000 rw-p 0002d000 08:08 1843086                    /opt/android-studio/jre/jre/lib/amd64/libjava.so
7ff773314000-7ff773324000 r-xp 00000000 08:08 1842246                    /opt/android-studio/jre/jre/lib/amd64/libverify.so
7ff773324000-7ff773523000 ---p 00010000 08:08 1842246                    /opt/android-studio/jre/jre/lib/amd64/libverify.so
7ff773523000-7ff773525000 r--p 0000f000 08:08 1842246                    /opt/android-studio/jre/jre/lib/amd64/libverify.so
7ff773525000-7ff773526000 rw-p 00011000 08:08 1842246                    /opt/android-studio/jre/jre/lib/amd64/libverify.so
7ff773526000-7ff77352d000 r-xp 00000000 08:08 2885281                    /lib/x86_64-linux-gnu/librt-2.24.so
7ff77352d000-7ff77372c000 ---p 00007000 08:08 2885281                    /lib/x86_64-linux-gnu/librt-2.24.so
7ff77372c000-7ff77372d000 r--p 00006000 08:08 2885281                    /lib/x86_64-linux-gnu/librt-2.24.so
7ff77372d000-7ff77372e000 rw-p 00007000 08:08 2885281                    /lib/x86_64-linux-gnu/librt-2.24.so
7ff77372e000-7ff773836000 r-xp 00000000 08:08 2885268                    /lib/x86_64-linux-gnu/libm-2.24.so
7ff773836000-7ff773a35000 ---p 00108000 08:08 2885268                    /lib/x86_64-linux-gnu/libm-2.24.so
7ff773a35000-7ff773a36000 r--p 00107000 08:08 2885268                    /lib/x86_64-linux-gnu/libm-2.24.so
7ff773a36000-7ff773a37000 rw-p 00108000 08:08 2885268                    /lib/x86_64-linux-gnu/libm-2.24.so
7ff773a37000-7ff774628000 r-xp 00000000 08:08 1842255                    /opt/android-studio/jre/jre/lib/amd64/server/libjvm.so
7ff774628000-7ff774828000 ---p 00bf1000 08:08 1842255                    /opt/android-studio/jre/jre/lib/amd64/server/libjvm.so
7ff774828000-7ff7748c7000 r--p 00bf1000 08:08 1842255                    /opt/android-studio/jre/jre/lib/amd64/server/libjvm.so
7ff7748c7000-7ff7748f0000 rw-p 00c90000 08:08 1842255                    /opt/android-studio/jre/jre/lib/amd64/server/libjvm.so
7ff7748f0000-7ff774934000 rw-p 00000000 00:00 0 
7ff774934000-7ff77494c000 r-xp 00000000 08:08 2885279                    /lib/x86_64-linux-gnu/libpthread-2.24.so
7ff77494c000-7ff774b4c000 ---p 00018000 08:08 2885279                    /lib/x86_64-linux-gnu/libpthread-2.24.so
7ff774b4c000-7ff774b4d000 r--p 00018000 08:08 2885279                    /lib/x86_64-linux-gnu/libpthread-2.24.so
7ff774b4d000-7ff774b4e000 rw-p 00019000 08:08 2885279                    /lib/x86_64-linux-gnu/libpthread-2.24.so
7ff774b4e000-7ff774b52000 rw-p 00000000 00:00 0 
7ff774b52000-7ff774b55000 r-xp 00000000 08:08 2885267                    /lib/x86_64-linux-gnu/libdl-2.24.so
7ff774b55000-7ff774d54000 ---p 00003000 08:08 2885267                    /lib/x86_64-linux-gnu/libdl-2.24.so
7ff774d54000-7ff774d55000 r--p 00002000 08:08 2885267                    /lib/x86_64-linux-gnu/libdl-2.24.so
7ff774d55000-7ff774d56000 rw-p 00003000 08:08 2885267                    /lib/x86_64-linux-gnu/libdl-2.24.so
7ff774d56000-7ff774f13000 r-xp 00000000 08:08 2885264                    /lib/x86_64-linux-gnu/libc-2.24.so
7ff774f13000-7ff775113000 ---p 001bd000 08:08 2885264                    /lib/x86_64-linux-gnu/libc-2.24.so
7ff775113000-7ff775117000 r--p 001bd000 08:08 2885264                    /lib/x86_64-linux-gnu/libc-2.24.so
7ff775117000-7ff775119000 rw-p 001c1000 08:08 2885264                    /lib/x86_64-linux-gnu/libc-2.24.so
7ff775119000-7ff77511d000 rw-p 00000000 00:00 0 
7ff77511d000-7ff775133000 r-xp 00000000 08:08 1582853                    /opt/android-studio/jre/lib/amd64/jli/libjli.so
7ff775133000-7ff775332000 ---p 00016000 08:08 1582853                    /opt/android-studio/jre/lib/amd64/jli/libjli.so
7ff775332000-7ff775333000 r--p 00015000 08:08 1582853                    /opt/android-studio/jre/lib/amd64/jli/libjli.so
7ff775333000-7ff775334000 rw-p 00016000 08:08 1582853                    /opt/android-studio/jre/lib/amd64/jli/libjli.so
7ff775334000-7ff775359000 r-xp 00000000 08:08 2883609                    /lib/x86_64-linux-gnu/ld-2.24.so
7ff77535b000-7ff775360000 r--s 00098000 08:08 1731276                    /opt/android-studio/jre/jre/lib/jsse.jar
7ff775360000-7ff775431000 rw-p 00000000 00:00 0 
7ff775431000-7ff775434000 ---p 00000000 00:00 0 
7ff775434000-7ff775534000 rw-p 00000000 00:00 0 
7ff775537000-7ff77554b000 rw-p 00000000 00:00 0 
7ff77554b000-7ff775553000 rw-s 00000000 08:08 6037374                    /tmp/hsperfdata_rafael/10993
7ff775553000-7ff775554000 rw-p 00000000 00:00 0 
7ff775554000-7ff775555000 ---p 00000000 00:00 0 
7ff775555000-7ff775558000 rw-p 00000000 00:00 0 
7ff775558000-7ff775559000 r--p 00024000 08:08 2883609                    /lib/x86_64-linux-gnu/ld-2.24.so
7ff775559000-7ff77555a000 rw-p 00025000 08:08 2883609                    /lib/x86_64-linux-gnu/ld-2.24.so
7ff77555a000-7ff77555b000 rw-p 00000000 00:00 0 
7ffdec2c3000-7ffdec2e5000 rw-p 00000000 00:00 0                          [stack]
7ffdec31f000-7ffdec321000 r--p 00000000 00:00 0                          [vvar]
7ffdec321000-7ffdec323000 r-xp 00000000 00:00 0                          [vdso]
ffffffffff600000-ffffffffff601000 r-xp 00000000 00:00 0                  [vsyscall]

VM Arguments:
jvm_args: -Djava.awt.headless=true -Xmx1024M -Dfile.encoding=UTF-8 -Duser.country=US -Duser.language=en -Duser.variant 
java_command: com.android.dx.command.Main --dex --num-threads=4 --output /home/rafael/Documents/AndroidStudioProjects/UFVMaps/app/build/intermediates/transforms/dex/debug/folders/1000/1f/main /home/rafael/Documents/AndroidStudioProjects/UFVMaps/app/build/intermediates/pre-dexed/debug/classes_0a5defe29e160cb0136748a7d7062c1086ec7043.jar /home/rafael/Documents/AndroidStudioProjects/UFVMaps/app/build/intermediates/pre-dexed/debug/classes_a5368036fa426455f3f4ffe1626c703cd45e1ea9.jar /home/rafael/Documents/AndroidStudioProjects/UFVMaps/app/build/intermediates/pre-dexed/debug/classes_4b7cefe795efb8b9f0364f1d84bf206477266023.jar /home/rafael/Documents/AndroidStudioProjects/UFVMaps/app/build/intermediates/pre-dexed/debug/classes_0c9b0efabd27696e1257850708f63fa67e9e0b5b.jar /home/rafael/Documents/AndroidStudioProjects/UFVMaps/app/build/intermediates/pre-dexed/debug/classes_6fcc2db0133f4be7a54524f7d37e346213960916.jar /home/rafael/Documents/AndroidStudioProjects/UFVMaps/app/build/intermediates/pre-dexed/debug/classes_bf4a5cdb2745d3a84432d2bb07a4de966cd88d95.jar /home/rafael/Documents/AndroidStudioProjects/UFVMaps/app/build/intermediates/pre-dexed/debug/debug_7461ba784a66fd9de00a6168d36819b4a6d68f50.jar /home/rafael/Documents/AndroidStudioProjects/UFVMaps/app/build/intermediates/pre-dexed/debug/classes_c863514208e1d047a582f7c7364fafb3f11f0e4c.jar /home/rafael/Documents/AndroidStudioProjects/UFVMaps/app/build/intermediates/pre-dexed/debug/classes_2c2d7f459d28ab65e39c046a1b592b0509320dea.jar /home/rafael/Documents/AndroidStudioProjects/UFVMaps/app/build/intermediates/pre-dexed/debug/classes_c45ff0ec9fe1d38e2038187768547687b6a05aed.jar /home/rafael/Documents/AndroidStudioProjects/UFVMaps/app/build/intermediates/pre-dexed/debug/classes_1bf455be7cef5c34eafeb3d645758f1ad8e9f311.jar /home/rafael/Documents/AndroidStudioProjects/UFVMaps/app/build/intermediates/pre-dexed/debug/classes_715d055b7435f953ccab319077807ffac81f9a33.jar /home/rafael/Documents/AndroidStudioProjects/UFVMaps/app
java_class_path (initial): /home/rafael/Android/Sdk/build-tools/25.0.0/lib/dx.jar
Launcher Type: SUN_STANDARD

Environment Variables:
JAVA_HOME=/usr/lib/jvm/java-8-oracle
PATH=/usr/local/sbin:/usr/local/bin:/usr/sbin:/usr/bin:/sbin:/bin:/usr/games:/usr/local/games:/snap/bin:/usr/lib/jvm/java-8-oracle/bin:/usr/lib/jvm/java-8-oracle/db/bin:/usr/lib/jvm/java-8-oracle/jre/bin
LD_LIBRARY_PATH=/opt/android-studio/bin:
SHELL=/usr/bin/zsh
DISPLAY=:0

Signal Handlers:
SIGSEGV: [libjvm.so+0x9e5150], sa_mask[0]=11111111011111111101111111111110, sa_flags=SA_RESTART|SA_SIGINFO
SIGBUS: [libjvm.so+0x9e5150], sa_mask[0]=11111111011111111101111111111110, sa_flags=SA_RESTART|SA_SIGINFO
SIGFPE: [libjvm.so+0x848450], sa_mask[0]=11111111011111111101111111111110, sa_flags=SA_RESTART|SA_SIGINFO
SIGPIPE: [libjvm.so+0x848450], sa_mask[0]=11111111011111111101111111111110, sa_flags=SA_RESTART|SA_SIGINFO
SIGXFSZ: [libjvm.so+0x848450], sa_mask[0]=11111111011111111101111111111110, sa_flags=SA_RESTART|SA_SIGINFO
SIGILL: [libjvm.so+0x848450], sa_mask[0]=11111111011111111101111111111110, sa_flags=SA_RESTART|SA_SIGINFO
SIGUSR1: SIG_DFL, sa_mask[0]=00000000000000000000000000000000, sa_flags=none
SIGUSR2: [libjvm.so+0x848320], sa_mask[0]=00100000000000000000000000000000, sa_flags=SA_RESTART|SA_SIGINFO
SIGHUP: [libjvm.so+0x848510], sa_mask[0]=11111111011111111101111111111110, sa_flags=SA_RESTART|SA_SIGINFO
SIGINT: [libjvm.so+0x848510], sa_mask[0]=11111111011111111101111111111110, sa_flags=SA_RESTART|SA_SIGINFO
SIGTERM: [libjvm.so+0x848510], sa_mask[0]=11111111011111111101111111111110, sa_flags=SA_RESTART|SA_SIGINFO
SIGQUIT: [libjvm.so+0x848510], sa_mask[0]=11111111011111111101111111111110, sa_flags=SA_RESTART|SA_SIGINFO


---------------  S Y S T E M  ---------------

OS:DISTRIB_ID=Ubuntu
DISTRIB_RELEASE=16.10
DISTRIB_CODENAME=yakkety
DISTRIB_DESCRIPTION="Ubuntu 16.10"

uname:Linux 4.8.0-49-generic #52-Ubuntu SMP Thu Apr 20 09:38:39 UTC 2017 x86_64
libc:glibc 2.24 NPTL 2.24 
rlimit: STACK 8192k, CORE 0k, NPROC 31362, NOFILE 65536, AS infinity
load average:0,87 0,69 0,79

/proc/meminfo:
MemTotal:        8124516 kB
MemFree:          120504 kB
MemAvailable:      73328 kB
Buffers:            6572 kB
Cached:           207444 kB
SwapCached:            0 kB
Active:          7349840 kB
Inactive:         148952 kB
Active(anon):    7287068 kB
Inactive(anon):    87732 kB
Active(file):      62772 kB
Inactive(file):    61220 kB
Unevictable:         168 kB
Mlocked:             168 kB
SwapTotal:             0 kB
SwapFree:              0 kB
Dirty:              3168 kB
Writeback:             0 kB
AnonPages:       7285136 kB
Mapped:           403216 kB
Shmem:             89968 kB
Slab:             121932 kB
SReclaimable:      51300 kB
SUnreclaim:        70632 kB
KernelStack:       14080 kB
PageTables:        56460 kB
NFS_Unstable:          0 kB
Bounce:                0 kB
WritebackTmp:          0 kB
CommitLimit:     4062256 kB
Committed_AS:   11686556 kB
VmallocTotal:   34359738367 kB
VmallocUsed:           0 kB
VmallocChunk:          0 kB
HardwareCorrupted:     0 kB
AnonHugePages:   3057664 kB
ShmemHugePages:        0 kB
ShmemPmdMapped:        0 kB
CmaTotal:              0 kB
CmaFree:               0 kB
HugePages_Total:       0
HugePages_Free:        0
HugePages_Rsvd:        0
HugePages_Surp:        0
Hugepagesize:       2048 kB
DirectMap4k:     1214052 kB
DirectMap2M:     7124992 kB
DirectMap1G:     1048576 kB


CPU:total 8 (4 cores per cpu, 2 threads per core) family 6 model 60 stepping 3, cmov, cx8, fxsr, mmx, sse, sse2, sse3, ssse3, sse4.1, sse4.2, popcnt, avx, avx2, aes, clmul, erms, rtm, lzcnt, ht, tsc, tscinvbit, bmi1, bmi2

/proc/cpuinfo:
processor	: 0
vendor_id	: GenuineIntel
cpu family	: 6
model		: 60
model name	: Intel(R) Core(TM) i7-4770 CPU @ 3.40GHz
stepping	: 3
microcode	: 0x9
cpu MHz		: 3159.692
cache size	: 8192 KB
physical id	: 0
siblings	: 8
core id		: 0
cpu cores	: 4
apicid		: 0
initial apicid	: 0
fpu		: yes
fpu_exception	: yes
cpuid level	: 13
wp		: yes
flags		: fpu vme de pse tsc msr pae mce cx8 apic sep mtrr pge mca cmov pat pse36 clflush dts acpi mmx fxsr sse sse2 ss ht tm pbe syscall nx pdpe1gb rdtscp lm constant_tsc arch_perfmon pebs bts rep_good nopl xtopology nonstop_tsc aperfmperf eagerfpu pni pclmulqdq dtes64 monitor ds_cpl vmx smx est tm2 ssse3 sdbg fma cx16 xtpr pdcm pcid sse4_1 sse4_2 x2apic movbe popcnt tsc_deadline_timer aes xsave avx f16c rdrand lahf_lm abm epb tpr_shadow vnmi flexpriority ept vpid fsgsbase tsc_adjust bmi1 hle avx2 smep bmi2 erms invpcid rtm xsaveopt dtherm ida arat pln pts
bugs		:
bogomips	: 6784.34
clflush size	: 64
cache_alignment	: 64
address sizes	: 39 bits physical, 48 bits virtual
power management:

processor	: 1
vendor_id	: GenuineIntel
cpu family	: 6
model		: 60
model name	: Intel(R) Core(TM) i7-4770 CPU @ 3.40GHz
stepping	: 3
microcode	: 0x9
cpu MHz		: 3836.828
cache size	: 8192 KB
physical id	: 0
siblings	: 8
core id		: 1
cpu cores	: 4
apicid		: 2
initial apicid	: 2
fpu		: yes
fpu_exception	: yes
cpuid level	: 13
wp		: yes
flags		: fpu vme de pse tsc msr pae mce cx8 apic sep mtrr pge mca cmov pat pse36 clflush dts acpi mmx fxsr sse sse2 ss ht tm pbe syscall nx pdpe1gb rdtscp lm constant_tsc arch_perfmon pebs bts rep_good nopl xtopology nonstop_tsc aperfmperf eagerfpu pni pclmulqdq dtes64 monitor ds_cpl vmx smx est tm2 ssse3 sdbg fma cx16 xtpr pdcm pcid sse4_1 sse4_2 x2apic movbe popcnt tsc_deadline_timer aes xsave avx f16c rdrand lahf_lm abm epb tpr_shadow vnmi flexpriority ept vpid fsgsbase tsc_adjust bmi1 hle avx2 smep bmi2 erms invpcid rtm xsaveopt dtherm ida arat pln pts
bugs		:
bogomips	: 6784.34
clflush size	: 64
cache_alignment	: 64
address sizes	: 39 bits physical, 48 bits virtual
power management:

processor	: 2
vendor_id	: GenuineIntel
cpu family	: 6
model		: 60
model name	: Intel(R) Core(TM) i7-4770 CPU @ 3.40GHz
stepping	: 3
microcode	: 0x9
cpu MHz		: 3456.652
cache size	: 8192 KB
physical id	: 0
siblings	: 8
core id		: 2
cpu cores	: 4
apicid		: 4
initial apicid	: 4
fpu		: yes
fpu_exception	: yes
cpuid level	: 13
wp		: yes
flags		: fpu vme de pse tsc msr pae mce cx8 apic sep mtrr pge mca cmov pat pse36 clflush dts acpi mmx fxsr sse sse2 ss ht tm pbe syscall nx pdpe1gb rdtscp lm constant_tsc arch_perfmon pebs bts rep_good nopl xtopology nonstop_tsc aperfmperf eagerfpu pni pclmulqdq dtes64 monitor ds_cpl vmx smx est tm2 ssse3 sdbg fma cx16 xtpr pdcm pcid sse4_1 sse4_2 x2apic movbe popcnt tsc_deadline_timer aes xsave avx f16c rdrand lahf_lm abm epb tpr_shadow vnmi flexpriority ept vpid fsgsbase tsc_adjust bmi1 hle avx2 smep bmi2 erms invpcid rtm xsaveopt dtherm ida arat pln pts
bugs		:
bogomips	: 6784.34
clflush size	: 64
cache_alignment	: 64
address sizes	: 39 bits physical, 48 bits virtual
power management:

processor	: 3
vendor_id	: GenuineIntel
cpu family	: 6
model		: 60
model name	: Intel(R) Core(TM) i7-4770 CPU @ 3.40GHz
stepping	: 3
microcode	: 0x9
cpu MHz		: 2983.923
cache size	: 8192 KB
physical id	: 0
siblings	: 8
core id		: 3
cpu cores	: 4
apicid		: 6
initial apicid	: 6
fpu		: yes
fpu_exception	: yes
cpuid level	: 13
wp		: yes
flags		: fpu vme de pse tsc msr pae mce cx8 apic sep mtrr pge mca cmov pat pse36 clflush dts acpi mmx fxsr sse sse2 ss ht tm pbe syscall nx pdpe1gb rdtscp lm constant_tsc arch_perfmon pebs bts rep_good nopl xtopology nonstop_tsc aperfmperf eagerfpu pni pclmulqdq dtes64 monitor ds_cpl vmx smx est tm2 ssse3 sdbg fma cx16 xtpr pdcm pcid sse4_1 sse4_2 x2apic movbe popcnt tsc_deadline_timer aes xsave avx f16c rdrand lahf_lm abm epb tpr_shadow vnmi flexpriority ept vpid fsgsbase tsc_adjust bmi1 hle avx2 smep bmi2 erms invpcid rtm xsaveopt dtherm ida arat pln pts
bugs		:
bogomips	: 6784.34
clflush size	: 64
cache_alignment	: 64
address sizes	: 39 bits physical, 48 bits virtual
power management:

processor	: 4
vendor_id	: GenuineIntel
cpu family	: 6
model		: 60
model name	: Intel(R) Core(TM) i7-4770 CPU @ 3.40GHz
stepping	: 3
microcode	: 0x9
cpu MHz		: 3864.428
cache size	: 8192 KB
physical id	: 0
siblings	: 8
core id		: 0
cpu cores	: 4
apicid		: 1
initial apicid	: 1
fpu		: yes
fpu_exception	: yes
cpuid level	: 13
wp		: yes
flags		: fpu vme de pse tsc msr pae mce cx8 apic sep mtrr pge mca cmov pat pse36 clflush dts acpi mmx fxsr sse sse2 ss ht tm pbe syscall nx pdpe1gb rdtscp lm constant_tsc arch_perfmon pebs bts rep_good nopl xtopology nonstop_tsc aperfmperf eagerfpu pni pclmulqdq dtes64 monitor ds_cpl vmx smx est tm2 ssse3 sdbg fma cx16 xtpr pdcm pcid sse4_1 sse4_2 x2apic movbe popcnt tsc_deadline_timer aes xsave avx f16c rdrand lahf_lm abm epb tpr_shadow vnmi flexpriority ept vpid fsgsbase tsc_adjust bmi1 hle avx2 smep bmi2 erms invpcid rtm xsaveopt dtherm ida arat pln pts
bugs		:
bogomips	: 6784.34
clflush size	: 64
cache_alignment	: 64
address sizes	: 39 bits physical, 48 bits virtual
power management:

processor	: 5
vendor_id	: GenuineIntel
cpu family	: 6
model		: 60
model name	: Intel(R) Core(TM) i7-4770 CPU @ 3.40GHz
stepping	: 3
microcode	: 0x9
cpu MHz		: 3159.069
cache size	: 8192 KB
physical id	: 0
siblings	: 8
core id		: 1
cpu cores	: 4
apicid		: 3
initial apicid	: 3
fpu		: yes
fpu_exception	: yes
cpuid level	: 13
wp		: yes
flags		: fpu vme de pse tsc msr pae mce cx8 apic sep mtrr pge mca cmov pat pse36 clflush dts acpi mmx fxsr sse sse2 ss ht tm pbe syscall nx pdpe1gb rdtscp lm constant_tsc arch_perfmon pebs bts rep_good nopl xtopology nonstop_tsc aperfmperf eagerfpu pni pclmulqdq dtes64 monitor ds_cpl vmx smx est tm2 ssse3 sdbg fma cx16 xtpr pdcm pcid sse4_1 sse4_2 x2apic movbe popcnt tsc_deadline_timer aes xsave avx f16c rdrand lahf_lm abm epb tpr_shadow vnmi flexpriority ept vpid fsgsbase tsc_adjust bmi1 hle avx2 smep bmi2 erms invpcid rtm xsaveopt dtherm ida arat pln pts
bugs		:
bogomips	: 6784.34
clflush size	: 64
cache_alignment	: 64
address sizes	: 39 bits physical, 48 bits virtual
power management:

processor	: 6
vendor_id	: GenuineIntel
cpu family	: 6
model		: 60
model name	: Intel(R) Core(TM) i7-4770 CPU @ 3.40GHz
stepping	: 3
microcode	: 0x9
cpu MHz		: 3132.922
cache size	: 8192 KB
physical id	: 0
siblings	: 8
core id		: 2
cpu cores	: 4
apicid		: 5
initial apicid	: 5
fpu		: yes
fpu_exception	: yes
cpuid level	: 13
wp		: yes
flags		: fpu vme de pse tsc msr pae mce cx8 apic sep mtrr pge mca cmov pat pse36 clflush dts acpi mmx fxsr sse sse2 ss ht tm pbe syscall nx pdpe1gb rdtscp lm constant_tsc arch_perfmon pebs bts rep_good nopl xtopology nonstop_tsc aperfmperf eagerfpu pni pclmulqdq dtes64 monitor ds_cpl vmx smx est tm2 ssse3 sdbg fma cx16 xtpr pdcm pcid sse4_1 sse4_2 x2apic movbe popcnt tsc_deadline_timer aes xsave avx f16c rdrand lahf_lm abm epb tpr_shadow vnmi flexpriority ept vpid fsgsbase tsc_adjust bmi1 hle avx2 smep bmi2 erms invpcid rtm xsaveopt dtherm ida arat pln pts
bugs		:
bogomips	: 6784.34
clflush size	: 64
cache_alignment	: 64
address sizes	: 39 bits physical, 48 bits virtual
power management:

processor	: 7
vendor_id	: GenuineIntel
cpu family	: 6
model		: 60
model name	: Intel(R) Core(TM) i7-4770 CPU @ 3.40GHz
stepping	: 3
microcode	: 0x9
cpu MHz		: 3400.207
cache size	: 8192 KB
physical id	: 0
siblings	: 8
core id		: 3
cpu cores	: 4
apicid		: 7
initial apicid	: 7
fpu		: yes
fpu_exception	: yes
cpuid level	: 13
wp		: yes
flags		: fpu vme de pse tsc msr pae mce cx8 apic sep mtrr pge mca cmov pat pse36 clflush dts acpi mmx fxsr sse sse2 ss ht tm pbe syscall nx pdpe1gb rdtscp lm constant_tsc arch_perfmon pebs bts rep_good nopl xtopology nonstop_tsc aperfmperf eagerfpu pni pclmulqdq dtes64 monitor ds_cpl vmx smx est tm2 ssse3 sdbg fma cx16 xtpr pdcm pcid sse4_1 sse4_2 x2apic movbe popcnt tsc_deadline_timer aes xsave avx f16c rdrand lahf_lm abm epb tpr_shadow vnmi flexpriority ept vpid fsgsbase tsc_adjust bmi1 hle avx2 smep bmi2 erms invpcid rtm xsaveopt dtherm ida arat pln pts
bugs		:
bogomips	: 6784.34
clflush size	: 64
cache_alignment	: 64
address sizes	: 39 bits physical, 48 bits virtual
power management:



Memory: 4k page, physical 8124516k(120504k free), swap 0k(0k free)

vm_info: OpenJDK 64-Bit Server VM (25.112-b06) for linux-amd64 JRE (1.8.0_112-release-b06), built on Dec  6 2016 12:11:18 by "builder" with gcc 4.8.4

time: Wed Apr 26 17:18:50 2017
elapsed time: 1 seconds (0d 0h 0m 1s)

