#
# There is insufficient memory for the Java Runtime Environment to continue.
# Native memory allocation (mmap) failed to map 176160768 bytes for committing reserved memory.
# Possible reasons:
#   The system is out of physical RAM or swap space
#   In 32 bit mode, the process size limit was hit
# Possible solutions:
#   Reduce memory load on the system
#   Increase physical memory or swap space
#   Check if swap backing store is full
#   Use 64 bit Java on a 64 bit OS
#   Decrease Java heap size (-Xmx/-Xms)
#   Decrease number of Java threads
#   Decrease Java thread stack sizes (-Xss)
#   Set larger code cache with -XX:ReservedCodeCacheSize=
# This output file may be truncated or incomplete.
#
#  Out of Memory Error (os_linux.cpp:2627), pid=12937, tid=0x00007f25153f3700
#
# JRE version: OpenJDK Runtime Environment (8.0_112-b06) (build 1.8.0_112-release-b06)
# Java VM: OpenJDK 64-Bit Server VM (25.112-b06 mixed mode linux-amd64 compressed oops)
# Failed to write core dump. Core dumps have been disabled. To enable core dumping, try "ulimit -c unlimited" before starting Java again
#

---------------  T H R E A D  ---------------

Current thread (0x00007f252c082000):  VMThread [stack: 0x00007f25152f3000,0x00007f25153f4000] [id=12951]

Stack: [0x00007f25152f3000,0x00007f25153f4000],  sp=0x00007f25153f24c0,  free space=1021k
Native frames: (J=compiled Java code, j=interpreted, Vv=VM code, C=native code)
V  [libjvm.so+0x9e465d]  VMError::report_and_die()+0x15d
V  [libjvm.so+0x4b6ada]  report_vm_out_of_memory(char const*, int, unsigned long, VMErrorType, char const*)+0x8a
V  [libjvm.so+0x84c860]  os::pd_commit_memory(char*, unsigned long, unsigned long, bool)+0xf0
V  [libjvm.so+0x84737f]  os::commit_memory(char*, unsigned long, unsigned long, bool)+0x1f
V  [libjvm.so+0x8bd3db]  PSVirtualSpace::expand_by(unsigned long)+0x5b
V  [libjvm.so+0x8be050]  PSYoungGen::resize_generation(unsigned long, unsigned long)+0xb0
V  [libjvm.so+0x8be36b]  PSYoungGen::resize(unsigned long, unsigned long)+0x1b
V  [libjvm.so+0x8baa5c]  PSScavenge::invoke_no_policy()+0xdac
V  [libjvm.so+0x8bb238]  PSScavenge::invoke()+0x38
V  [libjvm.so+0x86fcf3]  ParallelScavengeHeap::failed_mem_allocate(unsigned long)+0x63
V  [libjvm.so+0x9e6124]  VM_ParallelGCFailedAllocation::doit()+0x84
V  [libjvm.so+0x9ea537]  VM_Operation::evaluate()+0x47
V  [libjvm.so+0x9e8ff8]  VMThread::evaluate_operation(VM_Operation*)+0x2c8
V  [libjvm.so+0x9e9479]  VMThread::loop()+0x219
V  [libjvm.so+0x9e98c2]  VMThread::run()+0x72
V  [libjvm.so+0x849c82]  java_start(Thread*)+0xf2

VM_Operation (0x00007f2534ae9150): ParallelGCFailedAllocation, mode: safepoint, requested by thread 0x00007f252c00c800


---------------  P R O C E S S  ---------------

Java Threads: ( => current thread )
  0x00007f252c0cd000 JavaThread "Service Thread" daemon [_thread_blocked, id=12959, stack(0x00007f2514811000,0x00007f2514912000)]
  0x00007f252c0ca000 JavaThread "C1 CompilerThread3" daemon [_thread_blocked, id=12958, stack(0x00007f2514912000,0x00007f2514a13000)]
  0x00007f252c0c8000 JavaThread "C2 CompilerThread2" daemon [_thread_blocked, id=12957, stack(0x00007f2514a13000,0x00007f2514b14000)]
  0x00007f252c0c6800 JavaThread "C2 CompilerThread1" daemon [_thread_blocked, id=12956, stack(0x00007f2514b14000,0x00007f2514c15000)]
  0x00007f252c0c3800 JavaThread "C2 CompilerThread0" daemon [_thread_blocked, id=12955, stack(0x00007f2514c15000,0x00007f2514d16000)]
  0x00007f252c0c2000 JavaThread "Signal Dispatcher" daemon [_thread_blocked, id=12954, stack(0x00007f2514d16000,0x00007f2514e17000)]
  0x00007f252c08e800 JavaThread "Finalizer" daemon [_thread_blocked, id=12953, stack(0x00007f25150f1000,0x00007f25151f2000)]
  0x00007f252c089800 JavaThread "Reference Handler" daemon [_thread_blocked, id=12952, stack(0x00007f25151f2000,0x00007f25152f3000)]
  0x00007f252c00c800 JavaThread "main" [_thread_blocked, id=12942, stack(0x00007f25349ea000,0x00007f2534aeb000)]

Other Threads:
=>0x00007f252c082000 VMThread [stack: 0x00007f25152f3000,0x00007f25153f4000] [id=12951]
  0x00007f252c0cf800 WatcherThread [stack: 0x00007f2514710000,0x00007f2514811000] [id=12960]

VM state:at safepoint (normal execution)

VM Mutex/Monitor currently owned by a thread:  ([mutex/lock_event])
[0x00007f252c008c00] Threads_lock - owner thread: 0x00007f252c082000
[0x00007f252c009100] Heap_lock - owner thread: 0x00007f252c00c800

Heap:
 PSYoungGen      total 52224K, used 3998K [0x00000000eab00000, 0x00000000ee300000, 0x0000000100000000)
  eden space 47104K, 0% used [0x00000000eab00000,0x00000000eab00000,0x00000000ed900000)
  from space 5120K, 78% used [0x00000000ed900000,0x00000000edce7a70,0x00000000ede00000)
  to   space 5120K, 0% used [0x00000000ede00000,0x00000000ede00000,0x00000000ee300000)
 ParOldGen       total 157696K, used 18911K [0x00000000c0000000, 0x00000000c9a00000, 0x00000000eab00000)
  object space 157696K, 11% used [0x00000000c0000000,0x00000000c1277ca0,0x00000000c9a00000)
 Metaspace       used 4375K, capacity 5424K, committed 5632K, reserved 1056768K
  class space    used 445K, capacity 488K, committed 512K, reserved 1048576K

Card table byte_map: [0x00007f2531681000,0x00007f2531882000] byte_map_base: 0x00007f2531081000

Marking Bits: (ParMarkBitMap*) 0x00007f2533ebe340
 Begin Bits: [0x00007f2516000000, 0x00007f2517000000)
 End Bits:   [0x00007f2517000000, 0x00007f2518000000)

Polling page: 0x00007f2534b0d000

CodeCache: size=245760Kb used=3684Kb max_used=3684Kb free=242075Kb
 bounds [0x00007f251d000000, 0x00007f251d3a0000, 0x00007f252c000000]
 total_blobs=1384 nmethods=1124 adapters=175
 compilation: enabled

Compilation events (10 events):
Event: 0,681 Thread 0x00007f252c0ca000 1134       3       com.android.dx.io.instructions.DecodedInstruction::getLiteralInt (53 bytes)
Event: 0,682 Thread 0x00007f252c0ca000 nmethod 1134 0x00007f251d39b990 code [0x00007f251d39bb80, 0x00007f251d39c408]
Event: 0,682 Thread 0x00007f252c0ca000 1135       3       java.util.HashMap$TreeNode::find (172 bytes)
Event: 0,682 Thread 0x00007f252c0ca000 nmethod 1135 0x00007f251d39c7d0 code [0x00007f251d39c9c0, 0x00007f251d39d4d8]
Event: 0,692 Thread 0x00007f252c0ca000 1140       3       com.android.dx.io.instructions.SparseSwitchPayloadDecodedInstruction::<init> (40 bytes)
Event: 0,692 Thread 0x00007f252c0ca000 nmethod 1140 0x00007f251d384e50 code [0x00007f251d384fe0, 0x00007f251d3852d8]
Event: 0,698 Thread 0x00007f252c0ca000 1142       3       com.android.dx.io.instructions.InstructionCodec$17::decode (46 bytes)
Event: 0,698 Thread 0x00007f252c0ca000 nmethod 1142 0x00007f251d39d890 code [0x00007f251d39da80, 0x00007f251d39e2d8]
Event: 0,698 Thread 0x00007f252c0ca000 1145       2       com.android.dx.io.instructions.InstructionCodec$17::encode (29 bytes)
Event: 0,699 Thread 0x00007f252c0ca000 nmethod 1145 0x00007f251d3894d0 code [0x00007f251d389680, 0x00007f251d389968]

GC Heap History (10 events):
Event: 0,289 GC heap after
Heap after GC invocations=1 (full 0):
 PSYoungGen      total 36864K, used 5104K [0x00000000eab00000, 0x00000000ed400000, 0x0000000100000000)
  eden space 31744K, 0% used [0x00000000eab00000,0x00000000eab00000,0x00000000eca00000)
  from space 5120K, 99% used [0x00000000eca00000,0x00000000ecefc078,0x00000000ecf00000)
  to   space 5120K, 0% used [0x00000000ecf00000,0x00000000ecf00000,0x00000000ed400000)
 ParOldGen       total 84992K, used 3688K [0x00000000c0000000, 0x00000000c5300000, 0x00000000eab00000)
  object space 84992K, 4% used [0x00000000c0000000,0x00000000c039a250,0x00000000c5300000)
 Metaspace       used 3496K, capacity 4720K, committed 4864K, reserved 1056768K
  class space    used 363K, capacity 424K, committed 512K, reserved 1048576K
}
Event: 0,363 GC heap before
{Heap before GC invocations=2 (full 0):
 PSYoungGen      total 36864K, used 36848K [0x00000000eab00000, 0x00000000ed400000, 0x0000000100000000)
  eden space 31744K, 100% used [0x00000000eab00000,0x00000000eca00000,0x00000000eca00000)
  from space 5120K, 99% used [0x00000000eca00000,0x00000000ecefc078,0x00000000ecf00000)
  to   space 5120K, 0% used [0x00000000ecf00000,0x00000000ecf00000,0x00000000ed400000)
 ParOldGen       total 84992K, used 3688K [0x00000000c0000000, 0x00000000c5300000, 0x00000000eab00000)
  object space 84992K, 4% used [0x00000000c0000000,0x00000000c039a250,0x00000000c5300000)
 Metaspace       used 3789K, capacity 4944K, committed 5120K, reserved 1056768K
  class space    used 392K, capacity 456K, committed 512K, reserved 1048576K
Event: 0,375 GC heap after
Heap after GC invocations=2 (full 0):
 PSYoungGen      total 36864K, used 5113K [0x00000000eab00000, 0x00000000ef300000, 0x0000000100000000)
  eden space 31744K, 0% used [0x00000000eab00000,0x00000000eab00000,0x00000000eca00000)
  from space 5120K, 99% used [0x00000000ecf00000,0x00000000ed3fe630,0x00000000ed400000)
  to   space 5120K, 0% used [0x00000000eca00000,0x00000000eca00000,0x00000000ecf00000)
 ParOldGen       total 84992K, used 76245K [0x00000000c0000000, 0x00000000c5300000, 0x00000000eab00000)
  object space 84992K, 89% used [0x00000000c0000000,0x00000000c4a75558,0x00000000c5300000)
 Metaspace       used 3789K, capacity 4944K, committed 5120K, reserved 1056768K
  class space    used 392K, capacity 456K, committed 512K, reserved 1048576K
}
Event: 0,375 GC heap before
{Heap before GC invocations=3 (full 1):
 PSYoungGen      total 36864K, used 5113K [0x00000000eab00000, 0x00000000ef300000, 0x0000000100000000)
  eden space 31744K, 0% used [0x00000000eab00000,0x00000000eab00000,0x00000000eca00000)
  from space 5120K, 99% used [0x00000000ecf00000,0x00000000ed3fe630,0x00000000ed400000)
  to   space 5120K, 0% used [0x00000000eca00000,0x00000000eca00000,0x00000000ecf00000)
 ParOldGen       total 84992K, used 76245K [0x00000000c0000000, 0x00000000c5300000, 0x00000000eab00000)
  object space 84992K, 89% used [0x00000000c0000000,0x00000000c4a75558,0x00000000c5300000)
 Metaspace       used 3789K, capacity 4944K, committed 5120K, reserved 1056768K
  class space    used 392K, capacity 456K, committed 512K, reserved 1048576K
Event: 0,404 GC heap after
Heap after GC invocations=3 (full 1):
 PSYoungGen      total 36864K, used 0K [0x00000000eab00000, 0x00000000ef300000, 0x0000000100000000)
  eden space 31744K, 0% used [0x00000000eab00000,0x00000000eab00000,0x00000000eca00000)
  from space 5120K, 0% used [0x00000000ecf00000,0x00000000ecf00000,0x00000000ed400000)
  to   space 5120K, 0% used [0x00000000eca00000,0x00000000eca00000,0x00000000ecf00000)
 ParOldGen       total 157696K, used 18895K [0x00000000c0000000, 0x00000000c9a00000, 0x00000000eab00000)
  object space 157696K, 11% used [0x00000000c0000000,0x00000000c1273ca0,0x00000000c9a00000)
 Metaspace       used 3789K, capacity 4944K, committed 5120K, reserved 1056768K
  class space    used 392K, capacity 456K, committed 512K, reserved 1048576K
}
Event: 0,485 GC heap before
{Heap before GC invocations=4 (full 1):
 PSYoungGen      total 36864K, used 31744K [0x00000000eab00000, 0x00000000ef300000, 0x0000000100000000)
  eden space 31744K, 100% used [0x00000000eab00000,0x00000000eca00000,0x00000000eca00000)
  from space 5120K, 0% used [0x00000000ecf00000,0x00000000ecf00000,0x00000000ed400000)
  to   space 5120K, 0% used [0x00000000eca00000,0x00000000eca00000,0x00000000ecf00000)
 ParOldGen       total 157696K, used 18895K [0x00000000c0000000, 0x00000000c9a00000, 0x00000000eab00000)
  object space 157696K, 11% used [0x00000000c0000000,0x00000000c1273ca0,0x00000000c9a00000)
 Metaspace       used 3890K, capacity 5008K, committed 5120K, reserved 1056768K
  class space    used 398K, capacity 456K, committed 512K, reserved 1048576K
Event: 0,494 GC heap after
Heap after GC invocations=4 (full 1):
 PSYoungGen      total 36864K, used 928K [0x00000000eab00000, 0x00000000ee300000, 0x0000000100000000)
  eden space 31744K, 0% used [0x00000000eab00000,0x00000000eab00000,0x00000000eca00000)
  from space 5120K, 18% used [0x00000000eca00000,0x00000000ecae8000,0x00000000ecf00000)
  to   space 5120K, 0% used [0x00000000ede00000,0x00000000ede00000,0x00000000ee300000)
 ParOldGen       total 157696K, used 18903K [0x00000000c0000000, 0x00000000c9a00000, 0x00000000eab00000)
  object space 157696K, 11% used [0x00000000c0000000,0x00000000c1275ca0,0x00000000c9a00000)
 Metaspace       used 3890K, capacity 5008K, committed 5120K, reserved 1056768K
  class space    used 398K, capacity 456K, committed 512K, reserved 1048576K
}
Event: 0,641 GC heap before
{Heap before GC invocations=5 (full 1):
 PSYoungGen      total 36864K, used 32672K [0x00000000eab00000, 0x00000000ee300000, 0x0000000100000000)
  eden space 31744K, 100% used [0x00000000eab00000,0x00000000eca00000,0x00000000eca00000)
  from space 5120K, 18% used [0x00000000eca00000,0x00000000ecae8000,0x00000000ecf00000)
  to   space 5120K, 0% used [0x00000000ede00000,0x00000000ede00000,0x00000000ee300000)
 ParOldGen       total 157696K, used 18903K [0x00000000c0000000, 0x00000000c9a00000, 0x00000000eab00000)
  object space 157696K, 11% used [0x00000000c0000000,0x00000000c1275ca0,0x00000000c9a00000)
 Metaspace       used 4351K, capacity 5424K, committed 5632K, reserved 1056768K
  class space    used 444K, capacity 488K, committed 512K, reserved 1048576K
Event: 0,650 GC heap after
Heap after GC invocations=5 (full 1):
 PSYoungGen      total 52224K, used 4222K [0x00000000eab00000, 0x00000000ee300000, 0x0000000100000000)
  eden space 47104K, 0% used [0x00000000eab00000,0x00000000eab00000,0x00000000ed900000)
  from space 5120K, 82% used [0x00000000ede00000,0x00000000ee21fa70,0x00000000ee300000)
  to   space 5120K, 0% used [0x00000000ed900000,0x00000000ed900000,0x00000000ede00000)
 ParOldGen       total 157696K, used 18911K [0x00000000c0000000, 0x00000000c9a00000, 0x00000000eab00000)
  object space 157696K, 11% used [0x00000000c0000000,0x00000000c1277ca0,0x00000000c9a00000)
 Metaspace       used 4351K, capacity 5424K, committed 5632K, reserved 1056768K
  class space    used 444K, capacity 488K, committed 512K, reserved 1048576K
}
Event: 0,703 GC heap before
{Heap before GC invocations=6 (full 1):
 PSYoungGen      total 52224K, used 51326K [0x00000000eab00000, 0x00000000ee300000, 0x0000000100000000)
  eden space 47104K, 100% used [0x00000000eab00000,0x00000000ed900000,0x00000000ed900000)
  from space 5120K, 82% used [0x00000000ede00000,0x00000000ee21fa70,0x00000000ee300000)
  to   space 5120K, 0% used [0x00000000ed900000,0x00000000ed900000,0x00000000ede00000)
 ParOldGen       total 157696K, used 18911K [0x00000000c0000000, 0x00000000c9a00000, 0x00000000eab00000)
  object space 157696K, 11% used [0x00000000c0000000,0x00000000c1277ca0,0x00000000c9a00000)
 Metaspace       used 4375K, capacity 5424K, committed 5632K, reserved 1056768K
  class space    used 445K, capacity 488K, committed 512K, reserved 1048576K

Deoptimization events (10 events):
Event: 0,517 Thread 0x00007f252c00c800 Uncommon trap: reason=class_check action=maybe_recompile pc=0x00007f251d20a704 method=com.android.dx.merge.DexMerger$IdMerger$UnsortedValue.compareTo(Lcom/android/dx/merge/DexMerger$IdMerger$UnsortedValue;)I @ 8
Event: 0,517 Thread 0x00007f252c00c800 Uncommon trap: reason=class_check action=maybe_recompile pc=0x00007f251d20a704 method=com.android.dx.merge.DexMerger$IdMerger$UnsortedValue.compareTo(Lcom/android/dx/merge/DexMerger$IdMerger$UnsortedValue;)I @ 8
Event: 0,517 Thread 0x00007f252c00c800 Uncommon trap: reason=class_check action=maybe_recompile pc=0x00007f251d20a704 method=com.android.dx.merge.DexMerger$IdMerger$UnsortedValue.compareTo(Lcom/android/dx/merge/DexMerger$IdMerger$UnsortedValue;)I @ 8
Event: 0,517 Thread 0x00007f252c00c800 Uncommon trap: reason=class_check action=maybe_recompile pc=0x00007f251d20a704 method=com.android.dx.merge.DexMerger$IdMerger$UnsortedValue.compareTo(Lcom/android/dx/merge/DexMerger$IdMerger$UnsortedValue;)I @ 8
Event: 0,517 Thread 0x00007f252c00c800 Uncommon trap: reason=class_check action=maybe_recompile pc=0x00007f251d2214e0 method=com.android.dx.merge.DexMerger$IdMerger$UnsortedValue.compareTo(Lcom/android/dx/merge/DexMerger$IdMerger$UnsortedValue;)I @ 8
Event: 0,553 Thread 0x00007f252c00c800 Uncommon trap: reason=unstable_if action=reinterpret pc=0x00007f251d232830 method=java.util.HashMap.putVal(ILjava/lang/Object;Ljava/lang/Object;ZZ)Ljava/lang/Object; @ 109
Event: 0,558 Thread 0x00007f252c00c800 Uncommon trap: reason=unstable_if action=reinterpret pc=0x00007f251d2823d0 method=com.android.dex.EncodedValueCodec.readUnsignedInt(Lcom/android/dex/util/ByteInput;IZ)I @ 3
Event: 0,587 Thread 0x00007f252c00c800 Uncommon trap: reason=unstable_if action=reinterpret pc=0x00007f251d23c914 method=com.android.dx.merge.IndexMap.adjustString(I)I @ 2
Event: 0,588 Thread 0x00007f252c00c800 Uncommon trap: reason=unstable_if action=reinterpret pc=0x00007f251d240188 method=java.util.HashMap.getNode(ILjava/lang/Object;)Ljava/util/HashMap$Node; @ 84
Event: 0,589 Thread 0x00007f252c00c800 Uncommon trap: reason=unstable_if action=reinterpret pc=0x00007f251d235aa0 method=java.util.HashMap.getNode(ILjava/lang/Object;)Ljava/util/HashMap$Node; @ 84

Internal exceptions (2 events):
Event: 0,098 Thread 0x00007f252c00c800 Exception <a 'java/lang/NoSuchMethodError': Method sun.misc.Unsafe.defineClass(Ljava/lang/String;[BII)Ljava/lang/Class; name or signature does not match> (0x00000000eab07c78) thrown at [/ssd/Android/AOSP-openjdk/external/jetbrains/jdk/hotspot/src/share/vm
Event: 0,098 Thread 0x00007f252c00c800 Exception <a 'java/lang/NoSuchMethodError': Method sun.misc.Unsafe.prefetchRead(Ljava/lang/Object;J)V name or signature does not match> (0x00000000eab07f60) thrown at [/ssd/Android/AOSP-openjdk/external/jetbrains/jdk/hotspot/src/share/vm/prims/jni.cpp, li

Events (10 events):
Event: 0,608 Thread 0x00007f252c00c800 DEOPT UNPACKING pc=0x00007f251d047373 sp=0x00007f2534ae90e8 mode 0
Event: 0,624 Thread 0x00007f252c00c800 DEOPT PACKING pc=0x00007f251d3224fc sp=0x00007f2534ae93a0
Event: 0,624 Thread 0x00007f252c00c800 DEOPT UNPACKING pc=0x00007f251d047373 sp=0x00007f2534ae90d8 mode 0
Event: 0,632 Thread 0x00007f252c00c800 DEOPT PACKING pc=0x00007f251d325581 sp=0x00007f2534ae9350
Event: 0,632 Thread 0x00007f252c00c800 DEOPT UNPACKING pc=0x00007f251d047373 sp=0x00007f2534ae9068 mode 0
Event: 0,641 Executing VM operation: ParallelGCFailedAllocation
Event: 0,650 Executing VM operation: ParallelGCFailedAllocation done
Event: 0,651 loading class com/android/dex/Dex$1
Event: 0,651 loading class com/android/dex/Dex$1 done
Event: 0,703 Executing VM operation: ParallelGCFailedAllocation


Dynamic libraries:
00400000-00401000 r-xp 00000000 08:08 1189929                            /opt/android-studio/jre/bin/java
00600000-00601000 r--p 00000000 08:08 1189929                            /opt/android-studio/jre/bin/java
00601000-00602000 rw-p 00001000 08:08 1189929                            /opt/android-studio/jre/bin/java
01f3e000-01f5f000 rw-p 00000000 00:00 0                                  [heap]
c0000000-c9a00000 rw-p 00000000 00:00 0 
c9a00000-eab00000 ---p 00000000 00:00 0 
eab00000-ee300000 rw-p 00000000 00:00 0 
f8b00000-100000000 ---p 00000000 00:00 0 
100000000-100080000 rw-p 00000000 00:00 0 
100080000-140000000 ---p 00000000 00:00 0 
7f24b8000000-7f24b8021000 rw-p 00000000 00:00 0 
7f24b8021000-7f24bc000000 ---p 00000000 00:00 0 
7f24c0000000-7f24c035e000 rw-p 00000000 00:00 0 
7f24c035e000-7f24c4000000 ---p 00000000 00:00 0 
7f24c4000000-7f24c4021000 rw-p 00000000 00:00 0 
7f24c4021000-7f24c8000000 ---p 00000000 00:00 0 
7f24c8000000-7f24c8686000 rw-p 00000000 00:00 0 
7f24c8686000-7f24cc000000 ---p 00000000 00:00 0 
7f24cc000000-7f24cc5fa000 rw-p 00000000 00:00 0 
7f24cc5fa000-7f24d0000000 ---p 00000000 00:00 0 
7f24d0000000-7f24d0021000 rw-p 00000000 00:00 0 
7f24d0021000-7f24d4000000 ---p 00000000 00:00 0 
7f24d4000000-7f24d4b7a000 rw-p 00000000 00:00 0 
7f24d4b7a000-7f24d8000000 ---p 00000000 00:00 0 
7f24d8000000-7f24d8021000 rw-p 00000000 00:00 0 
7f24d8021000-7f24dc000000 ---p 00000000 00:00 0 
7f24dc000000-7f24dc021000 rw-p 00000000 00:00 0 
7f24dc021000-7f24e0000000 ---p 00000000 00:00 0 
7f24e0000000-7f24e0021000 rw-p 00000000 00:00 0 
7f24e0021000-7f24e4000000 ---p 00000000 00:00 0 
7f24e4000000-7f24e427f000 rw-p 00000000 00:00 0 
7f24e427f000-7f24e8000000 ---p 00000000 00:00 0 
7f24e8000000-7f24e8021000 rw-p 00000000 00:00 0 
7f24e8021000-7f24ec000000 ---p 00000000 00:00 0 
7f24f0000000-7f24f0021000 rw-p 00000000 00:00 0 
7f24f0021000-7f24f4000000 ---p 00000000 00:00 0 
7f24f8000000-7f24f8021000 rw-p 00000000 00:00 0 
7f24f8021000-7f24fc000000 ---p 00000000 00:00 0 
7f2500000000-7f2500021000 rw-p 00000000 00:00 0 
7f2500021000-7f2504000000 ---p 00000000 00:00 0 
7f2508000000-7f2508021000 rw-p 00000000 00:00 0 
7f2508021000-7f250c000000 ---p 00000000 00:00 0 
7f2510000000-7f2510021000 rw-p 00000000 00:00 0 
7f2510021000-7f2514000000 ---p 00000000 00:00 0 
7f2514710000-7f2514711000 ---p 00000000 00:00 0 
7f2514711000-7f2514811000 rw-p 00000000 00:00 0 
7f2514811000-7f2514814000 ---p 00000000 00:00 0 
7f2514814000-7f2514912000 rw-p 00000000 00:00 0 
7f2514912000-7f2514915000 ---p 00000000 00:00 0 
7f2514915000-7f2514a13000 rw-p 00000000 00:00 0 
7f2514a13000-7f2514a16000 ---p 00000000 00:00 0 
7f2514a16000-7f2514b14000 rw-p 00000000 00:00 0 
7f2514b14000-7f2514b17000 ---p 00000000 00:00 0 
7f2514b17000-7f2514c15000 rw-p 00000000 00:00 0 
7f2514c15000-7f2514c18000 ---p 00000000 00:00 0 
7f2514c18000-7f2514d16000 rw-p 00000000 00:00 0 
7f2514d16000-7f2514d19000 ---p 00000000 00:00 0 
7f2514d19000-7f2514e17000 rw-p 00000000 00:00 0 
7f2514e17000-7f25150f1000 r--p 00000000 08:08 399771                     /usr/lib/locale/locale-archive
7f25150f1000-7f25150f4000 ---p 00000000 00:00 0 
7f25150f4000-7f25151f2000 rw-p 00000000 00:00 0 
7f25151f2000-7f25151f5000 ---p 00000000 00:00 0 
7f25151f5000-7f25152f3000 rw-p 00000000 00:00 0 
7f25152f3000-7f25152f4000 ---p 00000000 00:00 0 
7f25152f4000-7f2518000000 rw-p 00000000 00:00 0 
7f2518000000-7f2518021000 rw-p 00000000 00:00 0 
7f2518021000-7f251c000000 ---p 00000000 00:00 0 
7f251c08e000-7f251d000000 rw-p 00000000 00:00 0 
7f251d000000-7f251d3a0000 rwxp 00000000 00:00 0 
7f251d3a0000-7f252c000000 ---p 00000000 00:00 0 
7f252c000000-7f252c3ce000 rw-p 00000000 00:00 0 
7f252c3ce000-7f2530000000 ---p 00000000 00:00 0 
7f253000a000-7f2530018000 r--s 000e0000 08:08 6300514                    /home/rafael/Android/Sdk/build-tools/25.0.0/lib/dx.jar
7f2530018000-7f25300de000 rw-p 00000000 00:00 0 
7f25300de000-7f25302ad000 r--s 03c1b000 08:08 1731281                    /opt/android-studio/jre/jre/lib/rt.jar
7f25302ad000-7f2530823000 rw-p 00000000 00:00 0 
7f2530823000-7f2530b23000 ---p 00000000 00:00 0 
7f2530b23000-7f2530d23000 rw-p 00000000 00:00 0 
7f2530d23000-7f2530d24000 ---p 00000000 00:00 0 
7f2530d24000-7f2530e24000 rw-p 00000000 00:00 0 
7f2530e24000-7f2530e25000 ---p 00000000 00:00 0 
7f2530e25000-7f2530f25000 rw-p 00000000 00:00 0 
7f2530f25000-7f2530f26000 ---p 00000000 00:00 0 
7f2530f26000-7f2531026000 rw-p 00000000 00:00 0 
7f2531026000-7f2531027000 ---p 00000000 00:00 0 
7f2531027000-7f2531127000 rw-p 00000000 00:00 0 
7f2531127000-7f2531128000 ---p 00000000 00:00 0 
7f2531128000-7f2531228000 rw-p 00000000 00:00 0 
7f2531228000-7f2531229000 ---p 00000000 00:00 0 
7f2531229000-7f2531329000 rw-p 00000000 00:00 0 
7f2531329000-7f253132a000 ---p 00000000 00:00 0 
7f253132a000-7f253142a000 rw-p 00000000 00:00 0 
7f253142a000-7f253142b000 ---p 00000000 00:00 0 
7f253142b000-7f2531578000 rw-p 00000000 00:00 0 
7f2531578000-7f2531681000 ---p 00000000 00:00 0 
7f2531681000-7f25316ce000 rw-p 00000000 00:00 0 
7f25316ce000-7f25317d6000 ---p 00000000 00:00 0 
7f25317d6000-7f25317f3000 rw-p 00000000 00:00 0 
7f25317f3000-7f2531881000 ---p 00000000 00:00 0 
7f2531881000-7f2531891000 rw-p 00000000 00:00 0 
7f2531891000-7f2531c42000 ---p 00000000 00:00 0 
7f2531c42000-7f2531c5c000 r-xp 00000000 08:08 1842259                    /opt/android-studio/jre/jre/lib/amd64/libzip.so
7f2531c5c000-7f2531e5c000 ---p 0001a000 08:08 1842259                    /opt/android-studio/jre/jre/lib/amd64/libzip.so
7f2531e5c000-7f2531e5d000 r--p 0001a000 08:08 1842259                    /opt/android-studio/jre/jre/lib/amd64/libzip.so
7f2531e5d000-7f2531e5e000 rw-p 0001b000 08:08 1842259                    /opt/android-studio/jre/jre/lib/amd64/libzip.so
7f2531e5e000-7f2531e69000 r-xp 00000000 08:08 2885274                    /lib/x86_64-linux-gnu/libnss_files-2.24.so
7f2531e69000-7f2532068000 ---p 0000b000 08:08 2885274                    /lib/x86_64-linux-gnu/libnss_files-2.24.so
7f2532068000-7f2532069000 r--p 0000a000 08:08 2885274                    /lib/x86_64-linux-gnu/libnss_files-2.24.so
7f2532069000-7f253206a000 rw-p 0000b000 08:08 2885274                    /lib/x86_64-linux-gnu/libnss_files-2.24.so
7f253206a000-7f2532070000 rw-p 00000000 00:00 0 
7f2532070000-7f253207b000 r-xp 00000000 08:08 2885276                    /lib/x86_64-linux-gnu/libnss_nis-2.24.so
7f253207b000-7f253227a000 ---p 0000b000 08:08 2885276                    /lib/x86_64-linux-gnu/libnss_nis-2.24.so
7f253227a000-7f253227b000 r--p 0000a000 08:08 2885276                    /lib/x86_64-linux-gnu/libnss_nis-2.24.so
7f253227b000-7f253227c000 rw-p 0000b000 08:08 2885276                    /lib/x86_64-linux-gnu/libnss_nis-2.24.so
7f253227c000-7f2532292000 r-xp 00000000 08:08 2885271                    /lib/x86_64-linux-gnu/libnsl-2.24.so
7f2532292000-7f2532491000 ---p 00016000 08:08 2885271                    /lib/x86_64-linux-gnu/libnsl-2.24.so
7f2532491000-7f2532492000 r--p 00015000 08:08 2885271                    /lib/x86_64-linux-gnu/libnsl-2.24.so
7f2532492000-7f2532493000 rw-p 00016000 08:08 2885271                    /lib/x86_64-linux-gnu/libnsl-2.24.so
7f2532493000-7f2532495000 rw-p 00000000 00:00 0 
7f2532495000-7f253249d000 r-xp 00000000 08:08 2885272                    /lib/x86_64-linux-gnu/libnss_compat-2.24.so
7f253249d000-7f253269c000 ---p 00008000 08:08 2885272                    /lib/x86_64-linux-gnu/libnss_compat-2.24.so
7f253269c000-7f253269d000 r--p 00007000 08:08 2885272                    /lib/x86_64-linux-gnu/libnss_compat-2.24.so
7f253269d000-7f253269e000 rw-p 00008000 08:08 2885272                    /lib/x86_64-linux-gnu/libnss_compat-2.24.so
7f253269e000-7f25326cb000 r-xp 00000000 08:08 1843086                    /opt/android-studio/jre/jre/lib/amd64/libjava.so
7f25326cb000-7f25328ca000 ---p 0002d000 08:08 1843086                    /opt/android-studio/jre/jre/lib/amd64/libjava.so
7f25328ca000-7f25328cb000 r--p 0002c000 08:08 1843086                    /opt/android-studio/jre/jre/lib/amd64/libjava.so
7f25328cb000-7f25328cd000 rw-p 0002d000 08:08 1843086                    /opt/android-studio/jre/jre/lib/amd64/libjava.so
7f25328cd000-7f25328dd000 r-xp 00000000 08:08 1842246                    /opt/android-studio/jre/jre/lib/amd64/libverify.so
7f25328dd000-7f2532adc000 ---p 00010000 08:08 1842246                    /opt/android-studio/jre/jre/lib/amd64/libverify.so
7f2532adc000-7f2532ade000 r--p 0000f000 08:08 1842246                    /opt/android-studio/jre/jre/lib/amd64/libverify.so
7f2532ade000-7f2532adf000 rw-p 00011000 08:08 1842246                    /opt/android-studio/jre/jre/lib/amd64/libverify.so
7f2532adf000-7f2532ae6000 r-xp 00000000 08:08 2885281                    /lib/x86_64-linux-gnu/librt-2.24.so
7f2532ae6000-7f2532ce5000 ---p 00007000 08:08 2885281                    /lib/x86_64-linux-gnu/librt-2.24.so
7f2532ce5000-7f2532ce6000 r--p 00006000 08:08 2885281                    /lib/x86_64-linux-gnu/librt-2.24.so
7f2532ce6000-7f2532ce7000 rw-p 00007000 08:08 2885281                    /lib/x86_64-linux-gnu/librt-2.24.so
7f2532ce7000-7f2532def000 r-xp 00000000 08:08 2885268                    /lib/x86_64-linux-gnu/libm-2.24.so
7f2532def000-7f2532fee000 ---p 00108000 08:08 2885268                    /lib/x86_64-linux-gnu/libm-2.24.so
7f2532fee000-7f2532fef000 r--p 00107000 08:08 2885268                    /lib/x86_64-linux-gnu/libm-2.24.so
7f2532fef000-7f2532ff0000 rw-p 00108000 08:08 2885268                    /lib/x86_64-linux-gnu/libm-2.24.so
7f2532ff0000-7f2533be1000 r-xp 00000000 08:08 1842255                    /opt/android-studio/jre/jre/lib/amd64/server/libjvm.so
7f2533be1000-7f2533de1000 ---p 00bf1000 08:08 1842255                    /opt/android-studio/jre/jre/lib/amd64/server/libjvm.so
7f2533de1000-7f2533e80000 r--p 00bf1000 08:08 1842255                    /opt/android-studio/jre/jre/lib/amd64/server/libjvm.so
7f2533e80000-7f2533ea9000 rw-p 00c90000 08:08 1842255                    /opt/android-studio/jre/jre/lib/amd64/server/libjvm.so
7f2533ea9000-7f2533eed000 rw-p 00000000 00:00 0 
7f2533eed000-7f2533f05000 r-xp 00000000 08:08 2885279                    /lib/x86_64-linux-gnu/libpthread-2.24.so
7f2533f05000-7f2534105000 ---p 00018000 08:08 2885279                    /lib/x86_64-linux-gnu/libpthread-2.24.so
7f2534105000-7f2534106000 r--p 00018000 08:08 2885279                    /lib/x86_64-linux-gnu/libpthread-2.24.so
7f2534106000-7f2534107000 rw-p 00019000 08:08 2885279                    /lib/x86_64-linux-gnu/libpthread-2.24.so
7f2534107000-7f253410b000 rw-p 00000000 00:00 0 
7f253410b000-7f253410e000 r-xp 00000000 08:08 2885267                    /lib/x86_64-linux-gnu/libdl-2.24.so
7f253410e000-7f253430d000 ---p 00003000 08:08 2885267                    /lib/x86_64-linux-gnu/libdl-2.24.so
7f253430d000-7f253430e000 r--p 00002000 08:08 2885267                    /lib/x86_64-linux-gnu/libdl-2.24.so
7f253430e000-7f253430f000 rw-p 00003000 08:08 2885267                    /lib/x86_64-linux-gnu/libdl-2.24.so
7f253430f000-7f25344cc000 r-xp 00000000 08:08 2885264                    /lib/x86_64-linux-gnu/libc-2.24.so
7f25344cc000-7f25346cc000 ---p 001bd000 08:08 2885264                    /lib/x86_64-linux-gnu/libc-2.24.so
7f25346cc000-7f25346d0000 r--p 001bd000 08:08 2885264                    /lib/x86_64-linux-gnu/libc-2.24.so
7f25346d0000-7f25346d2000 rw-p 001c1000 08:08 2885264                    /lib/x86_64-linux-gnu/libc-2.24.so
7f25346d2000-7f25346d6000 rw-p 00000000 00:00 0 
7f25346d6000-7f25346ec000 r-xp 00000000 08:08 1582853                    /opt/android-studio/jre/lib/amd64/jli/libjli.so
7f25346ec000-7f25348eb000 ---p 00016000 08:08 1582853                    /opt/android-studio/jre/lib/amd64/jli/libjli.so
7f25348eb000-7f25348ec000 r--p 00015000 08:08 1582853                    /opt/android-studio/jre/lib/amd64/jli/libjli.so
7f25348ec000-7f25348ed000 rw-p 00016000 08:08 1582853                    /opt/android-studio/jre/lib/amd64/jli/libjli.so
7f25348ed000-7f2534912000 r-xp 00000000 08:08 2883609                    /lib/x86_64-linux-gnu/ld-2.24.so
7f2534919000-7f25349ea000 rw-p 00000000 00:00 0 
7f25349ea000-7f25349ed000 ---p 00000000 00:00 0 
7f25349ed000-7f2534aed000 rw-p 00000000 00:00 0 
7f2534af0000-7f2534b04000 rw-p 00000000 00:00 0 
7f2534b04000-7f2534b0c000 rw-s 00000000 08:08 141022                     /tmp/hsperfdata_rafael/12937
7f2534b0c000-7f2534b0d000 rw-p 00000000 00:00 0 
7f2534b0d000-7f2534b0e000 ---p 00000000 00:00 0 
7f2534b0e000-7f2534b11000 rw-p 00000000 00:00 0 
7f2534b11000-7f2534b12000 r--p 00024000 08:08 2883609                    /lib/x86_64-linux-gnu/ld-2.24.so
7f2534b12000-7f2534b13000 rw-p 00025000 08:08 2883609                    /lib/x86_64-linux-gnu/ld-2.24.so
7f2534b13000-7f2534b14000 rw-p 00000000 00:00 0 
7ffe7cbac000-7ffe7cbce000 rw-p 00000000 00:00 0                          [stack]
7ffe7cbf3000-7ffe7cbf5000 r--p 00000000 00:00 0                          [vvar]
7ffe7cbf5000-7ffe7cbf7000 r-xp 00000000 00:00 0                          [vdso]
ffffffffff600000-ffffffffff601000 r-xp 00000000 00:00 0                  [vsyscall]

VM Arguments:
jvm_args: -Djava.awt.headless=true -Xmx1024M -Dfile.encoding=UTF-8 -Duser.country=US -Duser.language=en -Duser.variant 
java_command: com.android.dx.command.Main --dex --num-threads=4 --output /home/rafael/Documents/AndroidStudioProjects/UFVMaps/app/build/intermediates/transforms/dex/debug/folders/1000/1f/main /home/rafael/Documents/AndroidStudioProjects/UFVMaps/app/build/intermediates/pre-dexed/debug/classes_0a5defe29e160cb0136748a7d7062c1086ec7043.jar /home/rafael/Documents/AndroidStudioProjects/UFVMaps/app/build/intermediates/pre-dexed/debug/classes_a5368036fa426455f3f4ffe1626c703cd45e1ea9.jar /home/rafael/Documents/AndroidStudioProjects/UFVMaps/app/build/intermediates/pre-dexed/debug/classes_4b7cefe795efb8b9f0364f1d84bf206477266023.jar /home/rafael/Documents/AndroidStudioProjects/UFVMaps/app/build/intermediates/pre-dexed/debug/classes_0c9b0efabd27696e1257850708f63fa67e9e0b5b.jar /home/rafael/Documents/AndroidStudioProjects/UFVMaps/app/build/intermediates/pre-dexed/debug/classes_6fcc2db0133f4be7a54524f7d37e346213960916.jar /home/rafael/Documents/AndroidStudioProjects/UFVMaps/app/build/intermediates/pre-dexed/debug/classes_bf4a5cdb2745d3a84432d2bb07a4de966cd88d95.jar /home/rafael/Documents/AndroidStudioProjects/UFVMaps/app/build/intermediates/pre-dexed/debug/debug_7461ba784a66fd9de00a6168d36819b4a6d68f50.jar /home/rafael/Documents/AndroidStudioProjects/UFVMaps/app/build/intermediates/pre-dexed/debug/classes_c863514208e1d047a582f7c7364fafb3f11f0e4c.jar /home/rafael/Documents/AndroidStudioProjects/UFVMaps/app/build/intermediates/pre-dexed/debug/classes_2c2d7f459d28ab65e39c046a1b592b0509320dea.jar /home/rafael/Documents/AndroidStudioProjects/UFVMaps/app/build/intermediates/pre-dexed/debug/classes_c45ff0ec9fe1d38e2038187768547687b6a05aed.jar /home/rafael/Documents/AndroidStudioProjects/UFVMaps/app/build/intermediates/pre-dexed/debug/classes_1bf455be7cef5c34eafeb3d645758f1ad8e9f311.jar /home/rafael/Documents/AndroidStudioProjects/UFVMaps/app/build/intermediates/pre-dexed/debug/classes_715d055b7435f953ccab319077807ffac81f9a33.jar /home/rafael/Documents/AndroidStudioProjects/UFVMaps/app
java_class_path (initial): /home/rafael/Android/Sdk/build-tools/25.0.0/lib/dx.jar
Launcher Type: SUN_STANDARD

Environment Variables:
JAVA_HOME=/usr/lib/jvm/java-8-oracle
PATH=/usr/local/sbin:/usr/local/bin:/usr/sbin:/usr/bin:/sbin:/bin:/usr/games:/usr/local/games:/snap/bin:/usr/lib/jvm/java-8-oracle/bin:/usr/lib/jvm/java-8-oracle/db/bin:/usr/lib/jvm/java-8-oracle/jre/bin
LD_LIBRARY_PATH=/opt/android-studio/bin:
SHELL=/usr/bin/zsh
DISPLAY=:0

Signal Handlers:
SIGSEGV: [libjvm.so+0x9e5150], sa_mask[0]=11111111011111111101111111111110, sa_flags=SA_RESTART|SA_SIGINFO
SIGBUS: [libjvm.so+0x9e5150], sa_mask[0]=11111111011111111101111111111110, sa_flags=SA_RESTART|SA_SIGINFO
SIGFPE: [libjvm.so+0x848450], sa_mask[0]=11111111011111111101111111111110, sa_flags=SA_RESTART|SA_SIGINFO
SIGPIPE: [libjvm.so+0x848450], sa_mask[0]=11111111011111111101111111111110, sa_flags=SA_RESTART|SA_SIGINFO
SIGXFSZ: [libjvm.so+0x848450], sa_mask[0]=11111111011111111101111111111110, sa_flags=SA_RESTART|SA_SIGINFO
SIGILL: [libjvm.so+0x848450], sa_mask[0]=11111111011111111101111111111110, sa_flags=SA_RESTART|SA_SIGINFO
SIGUSR1: SIG_DFL, sa_mask[0]=00000000000000000000000000000000, sa_flags=none
SIGUSR2: [libjvm.so+0x848320], sa_mask[0]=00100000000000000000000000000000, sa_flags=SA_RESTART|SA_SIGINFO
SIGHUP: [libjvm.so+0x848510], sa_mask[0]=11111111011111111101111111111110, sa_flags=SA_RESTART|SA_SIGINFO
SIGINT: [libjvm.so+0x848510], sa_mask[0]=11111111011111111101111111111110, sa_flags=SA_RESTART|SA_SIGINFO
SIGTERM: [libjvm.so+0x848510], sa_mask[0]=11111111011111111101111111111110, sa_flags=SA_RESTART|SA_SIGINFO
SIGQUIT: [libjvm.so+0x848510], sa_mask[0]=11111111011111111101111111111110, sa_flags=SA_RESTART|SA_SIGINFO


---------------  S Y S T E M  ---------------

OS:DISTRIB_ID=Ubuntu
DISTRIB_RELEASE=16.10
DISTRIB_CODENAME=yakkety
DISTRIB_DESCRIPTION="Ubuntu 16.10"

uname:Linux 4.8.0-49-generic #52-Ubuntu SMP Thu Apr 20 09:38:39 UTC 2017 x86_64
libc:glibc 2.24 NPTL 2.24 
rlimit: STACK 8192k, CORE 0k, NPROC 31502, NOFILE 65536, AS infinity
load average:1,12 1,07 0,95

/proc/meminfo:
MemTotal:        8124508 kB
MemFree:          133080 kB
MemAvailable:      71464 kB
Buffers:            1732 kB
Cached:           446528 kB
SwapCached:            0 kB
Active:          7097308 kB
Inactive:         397608 kB
Active(anon):    7047848 kB
Inactive(anon):   349824 kB
Active(file):      49460 kB
Inactive(file):    47784 kB
Unevictable:         136 kB
Mlocked:             136 kB
SwapTotal:             0 kB
SwapFree:              0 kB
Dirty:              1332 kB
Writeback:             0 kB
AnonPages:       7047000 kB
Mapped:           645356 kB
Shmem:            350992 kB
Slab:             122096 kB
SReclaimable:      49316 kB
SUnreclaim:        72780 kB
KernelStack:       13440 kB
PageTables:        57272 kB
NFS_Unstable:          0 kB
Bounce:                0 kB
WritebackTmp:          0 kB
CommitLimit:     4062252 kB
Committed_AS:   11731992 kB
VmallocTotal:   34359738367 kB
VmallocUsed:           0 kB
VmallocChunk:          0 kB
HardwareCorrupted:     0 kB
AnonHugePages:   2340864 kB
ShmemHugePages:        0 kB
ShmemPmdMapped:        0 kB
CmaTotal:              0 kB
CmaFree:               0 kB
HugePages_Total:       0
HugePages_Free:        0
HugePages_Rsvd:        0
HugePages_Surp:        0
Hugepagesize:       2048 kB
DirectMap4k:      933476 kB
DirectMap2M:     7405568 kB
DirectMap1G:     1048576 kB


CPU:total 8 (4 cores per cpu, 2 threads per core) family 6 model 60 stepping 3, cmov, cx8, fxsr, mmx, sse, sse2, sse3, ssse3, sse4.1, sse4.2, popcnt, avx, avx2, aes, clmul, erms, rtm, lzcnt, ht, tsc, tscinvbit, bmi1, bmi2

/proc/cpuinfo:
processor	: 0
vendor_id	: GenuineIntel
cpu family	: 6
model		: 60
model name	: Intel(R) Core(TM) i7-4770 CPU @ 3.40GHz
stepping	: 3
microcode	: 0x9
cpu MHz		: 3400.207
cache size	: 8192 KB
physical id	: 0
siblings	: 8
core id		: 0
cpu cores	: 4
apicid		: 0
initial apicid	: 0
fpu		: yes
fpu_exception	: yes
cpuid level	: 13
wp		: yes
flags		: fpu vme de pse tsc msr pae mce cx8 apic sep mtrr pge mca cmov pat pse36 clflush dts acpi mmx fxsr sse sse2 ss ht tm pbe syscall nx pdpe1gb rdtscp lm constant_tsc arch_perfmon pebs bts rep_good nopl xtopology nonstop_tsc aperfmperf eagerfpu pni pclmulqdq dtes64 monitor ds_cpl vmx smx est tm2 ssse3 sdbg fma cx16 xtpr pdcm pcid sse4_1 sse4_2 x2apic movbe popcnt tsc_deadline_timer aes xsave avx f16c rdrand lahf_lm abm epb tpr_shadow vnmi flexpriority ept vpid fsgsbase tsc_adjust bmi1 hle avx2 smep bmi2 erms invpcid rtm xsaveopt dtherm ida arat pln pts
bugs		:
bogomips	: 6784.69
clflush size	: 64
cache_alignment	: 64
address sizes	: 39 bits physical, 48 bits virtual
power management:

processor	: 1
vendor_id	: GenuineIntel
cpu family	: 6
model		: 60
model name	: Intel(R) Core(TM) i7-4770 CPU @ 3.40GHz
stepping	: 3
microcode	: 0x9
cpu MHz		: 3425.109
cache size	: 8192 KB
physical id	: 0
siblings	: 8
core id		: 1
cpu cores	: 4
apicid		: 2
initial apicid	: 2
fpu		: yes
fpu_exception	: yes
cpuid level	: 13
wp		: yes
flags		: fpu vme de pse tsc msr pae mce cx8 apic sep mtrr pge mca cmov pat pse36 clflush dts acpi mmx fxsr sse sse2 ss ht tm pbe syscall nx pdpe1gb rdtscp lm constant_tsc arch_perfmon pebs bts rep_good nopl xtopology nonstop_tsc aperfmperf eagerfpu pni pclmulqdq dtes64 monitor ds_cpl vmx smx est tm2 ssse3 sdbg fma cx16 xtpr pdcm pcid sse4_1 sse4_2 x2apic movbe popcnt tsc_deadline_timer aes xsave avx f16c rdrand lahf_lm abm epb tpr_shadow vnmi flexpriority ept vpid fsgsbase tsc_adjust bmi1 hle avx2 smep bmi2 erms invpcid rtm xsaveopt dtherm ida arat pln pts
bugs		:
bogomips	: 6784.69
clflush size	: 64
cache_alignment	: 64
address sizes	: 39 bits physical, 48 bits virtual
power management:

processor	: 2
vendor_id	: GenuineIntel
cpu family	: 6
model		: 60
model name	: Intel(R) Core(TM) i7-4770 CPU @ 3.40GHz
stepping	: 3
microcode	: 0x9
cpu MHz		: 3400.207
cache size	: 8192 KB
physical id	: 0
siblings	: 8
core id		: 2
cpu cores	: 4
apicid		: 4
initial apicid	: 4
fpu		: yes
fpu_exception	: yes
cpuid level	: 13
wp		: yes
flags		: fpu vme de pse tsc msr pae mce cx8 apic sep mtrr pge mca cmov pat pse36 clflush dts acpi mmx fxsr sse sse2 ss ht tm pbe syscall nx pdpe1gb rdtscp lm constant_tsc arch_perfmon pebs bts rep_good nopl xtopology nonstop_tsc aperfmperf eagerfpu pni pclmulqdq dtes64 monitor ds_cpl vmx smx est tm2 ssse3 sdbg fma cx16 xtpr pdcm pcid sse4_1 sse4_2 x2apic movbe popcnt tsc_deadline_timer aes xsave avx f16c rdrand lahf_lm abm epb tpr_shadow vnmi flexpriority ept vpid fsgsbase tsc_adjust bmi1 hle avx2 smep bmi2 erms invpcid rtm xsaveopt dtherm ida arat pln pts
bugs		:
bogomips	: 6784.69
clflush size	: 64
cache_alignment	: 64
address sizes	: 39 bits physical, 48 bits virtual
power management:

processor	: 3
vendor_id	: GenuineIntel
cpu family	: 6
model		: 60
model name	: Intel(R) Core(TM) i7-4770 CPU @ 3.40GHz
stepping	: 3
microcode	: 0x9
cpu MHz		: 3400.000
cache size	: 8192 KB
physical id	: 0
siblings	: 8
core id		: 3
cpu cores	: 4
apicid		: 6
initial apicid	: 6
fpu		: yes
fpu_exception	: yes
cpuid level	: 13
wp		: yes
flags		: fpu vme de pse tsc msr pae mce cx8 apic sep mtrr pge mca cmov pat pse36 clflush dts acpi mmx fxsr sse sse2 ss ht tm pbe syscall nx pdpe1gb rdtscp lm constant_tsc arch_perfmon pebs bts rep_good nopl xtopology nonstop_tsc aperfmperf eagerfpu pni pclmulqdq dtes64 monitor ds_cpl vmx smx est tm2 ssse3 sdbg fma cx16 xtpr pdcm pcid sse4_1 sse4_2 x2apic movbe popcnt tsc_deadline_timer aes xsave avx f16c rdrand lahf_lm abm epb tpr_shadow vnmi flexpriority ept vpid fsgsbase tsc_adjust bmi1 hle avx2 smep bmi2 erms invpcid rtm xsaveopt dtherm ida arat pln pts
bugs		:
bogomips	: 6784.69
clflush size	: 64
cache_alignment	: 64
address sizes	: 39 bits physical, 48 bits virtual
power management:

processor	: 4
vendor_id	: GenuineIntel
cpu family	: 6
model		: 60
model name	: Intel(R) Core(TM) i7-4770 CPU @ 3.40GHz
stepping	: 3
microcode	: 0x9
cpu MHz		: 3898.254
cache size	: 8192 KB
physical id	: 0
siblings	: 8
core id		: 0
cpu cores	: 4
apicid		: 1
initial apicid	: 1
fpu		: yes
fpu_exception	: yes
cpuid level	: 13
wp		: yes
flags		: fpu vme de pse tsc msr pae mce cx8 apic sep mtrr pge mca cmov pat pse36 clflush dts acpi mmx fxsr sse sse2 ss ht tm pbe syscall nx pdpe1gb rdtscp lm constant_tsc arch_perfmon pebs bts rep_good nopl xtopology nonstop_tsc aperfmperf eagerfpu pni pclmulqdq dtes64 monitor ds_cpl vmx smx est tm2 ssse3 sdbg fma cx16 xtpr pdcm pcid sse4_1 sse4_2 x2apic movbe popcnt tsc_deadline_timer aes xsave avx f16c rdrand lahf_lm abm epb tpr_shadow vnmi flexpriority ept vpid fsgsbase tsc_adjust bmi1 hle avx2 smep bmi2 erms invpcid rtm xsaveopt dtherm ida arat pln pts
bugs		:
bogomips	: 6784.69
clflush size	: 64
cache_alignment	: 64
address sizes	: 39 bits physical, 48 bits virtual
power management:

processor	: 5
vendor_id	: GenuineIntel
cpu family	: 6
model		: 60
model name	: Intel(R) Core(TM) i7-4770 CPU @ 3.40GHz
stepping	: 3
microcode	: 0x9
cpu MHz		: 3400.622
cache size	: 8192 KB
physical id	: 0
siblings	: 8
core id		: 1
cpu cores	: 4
apicid		: 3
initial apicid	: 3
fpu		: yes
fpu_exception	: yes
cpuid level	: 13
wp		: yes
flags		: fpu vme de pse tsc msr pae mce cx8 apic sep mtrr pge mca cmov pat pse36 clflush dts acpi mmx fxsr sse sse2 ss ht tm pbe syscall nx pdpe1gb rdtscp lm constant_tsc arch_perfmon pebs bts rep_good nopl xtopology nonstop_tsc aperfmperf eagerfpu pni pclmulqdq dtes64 monitor ds_cpl vmx smx est tm2 ssse3 sdbg fma cx16 xtpr pdcm pcid sse4_1 sse4_2 x2apic movbe popcnt tsc_deadline_timer aes xsave avx f16c rdrand lahf_lm abm epb tpr_shadow vnmi flexpriority ept vpid fsgsbase tsc_adjust bmi1 hle avx2 smep bmi2 erms invpcid rtm xsaveopt dtherm ida arat pln pts
bugs		:
bogomips	: 6784.69
clflush size	: 64
cache_alignment	: 64
address sizes	: 39 bits physical, 48 bits virtual
power management:

processor	: 6
vendor_id	: GenuineIntel
cpu family	: 6
model		: 60
model name	: Intel(R) Core(TM) i7-4770 CPU @ 3.40GHz
stepping	: 3
microcode	: 0x9
cpu MHz		: 3400.207
cache size	: 8192 KB
physical id	: 0
siblings	: 8
core id		: 2
cpu cores	: 4
apicid		: 5
initial apicid	: 5
fpu		: yes
fpu_exception	: yes
cpuid level	: 13
wp		: yes
flags		: fpu vme de pse tsc msr pae mce cx8 apic sep mtrr pge mca cmov pat pse36 clflush dts acpi mmx fxsr sse sse2 ss ht tm pbe syscall nx pdpe1gb rdtscp lm constant_tsc arch_perfmon pebs bts rep_good nopl xtopology nonstop_tsc aperfmperf eagerfpu pni pclmulqdq dtes64 monitor ds_cpl vmx smx est tm2 ssse3 sdbg fma cx16 xtpr pdcm pcid sse4_1 sse4_2 x2apic movbe popcnt tsc_deadline_timer aes xsave avx f16c rdrand lahf_lm abm epb tpr_shadow vnmi flexpriority ept vpid fsgsbase tsc_adjust bmi1 hle avx2 smep bmi2 erms invpcid rtm xsaveopt dtherm ida arat pln pts
bugs		:
bogomips	: 6784.69
clflush size	: 64
cache_alignment	: 64
address sizes	: 39 bits physical, 48 bits virtual
power management:

processor	: 7
vendor_id	: GenuineIntel
cpu family	: 6
model		: 60
model name	: Intel(R) Core(TM) i7-4770 CPU @ 3.40GHz
stepping	: 3
microcode	: 0x9
cpu MHz		: 3574.316
cache size	: 8192 KB
physical id	: 0
siblings	: 8
core id		: 3
cpu cores	: 4
apicid		: 7
initial apicid	: 7
fpu		: yes
fpu_exception	: yes
cpuid level	: 13
wp		: yes
flags		: fpu vme de pse tsc msr pae mce cx8 apic sep mtrr pge mca cmov pat pse36 clflush dts acpi mmx fxsr sse sse2 ss ht tm pbe syscall nx pdpe1gb rdtscp lm constant_tsc arch_perfmon pebs bts rep_good nopl xtopology nonstop_tsc aperfmperf eagerfpu pni pclmulqdq dtes64 monitor ds_cpl vmx smx est tm2 ssse3 sdbg fma cx16 xtpr pdcm pcid sse4_1 sse4_2 x2apic movbe popcnt tsc_deadline_timer aes xsave avx f16c rdrand lahf_lm abm epb tpr_shadow vnmi flexpriority ept vpid fsgsbase tsc_adjust bmi1 hle avx2 smep bmi2 erms invpcid rtm xsaveopt dtherm ida arat pln pts
bugs		:
bogomips	: 6784.69
clflush size	: 64
cache_alignment	: 64
address sizes	: 39 bits physical, 48 bits virtual
power management:



Memory: 4k page, physical 8124508k(133080k free), swap 0k(0k free)

vm_info: OpenJDK 64-Bit Server VM (25.112-b06) for linux-amd64 JRE (1.8.0_112-release-b06), built on Dec  6 2016 12:11:18 by "builder" with gcc 4.8.4

time: Fri Apr 28 18:03:52 2017
elapsed time: 0 seconds (0d 0h 0m 0s)

