#
# There is insufficient memory for the Java Runtime Environment to continue.
# Native memory allocation (mmap) failed to map 140509184 bytes for committing reserved memory.
# Possible reasons:
#   The system is out of physical RAM or swap space
#   In 32 bit mode, the process size limit was hit
# Possible solutions:
#   Reduce memory load on the system
#   Increase physical memory or swap space
#   Check if swap backing store is full
#   Use 64 bit Java on a 64 bit OS
#   Decrease Java heap size (-Xmx/-Xms)
#   Decrease number of Java threads
#   Decrease Java thread stack sizes (-Xss)
#   Set larger code cache with -XX:ReservedCodeCacheSize=
# This output file may be truncated or incomplete.
#
#  Out of Memory Error (os_linux.cpp:2627), pid=11410, tid=0x00007f3c867a5700
#
# JRE version: OpenJDK Runtime Environment (8.0_112-b06) (build 1.8.0_112-release-b06)
# Java VM: OpenJDK 64-Bit Server VM (25.112-b06 mixed mode linux-amd64 compressed oops)
# Failed to write core dump. Core dumps have been disabled. To enable core dumping, try "ulimit -c unlimited" before starting Java again
#

---------------  T H R E A D  ---------------

Current thread (0x00007f3ca8082000):  VMThread [stack: 0x00007f3c866a5000,0x00007f3c867a6000] [id=11424]

Stack: [0x00007f3c866a5000,0x00007f3c867a6000],  sp=0x00007f3c867a44c0,  free space=1021k
Native frames: (J=compiled Java code, j=interpreted, Vv=VM code, C=native code)
V  [libjvm.so+0x9e465d]  VMError::report_and_die()+0x15d
V  [libjvm.so+0x4b6ada]  report_vm_out_of_memory(char const*, int, unsigned long, VMErrorType, char const*)+0x8a
V  [libjvm.so+0x84c860]  os::pd_commit_memory(char*, unsigned long, unsigned long, bool)+0xf0
V  [libjvm.so+0x84737f]  os::commit_memory(char*, unsigned long, unsigned long, bool)+0x1f
V  [libjvm.so+0x8bd3db]  PSVirtualSpace::expand_by(unsigned long)+0x5b
V  [libjvm.so+0x8be050]  PSYoungGen::resize_generation(unsigned long, unsigned long)+0xb0
V  [libjvm.so+0x8be36b]  PSYoungGen::resize(unsigned long, unsigned long)+0x1b
V  [libjvm.so+0x8baa5c]  PSScavenge::invoke_no_policy()+0xdac
V  [libjvm.so+0x8bb238]  PSScavenge::invoke()+0x38
V  [libjvm.so+0x86fcf3]  ParallelScavengeHeap::failed_mem_allocate(unsigned long)+0x63
V  [libjvm.so+0x9e6124]  VM_ParallelGCFailedAllocation::doit()+0x84
V  [libjvm.so+0x9ea537]  VM_Operation::evaluate()+0x47
V  [libjvm.so+0x9e8ff8]  VMThread::evaluate_operation(VM_Operation*)+0x2c8
V  [libjvm.so+0x9e9479]  VMThread::loop()+0x219
V  [libjvm.so+0x9e98c2]  VMThread::run()+0x72
V  [libjvm.so+0x849c82]  java_start(Thread*)+0xf2

VM_Operation (0x00007f3cade03180): ParallelGCFailedAllocation, mode: safepoint, requested by thread 0x00007f3ca800c800


---------------  P R O C E S S  ---------------

Java Threads: ( => current thread )
  0x00007f3ca80d7800 JavaThread "Service Thread" daemon [_thread_blocked, id=11432, stack(0x00007f3c85bc3000,0x00007f3c85cc4000)]
  0x00007f3ca80ca800 JavaThread "C1 CompilerThread3" daemon [_thread_blocked, id=11431, stack(0x00007f3c85cc4000,0x00007f3c85dc5000)]
  0x00007f3ca80c8000 JavaThread "C2 CompilerThread2" daemon [_thread_blocked, id=11430, stack(0x00007f3c85dc5000,0x00007f3c85ec6000)]
  0x00007f3ca80c6800 JavaThread "C2 CompilerThread1" daemon [_thread_blocked, id=11429, stack(0x00007f3c85ec6000,0x00007f3c85fc7000)]
  0x00007f3ca80c3800 JavaThread "C2 CompilerThread0" daemon [_thread_blocked, id=11428, stack(0x00007f3c85fc7000,0x00007f3c860c8000)]
  0x00007f3ca80c2000 JavaThread "Signal Dispatcher" daemon [_thread_blocked, id=11427, stack(0x00007f3c860c8000,0x00007f3c861c9000)]
  0x00007f3ca808e800 JavaThread "Finalizer" daemon [_thread_blocked, id=11426, stack(0x00007f3c864a3000,0x00007f3c865a4000)]
  0x00007f3ca8089800 JavaThread "Reference Handler" daemon [_thread_blocked, id=11425, stack(0x00007f3c865a4000,0x00007f3c866a5000)]
  0x00007f3ca800c800 JavaThread "main" [_thread_blocked, id=11415, stack(0x00007f3cadd04000,0x00007f3cade05000)]

Other Threads:
=>0x00007f3ca8082000 VMThread [stack: 0x00007f3c866a5000,0x00007f3c867a6000] [id=11424]
  0x00007f3ca80da000 WatcherThread [stack: 0x00007f3c85ac2000,0x00007f3c85bc3000] [id=11433]

VM state:at safepoint (normal execution)

VM Mutex/Monitor currently owned by a thread:  ([mutex/lock_event])
[0x00007f3ca8008c00] Threads_lock - owner thread: 0x00007f3ca8082000
[0x00007f3ca8009100] Heap_lock - owner thread: 0x00007f3ca800c800

Heap:
 PSYoungGen      total 89088K, used 5089K [0x00000000eab00000, 0x00000000f0700000, 0x0000000100000000)
  eden space 83968K, 0% used [0x00000000eab00000,0x00000000eab00000,0x00000000efd00000)
  from space 5120K, 99% used [0x00000000efd00000,0x00000000f01f8488,0x00000000f0200000)
  to   space 5120K, 0% used [0x00000000f0200000,0x00000000f0200000,0x00000000f0700000)
 ParOldGen       total 142848K, used 28006K [0x00000000c0000000, 0x00000000c8b80000, 0x00000000eab00000)
  object space 142848K, 19% used [0x00000000c0000000,0x00000000c1b59a00,0x00000000c8b80000)
 Metaspace       used 4711K, capacity 5424K, committed 5632K, reserved 1056768K
  class space    used 478K, capacity 488K, committed 512K, reserved 1048576K

Card table byte_map: [0x00007f3c9799a000,0x00007f3c97b9b000] byte_map_base: 0x00007f3c9739a000

Marking Bits: (ParMarkBitMap*) 0x00007f3cad1d8340
 Begin Bits: [0x00007f3c9503c000, 0x00007f3c9603c000)
 End Bits:   [0x00007f3c9603c000, 0x00007f3c9703c000)

Polling page: 0x00007f3cade27000

CodeCache: size=245760Kb used=4249Kb max_used=4249Kb free=241510Kb
 bounds [0x00007f3c97f5b000, 0x00007f3c9838b000, 0x00007f3ca6f5b000]
 total_blobs=1458 nmethods=1185 adapters=188
 compilation: enabled

Compilation events (10 events):
Event: 1,009 Thread 0x00007f3ca80c3800 nmethod 1187 0x00007f3c98378ed0 code [0x00007f3c98379020, 0x00007f3c98379298]
Event: 1,009 Thread 0x00007f3ca80c3800 1197       4       com.android.dx.io.instructions.InstructionCodec$14::decode (53 bytes)
Event: 1,009 Thread 0x00007f3ca80ca800 1199       3       com.android.dx.io.instructions.InstructionCodec$25::decode (7 bytes)
Event: 1,009 Thread 0x00007f3ca80ca800 nmethod 1199 0x00007f3c98332310 code [0x00007f3c98332480, 0x00007f3c98332668]
Event: 1,009 Thread 0x00007f3ca80ca800 1200       3       com.android.dx.io.instructions.InstructionCodec::decodeRegisterList (265 bytes)
Event: 1,010 Thread 0x00007f3ca80c3800 nmethod 1197 0x00007f3c98378910 code [0x00007f3c98378a80, 0x00007f3c98378cb8]
Event: 1,010 Thread 0x00007f3ca80c3800 1198       4       com.android.dx.merge.DexMerger::transformClassDef (160 bytes)
Event: 1,010 Thread 0x00007f3ca80ca800 nmethod 1200 0x00007f3c983853d0 code [0x00007f3c98385700, 0x00007f3c983870b8]
Event: 1,010 Thread 0x00007f3ca80ca800 1201       3       com.android.dx.merge.InstructionTransformer$MethodVisitor::visit (63 bytes)
Event: 1,011 Thread 0x00007f3ca80ca800 nmethod 1201 0x00007f3c98382610 code [0x00007f3c983827e0, 0x00007f3c98382f38]

GC Heap History (10 events):
Event: 0,159 GC heap after
Heap after GC invocations=1 (full 0):
 PSYoungGen      total 36864K, used 5098K [0x00000000eab00000, 0x00000000ef300000, 0x0000000100000000)
  eden space 31744K, 0% used [0x00000000eab00000,0x00000000eab00000,0x00000000eca00000)
  from space 5120K, 99% used [0x00000000eca00000,0x00000000ecefab70,0x00000000ecf00000)
  to   space 5120K, 0% used [0x00000000eee00000,0x00000000eee00000,0x00000000ef300000)
 ParOldGen       total 84992K, used 3680K [0x00000000c0000000, 0x00000000c5300000, 0x00000000eab00000)
  object space 84992K, 4% used [0x00000000c0000000,0x00000000c03982e0,0x00000000c5300000)
 Metaspace       used 3498K, capacity 4720K, committed 4864K, reserved 1056768K
  class space    used 363K, capacity 424K, committed 512K, reserved 1048576K
}
Event: 0,234 GC heap before
{Heap before GC invocations=2 (full 0):
 PSYoungGen      total 36864K, used 36842K [0x00000000eab00000, 0x00000000ef300000, 0x0000000100000000)
  eden space 31744K, 100% used [0x00000000eab00000,0x00000000eca00000,0x00000000eca00000)
  from space 5120K, 99% used [0x00000000eca00000,0x00000000ecefab70,0x00000000ecf00000)
  to   space 5120K, 0% used [0x00000000eee00000,0x00000000eee00000,0x00000000ef300000)
 ParOldGen       total 84992K, used 3680K [0x00000000c0000000, 0x00000000c5300000, 0x00000000eab00000)
  object space 84992K, 4% used [0x00000000c0000000,0x00000000c03982e0,0x00000000c5300000)
 Metaspace       used 3786K, capacity 4944K, committed 5120K, reserved 1056768K
  class space    used 392K, capacity 456K, committed 512K, reserved 1048576K
Event: 0,246 GC heap after
Heap after GC invocations=2 (full 0):
 PSYoungGen      total 68608K, used 5113K [0x00000000eab00000, 0x00000000ef300000, 0x0000000100000000)
  eden space 63488K, 0% used [0x00000000eab00000,0x00000000eab00000,0x00000000ee900000)
  from space 5120K, 99% used [0x00000000eee00000,0x00000000ef2fe780,0x00000000ef300000)
  to   space 5120K, 0% used [0x00000000ee900000,0x00000000ee900000,0x00000000eee00000)
 ParOldGen       total 84992K, used 62569K [0x00000000c0000000, 0x00000000c5300000, 0x00000000eab00000)
  object space 84992K, 73% used [0x00000000c0000000,0x00000000c3d1a7f0,0x00000000c5300000)
 Metaspace       used 3786K, capacity 4944K, committed 5120K, reserved 1056768K
  class space    used 392K, capacity 456K, committed 512K, reserved 1048576K
}
Event: 0,246 GC heap before
{Heap before GC invocations=3 (full 1):
 PSYoungGen      total 68608K, used 5113K [0x00000000eab00000, 0x00000000ef300000, 0x0000000100000000)
  eden space 63488K, 0% used [0x00000000eab00000,0x00000000eab00000,0x00000000ee900000)
  from space 5120K, 99% used [0x00000000eee00000,0x00000000ef2fe780,0x00000000ef300000)
  to   space 5120K, 0% used [0x00000000ee900000,0x00000000ee900000,0x00000000eee00000)
 ParOldGen       total 84992K, used 62569K [0x00000000c0000000, 0x00000000c5300000, 0x00000000eab00000)
  object space 84992K, 73% used [0x00000000c0000000,0x00000000c3d1a7f0,0x00000000c5300000)
 Metaspace       used 3786K, capacity 4944K, committed 5120K, reserved 1056768K
  class space    used 392K, capacity 456K, committed 512K, reserved 1048576K
Event: 0,275 GC heap after
Heap after GC invocations=3 (full 1):
 PSYoungGen      total 68608K, used 0K [0x00000000eab00000, 0x00000000ef300000, 0x0000000100000000)
  eden space 63488K, 0% used [0x00000000eab00000,0x00000000eab00000,0x00000000ee900000)
  from space 5120K, 0% used [0x00000000eee00000,0x00000000eee00000,0x00000000ef300000)
  to   space 5120K, 0% used [0x00000000ee900000,0x00000000ee900000,0x00000000eee00000)
 ParOldGen       total 142848K, used 18899K [0x00000000c0000000, 0x00000000c8b80000, 0x00000000eab00000)
  object space 142848K, 13% used [0x00000000c0000000,0x00000000c1274d10,0x00000000c8b80000)
 Metaspace       used 3786K, capacity 4944K, committed 5120K, reserved 1056768K
  class space    used 392K, capacity 456K, committed 512K, reserved 1048576K
}
Event: 0,533 GC heap before
{Heap before GC invocations=4 (full 1):
 PSYoungGen      total 68608K, used 63488K [0x00000000eab00000, 0x00000000ef300000, 0x0000000100000000)
  eden space 63488K, 100% used [0x00000000eab00000,0x00000000ee900000,0x00000000ee900000)
  from space 5120K, 0% used [0x00000000eee00000,0x00000000eee00000,0x00000000ef300000)
  to   space 5120K, 0% used [0x00000000ee900000,0x00000000ee900000,0x00000000eee00000)
 ParOldGen       total 142848K, used 18899K [0x00000000c0000000, 0x00000000c8b80000, 0x00000000eab00000)
  object space 142848K, 13% used [0x00000000c0000000,0x00000000c1274d10,0x00000000c8b80000)
 Metaspace       used 4355K, capacity 5424K, committed 5632K, reserved 1056768K
  class space    used 444K, capacity 488K, committed 512K, reserved 1048576K
Event: 0,535 GC heap after
Heap after GC invocations=4 (full 1):
 PSYoungGen      total 68608K, used 4286K [0x00000000eab00000, 0x00000000f0700000, 0x0000000100000000)
  eden space 63488K, 0% used [0x00000000eab00000,0x00000000eab00000,0x00000000ee900000)
  from space 5120K, 83% used [0x00000000ee900000,0x00000000eed2fa70,0x00000000eee00000)
  to   space 5120K, 0% used [0x00000000f0200000,0x00000000f0200000,0x00000000f0700000)
 ParOldGen       total 142848K, used 19163K [0x00000000c0000000, 0x00000000c8b80000, 0x00000000eab00000)
  object space 142848K, 13% used [0x00000000c0000000,0x00000000c12b6d28,0x00000000c8b80000)
 Metaspace       used 4355K, capacity 5424K, committed 5632K, reserved 1056768K
  class space    used 444K, capacity 488K, committed 512K, reserved 1048576K
}
Event: 0,609 GC heap before
{Heap before GC invocations=5 (full 1):
 PSYoungGen      total 68608K, used 67774K [0x00000000eab00000, 0x00000000f0700000, 0x0000000100000000)
  eden space 63488K, 100% used [0x00000000eab00000,0x00000000ee900000,0x00000000ee900000)
  from space 5120K, 83% used [0x00000000ee900000,0x00000000eed2fa70,0x00000000eee00000)
  to   space 5120K, 0% used [0x00000000f0200000,0x00000000f0200000,0x00000000f0700000)
 ParOldGen       total 142848K, used 19163K [0x00000000c0000000, 0x00000000c8b80000, 0x00000000eab00000)
  object space 142848K, 13% used [0x00000000c0000000,0x00000000c12b6d28,0x00000000c8b80000)
 Metaspace       used 4377K, capacity 5424K, committed 5632K, reserved 1056768K
  class space    used 445K, capacity 488K, committed 512K, reserved 1048576K
Event: 0,613 GC heap after
Heap after GC invocations=5 (full 1):
 PSYoungGen      total 89088K, used 3742K [0x00000000eab00000, 0x00000000f0700000, 0x0000000100000000)
  eden space 83968K, 0% used [0x00000000eab00000,0x00000000eab00000,0x00000000efd00000)
  from space 5120K, 73% used [0x00000000f0200000,0x00000000f05a7a58,0x00000000f0700000)
  to   space 5120K, 0% used [0x00000000efd00000,0x00000000efd00000,0x00000000f0200000)
 ParOldGen       total 142848K, used 19163K [0x00000000c0000000, 0x00000000c8b80000, 0x00000000eab00000)
  object space 142848K, 13% used [0x00000000c0000000,0x00000000c12b6d28,0x00000000c8b80000)
 Metaspace       used 4377K, capacity 5424K, committed 5632K, reserved 1056768K
  class space    used 445K, capacity 488K, committed 512K, reserved 1048576K
}
Event: 1,014 GC heap before
{Heap before GC invocations=6 (full 1):
 PSYoungGen      total 89088K, used 87710K [0x00000000eab00000, 0x00000000f0700000, 0x0000000100000000)
  eden space 83968K, 100% used [0x00000000eab00000,0x00000000efd00000,0x00000000efd00000)
  from space 5120K, 73% used [0x00000000f0200000,0x00000000f05a7a58,0x00000000f0700000)
  to   space 5120K, 0% used [0x00000000efd00000,0x00000000efd00000,0x00000000f0200000)
 ParOldGen       total 142848K, used 19163K [0x00000000c0000000, 0x00000000c8b80000, 0x00000000eab00000)
  object space 142848K, 13% used [0x00000000c0000000,0x00000000c12b6d28,0x00000000c8b80000)
 Metaspace       used 4711K, capacity 5424K, committed 5632K, reserved 1056768K
  class space    used 478K, capacity 488K, committed 512K, reserved 1048576K

Deoptimization events (10 events):
Event: 0,661 Thread 0x00007f3ca800c800 Uncommon trap: reason=speculate_class_check action=maybe_recompile pc=0x00007f3c98280788 method=java.util.HashMap.putVal(ILjava/lang/Object;Ljava/lang/Object;ZZ)Ljava/lang/Object; @ 152
Event: 0,661 Thread 0x00007f3ca800c800 Uncommon trap: reason=speculate_class_check action=maybe_recompile pc=0x00007f3c98280788 method=java.util.HashMap.putVal(ILjava/lang/Object;Ljava/lang/Object;ZZ)Ljava/lang/Object; @ 152
Event: 0,767 Thread 0x00007f3ca800c800 Uncommon trap: reason=unstable_if action=reinterpret pc=0x00007f3c982d0984 method=java.util.HashMap.resize()[Ljava/util/HashMap$Node; @ 68
Event: 0,768 Thread 0x00007f3ca800c800 Uncommon trap: reason=bimorphic action=maybe_recompile pc=0x00007f3c983034fc method=java.util.HashMap.getNode(ILjava/lang/Object;)Ljava/util/HashMap$Node; @ 126
Event: 0,768 Thread 0x00007f3ca800c800 Uncommon trap: reason=bimorphic action=maybe_recompile pc=0x00007f3c983034fc method=java.util.HashMap.getNode(ILjava/lang/Object;)Ljava/util/HashMap$Node; @ 126
Event: 0,768 Thread 0x00007f3ca800c800 Uncommon trap: reason=bimorphic action=maybe_recompile pc=0x00007f3c983034fc method=java.util.HashMap.getNode(ILjava/lang/Object;)Ljava/util/HashMap$Node; @ 126
Event: 0,768 Thread 0x00007f3ca800c800 Uncommon trap: reason=bimorphic action=maybe_recompile pc=0x00007f3c983034fc method=java.util.HashMap.getNode(ILjava/lang/Object;)Ljava/util/HashMap$Node; @ 126
Event: 0,843 Thread 0x00007f3ca800c800 Uncommon trap: reason=unstable_if action=reinterpret pc=0x00007f3c98198188 method=com.android.dx.merge.DexMerger$IdMerger.readIntoMap(Lcom/android/dex/Dex$Section;Lcom/android/dex/TableOfContents$Section;Lcom/android/dx/merge/IndexMap;ILjava/util/TreeMap;
Event: 0,843 Thread 0x00007f3ca800c800 Uncommon trap: reason=unstable_if action=reinterpret pc=0x00007f3c98115a7c method=com.android.dex.Mutf8.countBytes(Ljava/lang/String;Z)J @ 50
Event: 0,939 Thread 0x00007f3ca800c800 Uncommon trap: reason=unstable_if action=reinterpret pc=0x00007f3c982bb5d4 method=com.android.dex.EncodedValueCodec.writeUnsignedIntegralValue(Lcom/android/dex/util/ByteOutput;IJ)V @ 11

Internal exceptions (3 events):
Event: 0,037 Thread 0x00007f3ca800c800 Exception <a 'java/lang/NoSuchMethodError': Method sun.misc.Unsafe.defineClass(Ljava/lang/String;[BII)Ljava/lang/Class; name or signature does not match> (0x00000000eab07c78) thrown at [/ssd/Android/AOSP-openjdk/external/jetbrains/jdk/hotspot/src/share/vm
Event: 0,037 Thread 0x00007f3ca800c800 Exception <a 'java/lang/NoSuchMethodError': Method sun.misc.Unsafe.prefetchRead(Ljava/lang/Object;J)V name or signature does not match> (0x00000000eab07f60) thrown at [/ssd/Android/AOSP-openjdk/external/jetbrains/jdk/hotspot/src/share/vm/prims/jni.cpp, li
Event: 0,843 Thread 0x00007f3ca800c800 Implicit null exception at 0x00007f3c98197312 to 0x00007f3c98198165

Events (10 events):
Event: 0,958 Thread 0x00007f3ca800c800 DEOPT UNPACKING pc=0x00007f3c97fa2373 sp=0x00007f3cade030d8 mode 0
Event: 0,960 Thread 0x00007f3ca800c800 DEOPT PACKING pc=0x00007f3c98328a81 sp=0x00007f3cade033d0
Event: 0,960 Thread 0x00007f3ca800c800 DEOPT UNPACKING pc=0x00007f3c97fa2373 sp=0x00007f3cade030d8 mode 0
Event: 0,967 Thread 0x00007f3ca800c800 DEOPT PACKING pc=0x00007f3c98328a81 sp=0x00007f3cade033c0
Event: 0,967 Thread 0x00007f3ca800c800 DEOPT UNPACKING pc=0x00007f3c97fa2373 sp=0x00007f3cade030c8 mode 0
Event: 0,972 loading class java/util/Collections$EmptyIterator
Event: 0,973 loading class java/util/Collections$EmptyIterator done
Event: 0,978 Thread 0x00007f3ca800c800 DEOPT PACKING pc=0x00007f3c9820ff0a sp=0x00007f3cade033b0
Event: 0,978 Thread 0x00007f3ca800c800 DEOPT UNPACKING pc=0x00007f3c97fa2373 sp=0x00007f3cade03120 mode 0
Event: 1,014 Executing VM operation: ParallelGCFailedAllocation


Dynamic libraries:
00400000-00401000 r-xp 00000000 08:08 1189929                            /opt/android-studio/jre/bin/java
00600000-00601000 r--p 00000000 08:08 1189929                            /opt/android-studio/jre/bin/java
00601000-00602000 rw-p 00001000 08:08 1189929                            /opt/android-studio/jre/bin/java
00a76000-00a97000 rw-p 00000000 00:00 0                                  [heap]
c0000000-c8b80000 rw-p 00000000 00:00 0 
c8b80000-eab00000 ---p 00000000 00:00 0 
eab00000-f0700000 rw-p 00000000 00:00 0 
f8d00000-100000000 ---p 00000000 00:00 0 
100000000-100080000 rw-p 00000000 00:00 0 
100080000-140000000 ---p 00000000 00:00 0 
7f3c40000000-7f3c40021000 rw-p 00000000 00:00 0 
7f3c40021000-7f3c44000000 ---p 00000000 00:00 0 
7f3c44000000-7f3c44021000 rw-p 00000000 00:00 0 
7f3c44021000-7f3c48000000 ---p 00000000 00:00 0 
7f3c48000000-7f3c49064000 rw-p 00000000 00:00 0 
7f3c49064000-7f3c4c000000 ---p 00000000 00:00 0 
7f3c4c000000-7f3c4c2de000 rw-p 00000000 00:00 0 
7f3c4c2de000-7f3c50000000 ---p 00000000 00:00 0 
7f3c50000000-7f3c50c62000 rw-p 00000000 00:00 0 
7f3c50c62000-7f3c54000000 ---p 00000000 00:00 0 
7f3c54000000-7f3c5521a000 rw-p 00000000 00:00 0 
7f3c5521a000-7f3c58000000 ---p 00000000 00:00 0 
7f3c58000000-7f3c58021000 rw-p 00000000 00:00 0 
7f3c58021000-7f3c5c000000 ---p 00000000 00:00 0 
7f3c5c000000-7f3c5c021000 rw-p 00000000 00:00 0 
7f3c5c021000-7f3c60000000 ---p 00000000 00:00 0 
7f3c60000000-7f3c6027f000 rw-p 00000000 00:00 0 
7f3c6027f000-7f3c64000000 ---p 00000000 00:00 0 
7f3c64000000-7f3c64021000 rw-p 00000000 00:00 0 
7f3c64021000-7f3c68000000 ---p 00000000 00:00 0 
7f3c68000000-7f3c68021000 rw-p 00000000 00:00 0 
7f3c68021000-7f3c6c000000 ---p 00000000 00:00 0 
7f3c6c000000-7f3c6c021000 rw-p 00000000 00:00 0 
7f3c6c021000-7f3c70000000 ---p 00000000 00:00 0 
7f3c70000000-7f3c70021000 rw-p 00000000 00:00 0 
7f3c70021000-7f3c74000000 ---p 00000000 00:00 0 
7f3c78000000-7f3c78021000 rw-p 00000000 00:00 0 
7f3c78021000-7f3c7c000000 ---p 00000000 00:00 0 
7f3c80000000-7f3c80021000 rw-p 00000000 00:00 0 
7f3c80021000-7f3c84000000 ---p 00000000 00:00 0 
7f3c85ab4000-7f3c85ac2000 r--s 000e0000 08:08 6300514                    /home/rafael/Android/Sdk/build-tools/25.0.0/lib/dx.jar
7f3c85ac2000-7f3c85ac3000 ---p 00000000 00:00 0 
7f3c85ac3000-7f3c85bc3000 rw-p 00000000 00:00 0 
7f3c85bc3000-7f3c85bc6000 ---p 00000000 00:00 0 
7f3c85bc6000-7f3c85cc4000 rw-p 00000000 00:00 0 
7f3c85cc4000-7f3c85cc7000 ---p 00000000 00:00 0 
7f3c85cc7000-7f3c85dc5000 rw-p 00000000 00:00 0 
7f3c85dc5000-7f3c85dc8000 ---p 00000000 00:00 0 
7f3c85dc8000-7f3c85ec6000 rw-p 00000000 00:00 0 
7f3c85ec6000-7f3c85ec9000 ---p 00000000 00:00 0 
7f3c85ec9000-7f3c85fc7000 rw-p 00000000 00:00 0 
7f3c85fc7000-7f3c85fca000 ---p 00000000 00:00 0 
7f3c85fca000-7f3c860c8000 rw-p 00000000 00:00 0 
7f3c860c8000-7f3c860cb000 ---p 00000000 00:00 0 
7f3c860cb000-7f3c861c9000 rw-p 00000000 00:00 0 
7f3c861c9000-7f3c864a3000 r--p 00000000 08:08 399771                     /usr/lib/locale/locale-archive
7f3c864a3000-7f3c864a6000 ---p 00000000 00:00 0 
7f3c864a6000-7f3c865a4000 rw-p 00000000 00:00 0 
7f3c865a4000-7f3c865a7000 ---p 00000000 00:00 0 
7f3c865a7000-7f3c866a5000 rw-p 00000000 00:00 0 
7f3c866a5000-7f3c866a6000 ---p 00000000 00:00 0 
7f3c866a6000-7f3c88000000 rw-p 00000000 00:00 0 
7f3c88000000-7f3c88021000 rw-p 00000000 00:00 0 
7f3c88021000-7f3c8c000000 ---p 00000000 00:00 0 
7f3c8c000000-7f3c8c021000 rw-p 00000000 00:00 0 
7f3c8c021000-7f3c90000000 ---p 00000000 00:00 0 
7f3c90000000-7f3c90021000 rw-p 00000000 00:00 0 
7f3c90021000-7f3c94000000 ---p 00000000 00:00 0 
7f3c9400d000-7f3c943f7000 rw-p 00000000 00:00 0 
7f3c943f7000-7f3c945c6000 r--s 03c1b000 08:08 1731281                    /opt/android-studio/jre/jre/lib/rt.jar
7f3c945c6000-7f3c94b3c000 rw-p 00000000 00:00 0 
7f3c94b3c000-7f3c94e3c000 ---p 00000000 00:00 0 
7f3c94e3c000-7f3c9703c000 rw-p 00000000 00:00 0 
7f3c9703c000-7f3c9703d000 ---p 00000000 00:00 0 
7f3c9703d000-7f3c9713d000 rw-p 00000000 00:00 0 
7f3c9713d000-7f3c9713e000 ---p 00000000 00:00 0 
7f3c9713e000-7f3c9723e000 rw-p 00000000 00:00 0 
7f3c9723e000-7f3c9723f000 ---p 00000000 00:00 0 
7f3c9723f000-7f3c9733f000 rw-p 00000000 00:00 0 
7f3c9733f000-7f3c97340000 ---p 00000000 00:00 0 
7f3c97340000-7f3c97440000 rw-p 00000000 00:00 0 
7f3c97440000-7f3c97441000 ---p 00000000 00:00 0 
7f3c97441000-7f3c97541000 rw-p 00000000 00:00 0 
7f3c97541000-7f3c97542000 ---p 00000000 00:00 0 
7f3c97542000-7f3c97642000 rw-p 00000000 00:00 0 
7f3c97642000-7f3c97643000 ---p 00000000 00:00 0 
7f3c97643000-7f3c97743000 rw-p 00000000 00:00 0 
7f3c97743000-7f3c97744000 ---p 00000000 00:00 0 
7f3c97744000-7f3c9788a000 rw-p 00000000 00:00 0 
7f3c9788a000-7f3c9799a000 ---p 00000000 00:00 0 
7f3c9799a000-7f3c979e0000 rw-p 00000000 00:00 0 
7f3c979e0000-7f3c97aef000 ---p 00000000 00:00 0 
7f3c97aef000-7f3c97b1e000 rw-p 00000000 00:00 0 
7f3c97b1e000-7f3c97b9a000 ---p 00000000 00:00 0 
7f3c97b9a000-7f3c97bac000 rw-p 00000000 00:00 0 
7f3c97bac000-7f3c97f5b000 ---p 00000000 00:00 0 
7f3c97f5b000-7f3c9838b000 rwxp 00000000 00:00 0 
7f3c9838b000-7f3ca6f5b000 ---p 00000000 00:00 0 
7f3ca6f5b000-7f3ca6f75000 r-xp 00000000 08:08 1842259                    /opt/android-studio/jre/jre/lib/amd64/libzip.so
7f3ca6f75000-7f3ca7175000 ---p 0001a000 08:08 1842259                    /opt/android-studio/jre/jre/lib/amd64/libzip.so
7f3ca7175000-7f3ca7176000 r--p 0001a000 08:08 1842259                    /opt/android-studio/jre/jre/lib/amd64/libzip.so
7f3ca7176000-7f3ca7177000 rw-p 0001b000 08:08 1842259                    /opt/android-studio/jre/jre/lib/amd64/libzip.so
7f3ca7177000-7f3ca7182000 r-xp 00000000 08:08 2885274                    /lib/x86_64-linux-gnu/libnss_files-2.24.so
7f3ca7182000-7f3ca7381000 ---p 0000b000 08:08 2885274                    /lib/x86_64-linux-gnu/libnss_files-2.24.so
7f3ca7381000-7f3ca7382000 r--p 0000a000 08:08 2885274                    /lib/x86_64-linux-gnu/libnss_files-2.24.so
7f3ca7382000-7f3ca7383000 rw-p 0000b000 08:08 2885274                    /lib/x86_64-linux-gnu/libnss_files-2.24.so
7f3ca7383000-7f3ca7389000 rw-p 00000000 00:00 0 
7f3ca7389000-7f3ca7394000 r-xp 00000000 08:08 2885276                    /lib/x86_64-linux-gnu/libnss_nis-2.24.so
7f3ca7394000-7f3ca7593000 ---p 0000b000 08:08 2885276                    /lib/x86_64-linux-gnu/libnss_nis-2.24.so
7f3ca7593000-7f3ca7594000 r--p 0000a000 08:08 2885276                    /lib/x86_64-linux-gnu/libnss_nis-2.24.so
7f3ca7594000-7f3ca7595000 rw-p 0000b000 08:08 2885276                    /lib/x86_64-linux-gnu/libnss_nis-2.24.so
7f3ca7595000-7f3ca75ab000 r-xp 00000000 08:08 2885271                    /lib/x86_64-linux-gnu/libnsl-2.24.so
7f3ca75ab000-7f3ca77aa000 ---p 00016000 08:08 2885271                    /lib/x86_64-linux-gnu/libnsl-2.24.so
7f3ca77aa000-7f3ca77ab000 r--p 00015000 08:08 2885271                    /lib/x86_64-linux-gnu/libnsl-2.24.so
7f3ca77ab000-7f3ca77ac000 rw-p 00016000 08:08 2885271                    /lib/x86_64-linux-gnu/libnsl-2.24.so
7f3ca77ac000-7f3ca77ae000 rw-p 00000000 00:00 0 
7f3ca77ae000-7f3ca77b6000 r-xp 00000000 08:08 2885272                    /lib/x86_64-linux-gnu/libnss_compat-2.24.so
7f3ca77b6000-7f3ca79b5000 ---p 00008000 08:08 2885272                    /lib/x86_64-linux-gnu/libnss_compat-2.24.so
7f3ca79b5000-7f3ca79b6000 r--p 00007000 08:08 2885272                    /lib/x86_64-linux-gnu/libnss_compat-2.24.so
7f3ca79b6000-7f3ca79b7000 rw-p 00008000 08:08 2885272                    /lib/x86_64-linux-gnu/libnss_compat-2.24.so
7f3ca79b7000-7f3ca79e4000 r-xp 00000000 08:08 1843086                    /opt/android-studio/jre/jre/lib/amd64/libjava.so
7f3ca79e4000-7f3ca7be3000 ---p 0002d000 08:08 1843086                    /opt/android-studio/jre/jre/lib/amd64/libjava.so
7f3ca7be3000-7f3ca7be4000 r--p 0002c000 08:08 1843086                    /opt/android-studio/jre/jre/lib/amd64/libjava.so
7f3ca7be4000-7f3ca7be6000 rw-p 0002d000 08:08 1843086                    /opt/android-studio/jre/jre/lib/amd64/libjava.so
7f3ca7be6000-7f3ca7bf6000 r-xp 00000000 08:08 1842246                    /opt/android-studio/jre/jre/lib/amd64/libverify.so
7f3ca7bf6000-7f3ca7df5000 ---p 00010000 08:08 1842246                    /opt/android-studio/jre/jre/lib/amd64/libverify.so
7f3ca7df5000-7f3ca7df7000 r--p 0000f000 08:08 1842246                    /opt/android-studio/jre/jre/lib/amd64/libverify.so
7f3ca7df7000-7f3ca7df8000 rw-p 00011000 08:08 1842246                    /opt/android-studio/jre/jre/lib/amd64/libverify.so
7f3ca7df8000-7f3ca7dff000 r-xp 00000000 08:08 2885281                    /lib/x86_64-linux-gnu/librt-2.24.so
7f3ca7dff000-7f3ca7ffe000 ---p 00007000 08:08 2885281                    /lib/x86_64-linux-gnu/librt-2.24.so
7f3ca7ffe000-7f3ca7fff000 r--p 00006000 08:08 2885281                    /lib/x86_64-linux-gnu/librt-2.24.so
7f3ca7fff000-7f3ca8000000 rw-p 00007000 08:08 2885281                    /lib/x86_64-linux-gnu/librt-2.24.so
7f3ca8000000-7f3ca840f000 rw-p 00000000 00:00 0 
7f3ca840f000-7f3cac000000 ---p 00000000 00:00 0 
7f3cac001000-7f3cac109000 r-xp 00000000 08:08 2885268                    /lib/x86_64-linux-gnu/libm-2.24.so
7f3cac109000-7f3cac308000 ---p 00108000 08:08 2885268                    /lib/x86_64-linux-gnu/libm-2.24.so
7f3cac308000-7f3cac309000 r--p 00107000 08:08 2885268                    /lib/x86_64-linux-gnu/libm-2.24.so
7f3cac309000-7f3cac30a000 rw-p 00108000 08:08 2885268                    /lib/x86_64-linux-gnu/libm-2.24.so
7f3cac30a000-7f3cacefb000 r-xp 00000000 08:08 1842255                    /opt/android-studio/jre/jre/lib/amd64/server/libjvm.so
7f3cacefb000-7f3cad0fb000 ---p 00bf1000 08:08 1842255                    /opt/android-studio/jre/jre/lib/amd64/server/libjvm.so
7f3cad0fb000-7f3cad19a000 r--p 00bf1000 08:08 1842255                    /opt/android-studio/jre/jre/lib/amd64/server/libjvm.so
7f3cad19a000-7f3cad1c3000 rw-p 00c90000 08:08 1842255                    /opt/android-studio/jre/jre/lib/amd64/server/libjvm.so
7f3cad1c3000-7f3cad207000 rw-p 00000000 00:00 0 
7f3cad207000-7f3cad21f000 r-xp 00000000 08:08 2885279                    /lib/x86_64-linux-gnu/libpthread-2.24.so
7f3cad21f000-7f3cad41f000 ---p 00018000 08:08 2885279                    /lib/x86_64-linux-gnu/libpthread-2.24.so
7f3cad41f000-7f3cad420000 r--p 00018000 08:08 2885279                    /lib/x86_64-linux-gnu/libpthread-2.24.so
7f3cad420000-7f3cad421000 rw-p 00019000 08:08 2885279                    /lib/x86_64-linux-gnu/libpthread-2.24.so
7f3cad421000-7f3cad425000 rw-p 00000000 00:00 0 
7f3cad425000-7f3cad428000 r-xp 00000000 08:08 2885267                    /lib/x86_64-linux-gnu/libdl-2.24.so
7f3cad428000-7f3cad627000 ---p 00003000 08:08 2885267                    /lib/x86_64-linux-gnu/libdl-2.24.so
7f3cad627000-7f3cad628000 r--p 00002000 08:08 2885267                    /lib/x86_64-linux-gnu/libdl-2.24.so
7f3cad628000-7f3cad629000 rw-p 00003000 08:08 2885267                    /lib/x86_64-linux-gnu/libdl-2.24.so
7f3cad629000-7f3cad7e6000 r-xp 00000000 08:08 2885264                    /lib/x86_64-linux-gnu/libc-2.24.so
7f3cad7e6000-7f3cad9e6000 ---p 001bd000 08:08 2885264                    /lib/x86_64-linux-gnu/libc-2.24.so
7f3cad9e6000-7f3cad9ea000 r--p 001bd000 08:08 2885264                    /lib/x86_64-linux-gnu/libc-2.24.so
7f3cad9ea000-7f3cad9ec000 rw-p 001c1000 08:08 2885264                    /lib/x86_64-linux-gnu/libc-2.24.so
7f3cad9ec000-7f3cad9f0000 rw-p 00000000 00:00 0 
7f3cad9f0000-7f3cada06000 r-xp 00000000 08:08 1582853                    /opt/android-studio/jre/lib/amd64/jli/libjli.so
7f3cada06000-7f3cadc05000 ---p 00016000 08:08 1582853                    /opt/android-studio/jre/lib/amd64/jli/libjli.so
7f3cadc05000-7f3cadc06000 r--p 00015000 08:08 1582853                    /opt/android-studio/jre/lib/amd64/jli/libjli.so
7f3cadc06000-7f3cadc07000 rw-p 00016000 08:08 1582853                    /opt/android-studio/jre/lib/amd64/jli/libjli.so
7f3cadc07000-7f3cadc2c000 r-xp 00000000 08:08 2883609                    /lib/x86_64-linux-gnu/ld-2.24.so
7f3cadc2e000-7f3cadc33000 r--s 00098000 08:08 1731276                    /opt/android-studio/jre/jre/lib/jsse.jar
7f3cadc33000-7f3cadd04000 rw-p 00000000 00:00 0 
7f3cadd04000-7f3cadd07000 ---p 00000000 00:00 0 
7f3cadd07000-7f3cade07000 rw-p 00000000 00:00 0 
7f3cade0a000-7f3cade1e000 rw-p 00000000 00:00 0 
7f3cade1e000-7f3cade26000 rw-s 00000000 08:08 140982                     /tmp/hsperfdata_rafael/11410
7f3cade26000-7f3cade27000 rw-p 00000000 00:00 0 
7f3cade27000-7f3cade28000 ---p 00000000 00:00 0 
7f3cade28000-7f3cade2b000 rw-p 00000000 00:00 0 
7f3cade2b000-7f3cade2c000 r--p 00024000 08:08 2883609                    /lib/x86_64-linux-gnu/ld-2.24.so
7f3cade2c000-7f3cade2d000 rw-p 00025000 08:08 2883609                    /lib/x86_64-linux-gnu/ld-2.24.so
7f3cade2d000-7f3cade2e000 rw-p 00000000 00:00 0 
7ffee462d000-7ffee464f000 rw-p 00000000 00:00 0                          [stack]
7ffee467e000-7ffee4680000 r--p 00000000 00:00 0                          [vvar]
7ffee4680000-7ffee4682000 r-xp 00000000 00:00 0                          [vdso]
ffffffffff600000-ffffffffff601000 r-xp 00000000 00:00 0                  [vsyscall]

VM Arguments:
jvm_args: -Djava.awt.headless=true -Xmx1024M -Dfile.encoding=UTF-8 -Duser.country=US -Duser.language=en -Duser.variant 
java_command: com.android.dx.command.Main --dex --num-threads=4 --output /home/rafael/Documents/AndroidStudioProjects/UFVMaps/app/build/intermediates/transforms/dex/debug/folders/1000/1f/main /home/rafael/Documents/AndroidStudioProjects/UFVMaps/app/build/intermediates/pre-dexed/debug/classes_0a5defe29e160cb0136748a7d7062c1086ec7043.jar /home/rafael/Documents/AndroidStudioProjects/UFVMaps/app/build/intermediates/pre-dexed/debug/classes_a5368036fa426455f3f4ffe1626c703cd45e1ea9.jar /home/rafael/Documents/AndroidStudioProjects/UFVMaps/app/build/intermediates/pre-dexed/debug/classes_4b7cefe795efb8b9f0364f1d84bf206477266023.jar /home/rafael/Documents/AndroidStudioProjects/UFVMaps/app/build/intermediates/pre-dexed/debug/classes_0c9b0efabd27696e1257850708f63fa67e9e0b5b.jar /home/rafael/Documents/AndroidStudioProjects/UFVMaps/app/build/intermediates/pre-dexed/debug/classes_6fcc2db0133f4be7a54524f7d37e346213960916.jar /home/rafael/Documents/AndroidStudioProjects/UFVMaps/app/build/intermediates/pre-dexed/debug/classes_bf4a5cdb2745d3a84432d2bb07a4de966cd88d95.jar /home/rafael/Documents/AndroidStudioProjects/UFVMaps/app/build/intermediates/pre-dexed/debug/debug_7461ba784a66fd9de00a6168d36819b4a6d68f50.jar /home/rafael/Documents/AndroidStudioProjects/UFVMaps/app/build/intermediates/pre-dexed/debug/classes_c863514208e1d047a582f7c7364fafb3f11f0e4c.jar /home/rafael/Documents/AndroidStudioProjects/UFVMaps/app/build/intermediates/pre-dexed/debug/classes_2c2d7f459d28ab65e39c046a1b592b0509320dea.jar /home/rafael/Documents/AndroidStudioProjects/UFVMaps/app/build/intermediates/pre-dexed/debug/classes_c45ff0ec9fe1d38e2038187768547687b6a05aed.jar /home/rafael/Documents/AndroidStudioProjects/UFVMaps/app/build/intermediates/pre-dexed/debug/classes_1bf455be7cef5c34eafeb3d645758f1ad8e9f311.jar /home/rafael/Documents/AndroidStudioProjects/UFVMaps/app/build/intermediates/pre-dexed/debug/classes_715d055b7435f953ccab319077807ffac81f9a33.jar /home/rafael/Documents/AndroidStudioProjects/UFVMaps/app
java_class_path (initial): /home/rafael/Android/Sdk/build-tools/25.0.0/lib/dx.jar
Launcher Type: SUN_STANDARD

Environment Variables:
JAVA_HOME=/usr/lib/jvm/java-8-oracle
PATH=/usr/local/sbin:/usr/local/bin:/usr/sbin:/usr/bin:/sbin:/bin:/usr/games:/usr/local/games:/snap/bin:/usr/lib/jvm/java-8-oracle/bin:/usr/lib/jvm/java-8-oracle/db/bin:/usr/lib/jvm/java-8-oracle/jre/bin
LD_LIBRARY_PATH=/opt/android-studio/bin:
SHELL=/usr/bin/zsh
DISPLAY=:0

Signal Handlers:
SIGSEGV: [libjvm.so+0x9e5150], sa_mask[0]=11111111011111111101111111111110, sa_flags=SA_RESTART|SA_SIGINFO
SIGBUS: [libjvm.so+0x9e5150], sa_mask[0]=11111111011111111101111111111110, sa_flags=SA_RESTART|SA_SIGINFO
SIGFPE: [libjvm.so+0x848450], sa_mask[0]=11111111011111111101111111111110, sa_flags=SA_RESTART|SA_SIGINFO
SIGPIPE: [libjvm.so+0x848450], sa_mask[0]=11111111011111111101111111111110, sa_flags=SA_RESTART|SA_SIGINFO
SIGXFSZ: [libjvm.so+0x848450], sa_mask[0]=11111111011111111101111111111110, sa_flags=SA_RESTART|SA_SIGINFO
SIGILL: [libjvm.so+0x848450], sa_mask[0]=11111111011111111101111111111110, sa_flags=SA_RESTART|SA_SIGINFO
SIGUSR1: SIG_DFL, sa_mask[0]=00000000000000000000000000000000, sa_flags=none
SIGUSR2: [libjvm.so+0x848320], sa_mask[0]=00100000000000000000000000000000, sa_flags=SA_RESTART|SA_SIGINFO
SIGHUP: [libjvm.so+0x848510], sa_mask[0]=11111111011111111101111111111110, sa_flags=SA_RESTART|SA_SIGINFO
SIGINT: [libjvm.so+0x848510], sa_mask[0]=11111111011111111101111111111110, sa_flags=SA_RESTART|SA_SIGINFO
SIGTERM: [libjvm.so+0x848510], sa_mask[0]=11111111011111111101111111111110, sa_flags=SA_RESTART|SA_SIGINFO
SIGQUIT: [libjvm.so+0x848510], sa_mask[0]=11111111011111111101111111111110, sa_flags=SA_RESTART|SA_SIGINFO


---------------  S Y S T E M  ---------------

OS:DISTRIB_ID=Ubuntu
DISTRIB_RELEASE=16.10
DISTRIB_CODENAME=yakkety
DISTRIB_DESCRIPTION="Ubuntu 16.10"

uname:Linux 4.8.0-49-generic #52-Ubuntu SMP Thu Apr 20 09:38:39 UTC 2017 x86_64
libc:glibc 2.24 NPTL 2.24 
rlimit: STACK 8192k, CORE 0k, NPROC 31502, NOFILE 65536, AS infinity
load average:0,90 0,62 0,66

/proc/meminfo:
MemTotal:        8124508 kB
MemFree:          129008 kB
MemAvailable:      48592 kB
Buffers:            1576 kB
Cached:           421652 kB
SwapCached:            0 kB
Active:          7108432 kB
Inactive:         392816 kB
Active(anon):    7079972 kB
Inactive(anon):   361676 kB
Active(file):      28460 kB
Inactive(file):    31140 kB
Unevictable:         136 kB
Mlocked:             136 kB
SwapTotal:             0 kB
SwapFree:              0 kB
Dirty:               356 kB
Writeback:             0 kB
AnonPages:       7078964 kB
Mapped:           618804 kB
Shmem:            362848 kB
Slab:             121168 kB
SReclaimable:      49364 kB
SUnreclaim:        71804 kB
KernelStack:       13392 kB
PageTables:        57756 kB
NFS_Unstable:          0 kB
Bounce:                0 kB
WritebackTmp:          0 kB
CommitLimit:     4062252 kB
Committed_AS:   12026692 kB
VmallocTotal:   34359738367 kB
VmallocUsed:           0 kB
VmallocChunk:          0 kB
HardwareCorrupted:     0 kB
AnonHugePages:   1849344 kB
ShmemHugePages:        0 kB
ShmemPmdMapped:        0 kB
CmaTotal:              0 kB
CmaFree:               0 kB
HugePages_Total:       0
HugePages_Free:        0
HugePages_Rsvd:        0
HugePages_Surp:        0
Hugepagesize:       2048 kB
DirectMap4k:      851556 kB
DirectMap2M:     7487488 kB
DirectMap1G:     1048576 kB


CPU:total 8 (4 cores per cpu, 2 threads per core) family 6 model 60 stepping 3, cmov, cx8, fxsr, mmx, sse, sse2, sse3, ssse3, sse4.1, sse4.2, popcnt, avx, avx2, aes, clmul, erms, rtm, lzcnt, ht, tsc, tscinvbit, bmi1, bmi2

/proc/cpuinfo:
processor	: 0
vendor_id	: GenuineIntel
cpu family	: 6
model		: 60
model name	: Intel(R) Core(TM) i7-4770 CPU @ 3.40GHz
stepping	: 3
microcode	: 0x9
cpu MHz		: 3378.417
cache size	: 8192 KB
physical id	: 0
siblings	: 8
core id		: 0
cpu cores	: 4
apicid		: 0
initial apicid	: 0
fpu		: yes
fpu_exception	: yes
cpuid level	: 13
wp		: yes
flags		: fpu vme de pse tsc msr pae mce cx8 apic sep mtrr pge mca cmov pat pse36 clflush dts acpi mmx fxsr sse sse2 ss ht tm pbe syscall nx pdpe1gb rdtscp lm constant_tsc arch_perfmon pebs bts rep_good nopl xtopology nonstop_tsc aperfmperf eagerfpu pni pclmulqdq dtes64 monitor ds_cpl vmx smx est tm2 ssse3 sdbg fma cx16 xtpr pdcm pcid sse4_1 sse4_2 x2apic movbe popcnt tsc_deadline_timer aes xsave avx f16c rdrand lahf_lm abm epb tpr_shadow vnmi flexpriority ept vpid fsgsbase tsc_adjust bmi1 hle avx2 smep bmi2 erms invpcid rtm xsaveopt dtherm ida arat pln pts
bugs		:
bogomips	: 6784.69
clflush size	: 64
cache_alignment	: 64
address sizes	: 39 bits physical, 48 bits virtual
power management:

processor	: 1
vendor_id	: GenuineIntel
cpu family	: 6
model		: 60
model name	: Intel(R) Core(TM) i7-4770 CPU @ 3.40GHz
stepping	: 3
microcode	: 0x9
cpu MHz		: 3299.975
cache size	: 8192 KB
physical id	: 0
siblings	: 8
core id		: 1
cpu cores	: 4
apicid		: 2
initial apicid	: 2
fpu		: yes
fpu_exception	: yes
cpuid level	: 13
wp		: yes
flags		: fpu vme de pse tsc msr pae mce cx8 apic sep mtrr pge mca cmov pat pse36 clflush dts acpi mmx fxsr sse sse2 ss ht tm pbe syscall nx pdpe1gb rdtscp lm constant_tsc arch_perfmon pebs bts rep_good nopl xtopology nonstop_tsc aperfmperf eagerfpu pni pclmulqdq dtes64 monitor ds_cpl vmx smx est tm2 ssse3 sdbg fma cx16 xtpr pdcm pcid sse4_1 sse4_2 x2apic movbe popcnt tsc_deadline_timer aes xsave avx f16c rdrand lahf_lm abm epb tpr_shadow vnmi flexpriority ept vpid fsgsbase tsc_adjust bmi1 hle avx2 smep bmi2 erms invpcid rtm xsaveopt dtherm ida arat pln pts
bugs		:
bogomips	: 6784.69
clflush size	: 64
cache_alignment	: 64
address sizes	: 39 bits physical, 48 bits virtual
power management:

processor	: 2
vendor_id	: GenuineIntel
cpu family	: 6
model		: 60
model name	: Intel(R) Core(TM) i7-4770 CPU @ 3.40GHz
stepping	: 3
microcode	: 0x9
cpu MHz		: 3401.037
cache size	: 8192 KB
physical id	: 0
siblings	: 8
core id		: 2
cpu cores	: 4
apicid		: 4
initial apicid	: 4
fpu		: yes
fpu_exception	: yes
cpuid level	: 13
wp		: yes
flags		: fpu vme de pse tsc msr pae mce cx8 apic sep mtrr pge mca cmov pat pse36 clflush dts acpi mmx fxsr sse sse2 ss ht tm pbe syscall nx pdpe1gb rdtscp lm constant_tsc arch_perfmon pebs bts rep_good nopl xtopology nonstop_tsc aperfmperf eagerfpu pni pclmulqdq dtes64 monitor ds_cpl vmx smx est tm2 ssse3 sdbg fma cx16 xtpr pdcm pcid sse4_1 sse4_2 x2apic movbe popcnt tsc_deadline_timer aes xsave avx f16c rdrand lahf_lm abm epb tpr_shadow vnmi flexpriority ept vpid fsgsbase tsc_adjust bmi1 hle avx2 smep bmi2 erms invpcid rtm xsaveopt dtherm ida arat pln pts
bugs		:
bogomips	: 6784.69
clflush size	: 64
cache_alignment	: 64
address sizes	: 39 bits physical, 48 bits virtual
power management:

processor	: 3
vendor_id	: GenuineIntel
cpu family	: 6
model		: 60
model name	: Intel(R) Core(TM) i7-4770 CPU @ 3.40GHz
stepping	: 3
microcode	: 0x9
cpu MHz		: 3387.133
cache size	: 8192 KB
physical id	: 0
siblings	: 8
core id		: 3
cpu cores	: 4
apicid		: 6
initial apicid	: 6
fpu		: yes
fpu_exception	: yes
cpuid level	: 13
wp		: yes
flags		: fpu vme de pse tsc msr pae mce cx8 apic sep mtrr pge mca cmov pat pse36 clflush dts acpi mmx fxsr sse sse2 ss ht tm pbe syscall nx pdpe1gb rdtscp lm constant_tsc arch_perfmon pebs bts rep_good nopl xtopology nonstop_tsc aperfmperf eagerfpu pni pclmulqdq dtes64 monitor ds_cpl vmx smx est tm2 ssse3 sdbg fma cx16 xtpr pdcm pcid sse4_1 sse4_2 x2apic movbe popcnt tsc_deadline_timer aes xsave avx f16c rdrand lahf_lm abm epb tpr_shadow vnmi flexpriority ept vpid fsgsbase tsc_adjust bmi1 hle avx2 smep bmi2 erms invpcid rtm xsaveopt dtherm ida arat pln pts
bugs		:
bogomips	: 6784.69
clflush size	: 64
cache_alignment	: 64
address sizes	: 39 bits physical, 48 bits virtual
power management:

processor	: 4
vendor_id	: GenuineIntel
cpu family	: 6
model		: 60
model name	: Intel(R) Core(TM) i7-4770 CPU @ 3.40GHz
stepping	: 3
microcode	: 0x9
cpu MHz		: 3400.000
cache size	: 8192 KB
physical id	: 0
siblings	: 8
core id		: 0
cpu cores	: 4
apicid		: 1
initial apicid	: 1
fpu		: yes
fpu_exception	: yes
cpuid level	: 13
wp		: yes
flags		: fpu vme de pse tsc msr pae mce cx8 apic sep mtrr pge mca cmov pat pse36 clflush dts acpi mmx fxsr sse sse2 ss ht tm pbe syscall nx pdpe1gb rdtscp lm constant_tsc arch_perfmon pebs bts rep_good nopl xtopology nonstop_tsc aperfmperf eagerfpu pni pclmulqdq dtes64 monitor ds_cpl vmx smx est tm2 ssse3 sdbg fma cx16 xtpr pdcm pcid sse4_1 sse4_2 x2apic movbe popcnt tsc_deadline_timer aes xsave avx f16c rdrand lahf_lm abm epb tpr_shadow vnmi flexpriority ept vpid fsgsbase tsc_adjust bmi1 hle avx2 smep bmi2 erms invpcid rtm xsaveopt dtherm ida arat pln pts
bugs		:
bogomips	: 6784.69
clflush size	: 64
cache_alignment	: 64
address sizes	: 39 bits physical, 48 bits virtual
power management:

processor	: 5
vendor_id	: GenuineIntel
cpu family	: 6
model		: 60
model name	: Intel(R) Core(TM) i7-4770 CPU @ 3.40GHz
stepping	: 3
microcode	: 0x9
cpu MHz		: 3377.380
cache size	: 8192 KB
physical id	: 0
siblings	: 8
core id		: 1
cpu cores	: 4
apicid		: 3
initial apicid	: 3
fpu		: yes
fpu_exception	: yes
cpuid level	: 13
wp		: yes
flags		: fpu vme de pse tsc msr pae mce cx8 apic sep mtrr pge mca cmov pat pse36 clflush dts acpi mmx fxsr sse sse2 ss ht tm pbe syscall nx pdpe1gb rdtscp lm constant_tsc arch_perfmon pebs bts rep_good nopl xtopology nonstop_tsc aperfmperf eagerfpu pni pclmulqdq dtes64 monitor ds_cpl vmx smx est tm2 ssse3 sdbg fma cx16 xtpr pdcm pcid sse4_1 sse4_2 x2apic movbe popcnt tsc_deadline_timer aes xsave avx f16c rdrand lahf_lm abm epb tpr_shadow vnmi flexpriority ept vpid fsgsbase tsc_adjust bmi1 hle avx2 smep bmi2 erms invpcid rtm xsaveopt dtherm ida arat pln pts
bugs		:
bogomips	: 6784.69
clflush size	: 64
cache_alignment	: 64
address sizes	: 39 bits physical, 48 bits virtual
power management:

processor	: 6
vendor_id	: GenuineIntel
cpu family	: 6
model		: 60
model name	: Intel(R) Core(TM) i7-4770 CPU @ 3.40GHz
stepping	: 3
microcode	: 0x9
cpu MHz		: 3312.219
cache size	: 8192 KB
physical id	: 0
siblings	: 8
core id		: 2
cpu cores	: 4
apicid		: 5
initial apicid	: 5
fpu		: yes
fpu_exception	: yes
cpuid level	: 13
wp		: yes
flags		: fpu vme de pse tsc msr pae mce cx8 apic sep mtrr pge mca cmov pat pse36 clflush dts acpi mmx fxsr sse sse2 ss ht tm pbe syscall nx pdpe1gb rdtscp lm constant_tsc arch_perfmon pebs bts rep_good nopl xtopology nonstop_tsc aperfmperf eagerfpu pni pclmulqdq dtes64 monitor ds_cpl vmx smx est tm2 ssse3 sdbg fma cx16 xtpr pdcm pcid sse4_1 sse4_2 x2apic movbe popcnt tsc_deadline_timer aes xsave avx f16c rdrand lahf_lm abm epb tpr_shadow vnmi flexpriority ept vpid fsgsbase tsc_adjust bmi1 hle avx2 smep bmi2 erms invpcid rtm xsaveopt dtherm ida arat pln pts
bugs		:
bogomips	: 6784.69
clflush size	: 64
cache_alignment	: 64
address sizes	: 39 bits physical, 48 bits virtual
power management:

processor	: 7
vendor_id	: GenuineIntel
cpu family	: 6
model		: 60
model name	: Intel(R) Core(TM) i7-4770 CPU @ 3.40GHz
stepping	: 3
microcode	: 0x9
cpu MHz		: 3303.295
cache size	: 8192 KB
physical id	: 0
siblings	: 8
core id		: 3
cpu cores	: 4
apicid		: 7
initial apicid	: 7
fpu		: yes
fpu_exception	: yes
cpuid level	: 13
wp		: yes
flags		: fpu vme de pse tsc msr pae mce cx8 apic sep mtrr pge mca cmov pat pse36 clflush dts acpi mmx fxsr sse sse2 ss ht tm pbe syscall nx pdpe1gb rdtscp lm constant_tsc arch_perfmon pebs bts rep_good nopl xtopology nonstop_tsc aperfmperf eagerfpu pni pclmulqdq dtes64 monitor ds_cpl vmx smx est tm2 ssse3 sdbg fma cx16 xtpr pdcm pcid sse4_1 sse4_2 x2apic movbe popcnt tsc_deadline_timer aes xsave avx f16c rdrand lahf_lm abm epb tpr_shadow vnmi flexpriority ept vpid fsgsbase tsc_adjust bmi1 hle avx2 smep bmi2 erms invpcid rtm xsaveopt dtherm ida arat pln pts
bugs		:
bogomips	: 6784.69
clflush size	: 64
cache_alignment	: 64
address sizes	: 39 bits physical, 48 bits virtual
power management:



Memory: 4k page, physical 8124508k(129008k free), swap 0k(0k free)

vm_info: OpenJDK 64-Bit Server VM (25.112-b06) for linux-amd64 JRE (1.8.0_112-release-b06), built on Dec  6 2016 12:11:18 by "builder" with gcc 4.8.4

time: Fri Apr 28 17:45:43 2017
elapsed time: 1 seconds (0d 0h 0m 1s)

